  INFO root [0x00000624] [2019-09-26 17:36:22,133] - 
  INFO root [0x00000624] [2019-09-26 17:36:22,134] - -----------------------------------------------------------------------------------------


  INFO root [0x00000624] [2019-09-26 17:36:22,135] - Resmgr::initialize: KBE_ROOT=D:/Work/Svr/KBEngine_Bate/
  INFO root [0x00000624] [2019-09-26 17:36:22,135] - Resmgr::initialize: KBE_RES_PATH=D:/Work/Svr/KBEngine_Bate/kbe/res/;D:/Work/Svr/KBEngine_Bate/server_assets/;D:/Work/Svr/KBEngine_Bate/server_assets/scripts/;D:/Work/Svr/KBEngine_Bate/server_assets/res/
  INFO root [0x00000624] [2019-09-26 17:36:22,135] - Resmgr::initialize: KBE_BIN_PATH=D:/Work/Svr/KBEngine_Bate/kbe/bin/server/
  INFO root [0x00000624] [2019-09-26 17:36:22,144] - NetworkInterface::initialize(INTERNAL-TCP): bound to all interfaces with default route interface on 192.168.0.175 ( 192.168.0.175:61689 )
  INFO root [0x00000624] [2019-09-26 17:36:22,144] - NetworkInterface::initialize(INTERNAL-TCP): address 192.168.0.175:61689, SOMAXCONN=511.
  INFO root [0x00000624] [2019-09-26 17:36:22,144] - server-configs:
  INFO root [0x00000624] [2019-09-26 17:36:22,144] - 	gameUpdateHertz : 10
  INFO root [0x00000624] [2019-09-26 17:36:22,144] - 	defaultViewRadius : 80
  INFO root [0x00000624] [2019-09-26 17:36:22,144] - 	defaultViewHysteresisArea : 5
  INFO root [0x00000624] [2019-09-26 17:36:22,144] - 	entryScriptFile : kbemain
  INFO root [0x00000624] [2019-09-26 17:36:22,144] - 	internalTcpAddr : 192.168.0.175:61689
  INFO root [0x00000624] [2019-09-26 17:36:22,145] - 	componentID : 8003
  INFO root [0x00000624] [2019-09-26 17:36:22,247] - Components::findLogger: found logger, addr:192.168.0.175:61641
  INFO root [0x00000624] [2019-09-26 17:36:22,247] - Components::addComponent: reset orderLog, uid=999!
  INFO root [0x00000624] [2019-09-26 17:36:22,247] - Components::addComponent[logger], uid=999, componentID=2001, globalorderid=1, grouporderid=1, totalcount=1
  INFO root [0x00000624] [2019-09-26 17:36:22,251] - ---- cellapp Version: 2.5.7. ScriptVersion: 0.1.0. Pythoncore: 3.7.3. Protocol: C9FCABE153AC3D64A8F240810ADA666D. Config: Debug X86. Built: 14:22:22 Sep 18 2019. AppID: 8003. UID: 999. PID: 5092 ----
  INFO root [0x00000624] [2019-09-26 17:36:22,251] - Server ly_server_programer: Intel(R) Core(TM) i7-8700K CPU @ 3.70GHz with 2097151kB RAM
  INFO root [0x00000624] [2019-09-26 17:36:22,252] - ThreadPool::createThreadPool: creating  threadpool...
  INFO root [0x00000624] [2019-09-26 17:36:22,252] - ThreadPool::createThreadPool: successfully(2), newThreadCount=1, normalMaxThreadCount=2, maxThreadCount=8
  INFO root [0x00000624] [2019-09-26 17:36:22,430] - Script::install(): is successfully, Python=(3.7.3 (default, Sep 18 2019, 14:20:04) [MSC v.1916 32 bit (Intel)])!
  INFO root [0x00000624] [2019-09-26 17:36:22,430] - Script::install(): KBExtra is successfully!
  INFO root [0x00000624] [2019-09-26 17:36:22,480] - TelnetServer server is running on port 50000
  INFO root [0x00000624] [2019-09-26 17:36:22,775] - ---- cellapp is running ----
 DEBUG root [0x00000624] [2019-09-26 17:36:22,775] - Components::process(): Request for the process of identity...
  WARN root [0x00000624] [2019-09-26 17:36:28,968] - Forwarding logs to logger[192.168.0.175:61641/0/0/0]...
 ERROR root [0x00000624] [2019-09-26 17:36:34,165] - Components::removeComponentByChannel: logger : 2001, Abnormal exit(reason=TCPPacketReceiver::processRecv(): error=10054
)! Channel(timestamp=7178091040070, lastReceivedTime=7177971871063, inactivityExceptionPeriod=599499873)
   OFF root [0x00000624] [2019-09-26 17:36:34,167] - The following logs sent to logger failed:
  WARN root [0x00000624] [2019-09-26 17:36:34,167] - ==> [2019-09-26 17:36:34 165] TCPPacketReceiver::processPendingEvents(192.168.0.175:61641): Throwing REASON_GENERAL_NETWORK - WSAECONNRESET
 ERROR root [0x00000624] [2019-09-26 17:36:34,167] - ==> [2019-09-26 17:36:34 166] Components::removeComponentByChannel: logger : 2001, Abnormal exit(reason=TCPPacketReceiver::processRecv(): error=10054
)! Channel(timestamp=7178091040070, lastReceivedTime=7177971871063, inactivityExceptionPeriod=599499873)
  INFO root [0x00000624] [2019-09-26 17:36:34,168] - Components::findComponents: find dbmgr(3)...
  INFO root [0x00005844] [2019-09-26 17:36:37,918] - 
  INFO root [0x00005844] [2019-09-26 17:36:37,918] - -----------------------------------------------------------------------------------------


  INFO root [0x00005844] [2019-09-26 17:36:37,920] - Resmgr::initialize: KBE_ROOT=D:/Work/Svr/KBEngine_Bate/
  INFO root [0x00005844] [2019-09-26 17:36:37,920] - Resmgr::initialize: KBE_RES_PATH=D:/Work/Svr/KBEngine_Bate/kbe/res/;D:/Work/Svr/KBEngine_Bate/server_assets/;D:/Work/Svr/KBEngine_Bate/server_assets/scripts/;D:/Work/Svr/KBEngine_Bate/server_assets/res/
  INFO root [0x00005844] [2019-09-26 17:36:37,920] - Resmgr::initialize: KBE_BIN_PATH=D:/Work/Svr/KBEngine_Bate/kbe/bin/server/
  INFO root [0x00005844] [2019-09-26 17:36:37,931] - NetworkInterface::initialize(INTERNAL-TCP): bound to all interfaces with default route interface on 192.168.0.175 ( 192.168.0.175:61716 )
  INFO root [0x00005844] [2019-09-26 17:36:37,932] - NetworkInterface::initialize(INTERNAL-TCP): address 192.168.0.175:61716, SOMAXCONN=511.
  INFO root [0x00005844] [2019-09-26 17:36:37,932] - server-configs:
  INFO root [0x00005844] [2019-09-26 17:36:37,932] - 	gameUpdateHertz : 10
  INFO root [0x00005844] [2019-09-26 17:36:37,932] - 	defaultViewRadius : 80
  INFO root [0x00005844] [2019-09-26 17:36:37,932] - 	defaultViewHysteresisArea : 5
  INFO root [0x00005844] [2019-09-26 17:36:37,932] - 	entryScriptFile : kbemain
  INFO root [0x00005844] [2019-09-26 17:36:37,932] - 	internalTcpAddr : 192.168.0.175:61716
  INFO root [0x00005844] [2019-09-26 17:36:37,933] - 	componentID : 8003
  INFO root [0x00005844] [2019-09-26 17:36:39,437] - ---- cellapp Version: 2.5.7. ScriptVersion: 0.1.0. Pythoncore: 3.7.3. Protocol: C9FCABE153AC3D64A8F240810ADA666D. Config: Debug X86. Built: 14:22:22 Sep 18 2019. AppID: 8003. UID: 999. PID: 17380 ----
  INFO root [0x00005844] [2019-09-26 17:36:39,438] - Server ly_server_programer: Intel(R) Core(TM) i7-8700K CPU @ 3.70GHz with 2097151kB RAM
  INFO root [0x00005844] [2019-09-26 17:36:39,438] - ThreadPool::createThreadPool: creating  threadpool...
  INFO root [0x00005844] [2019-09-26 17:36:39,438] - ThreadPool::createThreadPool: successfully(2), newThreadCount=1, normalMaxThreadCount=2, maxThreadCount=8
  INFO root [0x00005844] [2019-09-26 17:36:39,625] - Script::install(): is successfully, Python=(3.7.3 (default, Sep 18 2019, 14:20:04) [MSC v.1916 32 bit (Intel)])!
  INFO root [0x00005844] [2019-09-26 17:36:39,625] - Script::install(): KBExtra is successfully!
  INFO root [0x00005844] [2019-09-26 17:36:39,680] - TelnetServer server is running on port 50000
  INFO root [0x00005844] [2019-09-26 17:36:39,995] - ---- cellapp is running ----
 DEBUG root [0x00005844] [2019-09-26 17:36:39,995] - Components::process(): Request for the process of identity...
  WARN root [0x00005844] [2019-09-26 17:36:46,211] - EntityApp::checkTickPeriod: tick took 6215% (6.22 seconds)!
  INFO root [0x00005844] [2019-09-26 17:36:47,221] - Components::findComponents: find logger(1)...
  INFO root [0x00005844] [2019-09-26 17:36:47,298] - Components::findComponents: found logger, addr:192.168.0.175:61715
  INFO root [0x00005844] [2019-09-26 17:36:47,298] - Components::addComponent: reset orderLog, uid=999!
  INFO root [0x00005844] [2019-09-26 17:36:47,298] - Components::addComponent[logger], uid=999, componentID=2001, globalorderid=1, grouporderid=1, totalcount=1
  INFO root [0x00005844] [2019-09-26 17:36:47,299] - Components::findComponents: find dbmgr(2)...
  WARN root [0x00005844] [2019-09-26 17:36:48,408] - Forwarding logs to logger[192.168.0.175:61715/0/0/0]...
 ERROR root [0x00005844] [2019-09-26 17:37:05,184] - Components::removeComponentByChannel: logger : 2001, Abnormal exit(reason=TCPPacketReceiver::processRecv(): error=10054
)! Channel(timestamp=7178401234316, lastReceivedTime=7178222385262, inactivityExceptionPeriod=599500064)
   OFF root [0x00005844] [2019-09-26 17:37:05,186] - The following logs sent to logger failed:
  WARN root [0x00005844] [2019-09-26 17:37:05,186] - ==> [2019-09-26 17:37:05 185] TCPPacketReceiver::processPendingEvents(192.168.0.175:61715): Throwing REASON_GENERAL_NETWORK - WSAECONNRESET
 ERROR root [0x00005844] [2019-09-26 17:37:05,186] - ==> [2019-09-26 17:37:05 185] Components::removeComponentByChannel: logger : 2001, Abnormal exit(reason=TCPPacketReceiver::processRecv(): error=10054
)! Channel(timestamp=7178401234316, lastReceivedTime=7178222385262, inactivityExceptionPeriod=599500064)
  INFO root [0x00002838] [2019-09-26 17:38:05,808] - 
  INFO root [0x00002838] [2019-09-26 17:38:05,808] - -----------------------------------------------------------------------------------------


  INFO root [0x00002838] [2019-09-26 17:38:05,810] - Resmgr::initialize: KBE_ROOT=D:/Work/Svr/KBEngine_Bate/
  INFO root [0x00002838] [2019-09-26 17:38:05,810] - Resmgr::initialize: KBE_RES_PATH=D:/Work/Svr/KBEngine_Bate/kbe/res/;D:/Work/Svr/KBEngine_Bate/server_assets/;D:/Work/Svr/KBEngine_Bate/server_assets/scripts/;D:/Work/Svr/KBEngine_Bate/server_assets/res/
  INFO root [0x00002838] [2019-09-26 17:38:05,810] - Resmgr::initialize: KBE_BIN_PATH=D:/Work/Svr/KBEngine_Bate/kbe/bin/server/
  INFO root [0x00002838] [2019-09-26 17:38:05,822] - NetworkInterface::initialize(INTERNAL-TCP): bound to all interfaces with default route interface on 192.168.0.175 ( 192.168.0.175:61828 )
  INFO root [0x00002838] [2019-09-26 17:38:05,822] - NetworkInterface::initialize(INTERNAL-TCP): address 192.168.0.175:61828, SOMAXCONN=511.
  INFO root [0x00002838] [2019-09-26 17:38:05,822] - server-configs:
  INFO root [0x00002838] [2019-09-26 17:38:05,822] - 	gameUpdateHertz : 10
  INFO root [0x00002838] [2019-09-26 17:38:05,823] - 	defaultViewRadius : 80
  INFO root [0x00002838] [2019-09-26 17:38:05,823] - 	defaultViewHysteresisArea : 5
  INFO root [0x00002838] [2019-09-26 17:38:05,823] - 	entryScriptFile : kbemain
  INFO root [0x00002838] [2019-09-26 17:38:05,823] - 	internalTcpAddr : 192.168.0.175:61828
  INFO root [0x00002838] [2019-09-26 17:38:05,823] - 	componentID : 8003
  WARN root [0x00002838] [2019-09-26 17:38:06,164] - BundleBroadcast::BundleBroadcast: Cannot bind to port 20246, errorno=10048
  INFO root [0x00002838] [2019-09-26 17:38:06,168] - ---- cellapp Version: 2.5.7. ScriptVersion: 0.1.0. Pythoncore: 3.7.3. Protocol: C9FCABE153AC3D64A8F240810ADA666D. Config: Debug X86. Built: 14:22:22 Sep 18 2019. AppID: 8003. UID: 999. PID: 21396 ----
  INFO root [0x00002838] [2019-09-26 17:38:06,168] - Server ly_server_programer: Intel(R) Core(TM) i7-8700K CPU @ 3.70GHz with 2097151kB RAM
  INFO root [0x00002838] [2019-09-26 17:38:06,168] - ThreadPool::createThreadPool: creating  threadpool...
  INFO root [0x00002838] [2019-09-26 17:38:06,169] - ThreadPool::createThreadPool: successfully(2), newThreadCount=1, normalMaxThreadCount=2, maxThreadCount=8
  INFO root [0x00002838] [2019-09-26 17:38:06,354] - Script::install(): is successfully, Python=(3.7.3 (default, Sep 18 2019, 14:20:04) [MSC v.1916 32 bit (Intel)])!
  INFO root [0x00002838] [2019-09-26 17:38:06,354] - Script::install(): KBExtra is successfully!
  INFO root [0x00002838] [2019-09-26 17:38:06,406] - TelnetServer server is running on port 50000
  INFO root [0x00002838] [2019-09-26 17:38:06,704] - ---- cellapp is running ----
 DEBUG root [0x00002838] [2019-09-26 17:38:06,704] - Components::process(): Request for the process of identity...
  WARN root [0x00002838] [2019-09-26 17:38:12,907] - EntityApp::checkTickPeriod: tick took 6202% (6.20 seconds)!
  INFO root [0x00002838] [2019-09-26 17:38:13,912] - Components::findComponents: find logger(1)...
  INFO root [0x00002838] [2019-09-26 17:38:13,916] - Components::findComponents: found logger, addr:192.168.0.175:61834
  INFO root [0x00002838] [2019-09-26 17:38:13,916] - Components::addComponent: reset orderLog, uid=999!
  INFO root [0x00002838] [2019-09-26 17:38:13,916] - Components::addComponent[logger], uid=999, componentID=2001, globalorderid=1, grouporderid=1, totalcount=1
  INFO root [0x00002838] [2019-09-26 17:38:13,917] - Components::findComponents: find dbmgr(2)...
  WARN root [0x00002838] [2019-09-26 17:38:15,019] - Forwarding logs to logger[192.168.0.175:61834/0/0/0]...
 ERROR root [0x00002838] [2019-09-26 17:39:59,615] - Components::removeComponentByChannel: logger : 2001, Abnormal exit(reason=TCPPacketReceiver::processRecv(): error=10054
)! Channel(timestamp=7180145539436, lastReceivedTime=7179910656271, inactivityExceptionPeriod=599500000)
   OFF root [0x00002838] [2019-09-26 17:39:59,626] - The following logs sent to logger failed:
  WARN root [0x00002838] [2019-09-26 17:39:59,626] - ==> [2019-09-26 17:39:59 615] TCPPacketReceiver::processPendingEvents(192.168.0.175:61834): Throwing REASON_GENERAL_NETWORK - WSAECONNRESET
 ERROR root [0x00002838] [2019-09-26 17:39:59,627] - ==> [2019-09-26 17:39:59 616] Components::removeComponentByChannel: logger : 2001, Abnormal exit(reason=TCPPacketReceiver::processRecv(): error=10054
)! Channel(timestamp=7180145539436, lastReceivedTime=7179910656271, inactivityExceptionPeriod=599500000)
  INFO root [0x000060bc] [2019-09-26 17:41:03,940] - 
  INFO root [0x000060bc] [2019-09-26 17:41:03,941] - -----------------------------------------------------------------------------------------


  INFO root [0x000060bc] [2019-09-26 17:41:03,942] - Resmgr::initialize: KBE_ROOT=D:/Work/Svr/KBEngine_Bate/
  INFO root [0x000060bc] [2019-09-26 17:41:03,942] - Resmgr::initialize: KBE_RES_PATH=D:/Work/Svr/KBEngine_Bate/kbe/res/;D:/Work/Svr/KBEngine_Bate/server_assets/;D:/Work/Svr/KBEngine_Bate/server_assets/scripts/;D:/Work/Svr/KBEngine_Bate/server_assets/res/
  INFO root [0x000060bc] [2019-09-26 17:41:03,943] - Resmgr::initialize: KBE_BIN_PATH=D:/Work/Svr/KBEngine_Bate/kbe/bin/server/
  INFO root [0x000060bc] [2019-09-26 17:41:03,958] - NetworkInterface::initialize(INTERNAL-TCP): bound to all interfaces with default route interface on 192.168.0.175 ( 192.168.0.175:62051 )
  INFO root [0x000060bc] [2019-09-26 17:41:03,958] - NetworkInterface::initialize(INTERNAL-TCP): address 192.168.0.175:62051, SOMAXCONN=511.
  INFO root [0x000060bc] [2019-09-26 17:41:03,958] - server-configs:
  INFO root [0x000060bc] [2019-09-26 17:41:03,958] - 	gameUpdateHertz : 10
  INFO root [0x000060bc] [2019-09-26 17:41:03,958] - 	defaultViewRadius : 80
  INFO root [0x000060bc] [2019-09-26 17:41:03,958] - 	defaultViewHysteresisArea : 5
  INFO root [0x000060bc] [2019-09-26 17:41:03,959] - 	entryScriptFile : kbemain
  INFO root [0x000060bc] [2019-09-26 17:41:03,959] - 	internalTcpAddr : 192.168.0.175:62051
  INFO root [0x000060bc] [2019-09-26 17:41:03,959] - 	componentID : 8003
  WARN root [0x000060bc] [2019-09-26 17:41:04,298] - BundleBroadcast::BundleBroadcast: Cannot bind to port 20103, errorno=10048
  INFO root [0x000060bc] [2019-09-26 17:41:04,303] - ---- cellapp Version: 2.5.7. ScriptVersion: 0.1.0. Pythoncore: 3.7.3. Protocol: C9FCABE153AC3D64A8F240810ADA666D. Config: Debug X86. Built: 14:22:22 Sep 18 2019. AppID: 8003. UID: 999. PID: 3880 ----
  INFO root [0x000060bc] [2019-09-26 17:41:04,303] - Server ly_server_programer: Intel(R) Core(TM) i7-8700K CPU @ 3.70GHz with 2097151kB RAM
  INFO root [0x000060bc] [2019-09-26 17:41:04,304] - ThreadPool::createThreadPool: creating  threadpool...
  INFO root [0x000060bc] [2019-09-26 17:41:04,304] - ThreadPool::createThreadPool: successfully(2), newThreadCount=1, normalMaxThreadCount=2, maxThreadCount=8
  INFO root [0x000060bc] [2019-09-26 17:41:04,497] - Script::install(): is successfully, Python=(3.7.3 (default, Sep 18 2019, 14:20:04) [MSC v.1916 32 bit (Intel)])!
  INFO root [0x000060bc] [2019-09-26 17:41:04,497] - Script::install(): KBExtra is successfully!
  INFO root [0x000060bc] [2019-09-26 17:41:04,554] - TelnetServer server is running on port 50000
  INFO root [0x000060bc] [2019-09-26 17:41:04,886] - ---- cellapp is running ----
 DEBUG root [0x000060bc] [2019-09-26 17:41:04,887] - Components::process(): Request for the process of identity...
  WARN root [0x000060bc] [2019-09-26 17:41:11,092] - EntityApp::checkTickPeriod: tick took 6205% (6.20 seconds)!
  INFO root [0x000060bc] [2019-09-26 17:41:12,145] - Components::findComponents: find logger(1)...
  WARN root [0x000060bc] [2019-09-26 17:41:12,485] - BundleBroadcast::BundleBroadcast: Cannot bind to port 20071, errorno=10048
  WARN root [0x000060bc] [2019-09-26 17:41:12,485] - EntityApp::checkTickPeriod: tick took 398% (0.40 seconds)!
  INFO root [0x000060bc] [2019-09-26 17:41:13,486] - Components::findComponents: find logger(2)...
  INFO root [0x000060bc] [2019-09-26 17:41:13,545] - Components::findComponents: found logger, addr:192.168.0.175:62055
  INFO root [0x000060bc] [2019-09-26 17:41:13,545] - Components::addComponent: reset orderLog, uid=999!
  INFO root [0x000060bc] [2019-09-26 17:41:13,545] - Components::addComponent[logger], uid=999, componentID=2001, globalorderid=1, grouporderid=1, totalcount=1
  INFO root [0x000060bc] [2019-09-26 17:41:13,546] - Components::findComponents: find dbmgr(3)...
  WARN root [0x000060bc] [2019-09-26 17:41:14,649] - EntityApp::checkTickPeriod: tick took 1262% (1.26 seconds)!
  WARN root [0x000060bc] [2019-09-26 17:41:14,649] - Forwarding logs to logger[192.168.0.175:62055/0/0/0]...
  INFO root [0x000012ac] [2019-09-26 17:41:21,218] - 
  INFO root [0x000012ac] [2019-09-26 17:41:21,219] - -----------------------------------------------------------------------------------------


  INFO root [0x000012ac] [2019-09-26 17:41:21,220] - Resmgr::initialize: KBE_ROOT=D:/Work/Svr/KBEngine_Bate/
  INFO root [0x000012ac] [2019-09-26 17:41:21,220] - Resmgr::initialize: KBE_RES_PATH=D:/Work/Svr/KBEngine_Bate/kbe/res/;D:/Work/Svr/KBEngine_Bate/server_assets/;D:/Work/Svr/KBEngine_Bate/server_assets/scripts/;D:/Work/Svr/KBEngine_Bate/server_assets/res/
  INFO root [0x000012ac] [2019-09-26 17:41:21,221] - Resmgr::initialize: KBE_BIN_PATH=D:/Work/Svr/KBEngine_Bate/kbe/bin/server/
  INFO root [0x000012ac] [2019-09-26 17:41:21,231] - NetworkInterface::initialize(INTERNAL-TCP): bound to all interfaces with default route interface on 192.168.0.175 ( 192.168.0.175:62089 )
  INFO root [0x000012ac] [2019-09-26 17:41:21,232] - NetworkInterface::initialize(INTERNAL-TCP): address 192.168.0.175:62089, SOMAXCONN=511.
  INFO root [0x000012ac] [2019-09-26 17:41:21,232] - server-configs:
  INFO root [0x000012ac] [2019-09-26 17:41:21,232] - 	gameUpdateHertz : 10
  INFO root [0x000012ac] [2019-09-26 17:41:21,232] - 	defaultViewRadius : 80
  INFO root [0x000012ac] [2019-09-26 17:41:21,232] - 	defaultViewHysteresisArea : 5
  INFO root [0x000012ac] [2019-09-26 17:41:21,232] - 	entryScriptFile : kbemain
  INFO root [0x000012ac] [2019-09-26 17:41:21,232] - 	internalTcpAddr : 192.168.0.175:62089
  INFO root [0x000012ac] [2019-09-26 17:41:21,232] - 	componentID : 8003
  INFO root [0x000012ac] [2019-09-26 17:41:22,735] - ---- cellapp Version: 2.5.7. ScriptVersion: 0.1.0. Pythoncore: 3.7.3. Protocol: C9FCABE153AC3D64A8F240810ADA666D. Config: Debug X86. Built: 14:22:22 Sep 18 2019. AppID: 8003. UID: 999. PID: 29720 ----
  INFO root [0x000012ac] [2019-09-26 17:41:22,736] - Server ly_server_programer: Intel(R) Core(TM) i7-8700K CPU @ 3.70GHz with 2097151kB RAM
  INFO root [0x000012ac] [2019-09-26 17:41:22,736] - ThreadPool::createThreadPool: creating  threadpool...
  INFO root [0x000012ac] [2019-09-26 17:41:22,736] - ThreadPool::createThreadPool: successfully(2), newThreadCount=1, normalMaxThreadCount=2, maxThreadCount=8
  INFO root [0x000012ac] [2019-09-26 17:41:22,914] - Script::install(): is successfully, Python=(3.7.3 (default, Sep 18 2019, 14:20:04) [MSC v.1916 32 bit (Intel)])!
  INFO root [0x000012ac] [2019-09-26 17:41:22,914] - Script::install(): KBExtra is successfully!
  INFO root [0x000012ac] [2019-09-26 17:41:22,960] - TelnetServer server is running on port 50000
  INFO root [0x000012ac] [2019-09-26 17:41:23,243] - ---- cellapp is running ----
 DEBUG root [0x000012ac] [2019-09-26 17:41:23,244] - Components::process(): Request for the process of identity...
  WARN root [0x000012ac] [2019-09-26 17:41:29,428] - EntityApp::checkTickPeriod: tick took 6184% (6.18 seconds)!
  INFO root [0x000012ac] [2019-09-26 17:41:30,444] - Components::findComponents: find logger(1)...
  INFO root [0x000012ac] [2019-09-26 17:41:30,481] - Components::findComponents: found logger, addr:192.168.0.175:62084
  INFO root [0x000012ac] [2019-09-26 17:41:30,481] - Components::addComponent: reset orderLog, uid=999!
  INFO root [0x000012ac] [2019-09-26 17:41:30,482] - Components::addComponent[logger], uid=999, componentID=2001, globalorderid=1, grouporderid=1, totalcount=1
  INFO root [0x000012ac] [2019-09-26 17:41:30,482] - Components::findComponents: find dbmgr(2)...
  WARN root [0x000012ac] [2019-09-26 17:41:31,583] - EntityApp::checkTickPeriod: tick took 1239% (1.24 seconds)!
  WARN root [0x000012ac] [2019-09-26 17:41:31,583] - Forwarding logs to logger[192.168.0.175:62084/0/0/0]...
 ERROR root [0x000012ac] [2019-09-26 17:41:35,822] - Components::removeComponentByChannel: logger : 2001, Abnormal exit(reason=TCPPacketReceiver::processRecv(): error=10054
)! Channel(timestamp=7181107611256, lastReceivedTime=7181054210208, inactivityExceptionPeriod=599500000)
   OFF root [0x000012ac] [2019-09-26 17:41:35,826] - The following logs sent to logger failed:
  WARN root [0x000012ac] [2019-09-26 17:41:35,826] - ==> [2019-09-26 17:41:35 822] TCPPacketReceiver::processPendingEvents(192.168.0.175:62084): Throwing REASON_GENERAL_NETWORK - WSAECONNRESET
 ERROR root [0x000012ac] [2019-09-26 17:41:35,827] - ==> [2019-09-26 17:41:35 823] Components::removeComponentByChannel: logger : 2001, Abnormal exit(reason=TCPPacketReceiver::processRecv(): error=10054
)! Channel(timestamp=7181107611256, lastReceivedTime=7181054210208, inactivityExceptionPeriod=599500000)
  INFO root [0x00002748] [2019-09-26 17:41:38,693] - 
  INFO root [0x00002748] [2019-09-26 17:41:38,694] - -----------------------------------------------------------------------------------------


  INFO root [0x00002748] [2019-09-26 17:41:38,695] - Resmgr::initialize: KBE_ROOT=D:/Work/Svr/KBEngine_Bate/
  INFO root [0x00002748] [2019-09-26 17:41:38,696] - Resmgr::initialize: KBE_RES_PATH=D:/Work/Svr/KBEngine_Bate/kbe/res/;D:/Work/Svr/KBEngine_Bate/server_assets/;D:/Work/Svr/KBEngine_Bate/server_assets/scripts/;D:/Work/Svr/KBEngine_Bate/server_assets/res/
  INFO root [0x00002748] [2019-09-26 17:41:38,696] - Resmgr::initialize: KBE_BIN_PATH=D:/Work/Svr/KBEngine_Bate/kbe/bin/server/
  INFO root [0x00002748] [2019-09-26 17:41:38,709] - NetworkInterface::initialize(INTERNAL-TCP): bound to all interfaces with default route interface on 192.168.0.175 ( 192.168.0.175:62120 )
  INFO root [0x00002748] [2019-09-26 17:41:38,709] - NetworkInterface::initialize(INTERNAL-TCP): address 192.168.0.175:62120, SOMAXCONN=511.
  INFO root [0x00002748] [2019-09-26 17:41:38,709] - server-configs:
  INFO root [0x00002748] [2019-09-26 17:41:38,709] - 	gameUpdateHertz : 10
  INFO root [0x00002748] [2019-09-26 17:41:38,709] - 	defaultViewRadius : 80
  INFO root [0x00002748] [2019-09-26 17:41:38,709] - 	defaultViewHysteresisArea : 5
  INFO root [0x00002748] [2019-09-26 17:41:38,710] - 	entryScriptFile : kbemain
  INFO root [0x00002748] [2019-09-26 17:41:38,710] - 	internalTcpAddr : 192.168.0.175:62120
  INFO root [0x00002748] [2019-09-26 17:41:38,710] - 	componentID : 8003
  WARN root [0x00002748] [2019-09-26 17:41:39,050] - BundleBroadcast::BundleBroadcast: Cannot bind to port 20510, errorno=10048
  INFO root [0x00002748] [2019-09-26 17:41:39,053] - ---- cellapp Version: 2.5.7. ScriptVersion: 0.1.0. Pythoncore: 3.7.3. Protocol: C9FCABE153AC3D64A8F240810ADA666D. Config: Debug X86. Built: 14:22:22 Sep 18 2019. AppID: 8003. UID: 999. PID: 33884 ----
  INFO root [0x00002748] [2019-09-26 17:41:39,054] - Server ly_server_programer: Intel(R) Core(TM) i7-8700K CPU @ 3.70GHz with 2097151kB RAM
  INFO root [0x00002748] [2019-09-26 17:41:39,054] - ThreadPool::createThreadPool: creating  threadpool...
  INFO root [0x00002748] [2019-09-26 17:41:39,054] - ThreadPool::createThreadPool: successfully(2), newThreadCount=1, normalMaxThreadCount=2, maxThreadCount=8
  INFO root [0x00002748] [2019-09-26 17:41:39,244] - Script::install(): is successfully, Python=(3.7.3 (default, Sep 18 2019, 14:20:04) [MSC v.1916 32 bit (Intel)])!
  INFO root [0x00002748] [2019-09-26 17:41:39,244] - Script::install(): KBExtra is successfully!
  INFO root [0x00002748] [2019-09-26 17:41:39,304] - TelnetServer server is running on port 50000
  INFO root [0x00002748] [2019-09-26 17:41:39,637] - ---- cellapp is running ----
 DEBUG root [0x00002748] [2019-09-26 17:41:39,637] - Components::process(): Request for the process of identity...
  WARN root [0x00002748] [2019-09-26 17:41:45,836] - EntityApp::checkTickPeriod: tick took 6198% (6.20 seconds)!
  INFO root [0x00002748] [2019-09-26 17:41:46,898] - Components::findComponents: find logger(1)...
  WARN root [0x00002748] [2019-09-26 17:41:47,237] - BundleBroadcast::BundleBroadcast: Cannot bind to port 20245, errorno=10048
  WARN root [0x00002748] [2019-09-26 17:41:47,237] - EntityApp::checkTickPeriod: tick took 399% (0.40 seconds)!
  INFO root [0x00002748] [2019-09-26 17:41:48,238] - Components::findComponents: find logger(2)...
  INFO root [0x00002748] [2019-09-26 17:41:48,330] - Components::findComponents: found logger, addr:192.168.0.175:62123
  INFO root [0x00002748] [2019-09-26 17:41:48,330] - Components::addComponent: reset orderLog, uid=999!
  INFO root [0x00002748] [2019-09-26 17:41:48,331] - Components::addComponent[logger], uid=999, componentID=2001, globalorderid=1, grouporderid=1, totalcount=1
  INFO root [0x00002748] [2019-09-26 17:41:48,331] - Components::findComponents: find dbmgr(3)...
  WARN root [0x00002748] [2019-09-26 17:41:49,433] - EntityApp::checkTickPeriod: tick took 1294% (1.29 seconds)!
  WARN root [0x00002748] [2019-09-26 17:41:49,434] - Forwarding logs to logger[192.168.0.175:62123/0/0/0]...
 ERROR root [0x00002748] [2019-09-26 17:43:36,042] - Components::removeComponentByChannel: logger : 2001, Abnormal exit(reason=TCPPacketReceiver::processRecv(): error=10054
)! Channel(timestamp=7182309809215, lastReceivedTime=7182036476852, inactivityExceptionPeriod=599500000)
   OFF root [0x00002748] [2019-09-26 17:43:36,050] - The following logs sent to logger failed:
  WARN root [0x00002748] [2019-09-26 17:43:36,050] - ==> [2019-09-26 17:43:36 042] TCPPacketReceiver::processPendingEvents(192.168.0.175:62123): Throwing REASON_GENERAL_NETWORK - WSAECONNRESET
 ERROR root [0x00002748] [2019-09-26 17:43:36,050] - ==> [2019-09-26 17:43:36 043] Components::removeComponentByChannel: logger : 2001, Abnormal exit(reason=TCPPacketReceiver::processRecv(): error=10054
)! Channel(timestamp=7182309809215, lastReceivedTime=7182036476852, inactivityExceptionPeriod=599500000)
  INFO root [0x00003e50] [2019-09-26 17:43:48,057] - 
  INFO root [0x00003e50] [2019-09-26 17:43:48,057] - -----------------------------------------------------------------------------------------


  INFO root [0x00003e50] [2019-09-26 17:43:48,059] - Resmgr::initialize: KBE_ROOT=D:/Work/Svr/KBEngine_Bate/
  INFO root [0x00003e50] [2019-09-26 17:43:48,059] - Resmgr::initialize: KBE_RES_PATH=D:/Work/Svr/KBEngine_Bate/kbe/res/;D:/Work/Svr/KBEngine_Bate/server_assets/;D:/Work/Svr/KBEngine_Bate/server_assets/scripts/;D:/Work/Svr/KBEngine_Bate/server_assets/res/
  INFO root [0x00003e50] [2019-09-26 17:43:48,059] - Resmgr::initialize: KBE_BIN_PATH=D:/Work/Svr/KBEngine_Bate/kbe/bin/server/
  INFO root [0x00003e50] [2019-09-26 17:43:48,075] - NetworkInterface::initialize(INTERNAL-TCP): bound to all interfaces with default route interface on 192.168.0.175 ( 192.168.0.175:62340 )
  INFO root [0x00003e50] [2019-09-26 17:43:48,075] - NetworkInterface::initialize(INTERNAL-TCP): address 192.168.0.175:62340, SOMAXCONN=511.
  INFO root [0x00003e50] [2019-09-26 17:43:48,075] - server-configs:
  INFO root [0x00003e50] [2019-09-26 17:43:48,076] - 	gameUpdateHertz : 10
  INFO root [0x00003e50] [2019-09-26 17:43:48,076] - 	defaultViewRadius : 80
  INFO root [0x00003e50] [2019-09-26 17:43:48,076] - 	defaultViewHysteresisArea : 5
  INFO root [0x00003e50] [2019-09-26 17:43:48,076] - 	entryScriptFile : kbemain
  INFO root [0x00003e50] [2019-09-26 17:43:48,076] - 	internalTcpAddr : 192.168.0.175:62340
  INFO root [0x00003e50] [2019-09-26 17:43:48,076] - 	componentID : 8003
  INFO root [0x00003e50] [2019-09-26 17:43:49,583] - ---- cellapp Version: 2.5.7. ScriptVersion: 0.1.0. Pythoncore: 3.7.3. Protocol: C9FCABE153AC3D64A8F240810ADA666D. Config: Debug X86. Built: 14:22:22 Sep 18 2019. AppID: 8003. UID: 999. PID: 12760 ----
  INFO root [0x00003e50] [2019-09-26 17:43:49,584] - Server ly_server_programer: Intel(R) Core(TM) i7-8700K CPU @ 3.70GHz with 2097151kB RAM
  INFO root [0x00003e50] [2019-09-26 17:43:49,584] - ThreadPool::createThreadPool: creating  threadpool...
  INFO root [0x00003e50] [2019-09-26 17:43:49,584] - ThreadPool::createThreadPool: successfully(2), newThreadCount=1, normalMaxThreadCount=2, maxThreadCount=8
  INFO root [0x00003e50] [2019-09-26 17:43:49,770] - Script::install(): is successfully, Python=(3.7.3 (default, Sep 18 2019, 14:20:04) [MSC v.1916 32 bit (Intel)])!
  INFO root [0x00003e50] [2019-09-26 17:43:49,770] - Script::install(): KBExtra is successfully!
  INFO root [0x00003e50] [2019-09-26 17:43:49,819] - TelnetServer server is running on port 50000
  INFO root [0x00003e50] [2019-09-26 17:43:50,133] - ---- cellapp is running ----
 DEBUG root [0x00003e50] [2019-09-26 17:43:50,133] - Components::process(): Request for the process of identity...
  WARN root [0x00003e50] [2019-09-26 17:43:56,343] - EntityApp::checkTickPeriod: tick took 6209% (6.21 seconds)!
  INFO root [0x00003e50] [2019-09-26 17:43:57,361] - Components::findComponents: find logger(1)...
  INFO root [0x00003e50] [2019-09-26 17:43:57,428] - Components::findComponents: found logger, addr:192.168.0.175:62339
  INFO root [0x00003e50] [2019-09-26 17:43:57,428] - Components::addComponent: reset orderLog, uid=999!
  INFO root [0x00003e50] [2019-09-26 17:43:57,428] - Components::addComponent[logger], uid=999, componentID=2001, globalorderid=1, grouporderid=1, totalcount=1
  INFO root [0x00003e50] [2019-09-26 17:43:57,429] - Components::findComponents: find dbmgr(2)...
  WARN root [0x00003e50] [2019-09-26 17:43:58,532] - Forwarding logs to logger[192.168.0.175:62339/0/0/0]...
 ERROR root [0x00003e50] [2019-09-26 17:44:02,288] - Components::removeComponentByChannel: logger : 2001, Abnormal exit(reason=TCPPacketReceiver::processRecv(): error=10054
)! Channel(timestamp=7182572272290, lastReceivedTime=7182523682303, inactivityExceptionPeriod=599500064)
   OFF root [0x00003e50] [2019-09-26 17:44:02,290] - The following logs sent to logger failed:
  WARN root [0x00003e50] [2019-09-26 17:44:02,290] - ==> [2019-09-26 17:44:02 288] TCPPacketReceiver::processPendingEvents(192.168.0.175:62339): Throwing REASON_GENERAL_NETWORK - WSAECONNRESET
 ERROR root [0x00003e50] [2019-09-26 17:44:02,291] - ==> [2019-09-26 17:44:02 289] Components::removeComponentByChannel: logger : 2001, Abnormal exit(reason=TCPPacketReceiver::processRecv(): error=10054
)! Channel(timestamp=7182572272290, lastReceivedTime=7182523682303, inactivityExceptionPeriod=599500064)
