  INFO root [0x00002764] [2019-09-20 09:26:54,027] - 
  INFO root [0x00002764] [2019-09-20 09:26:54,027] - -----------------------------------------------------------------------------------------


  INFO root [0x00002764] [2019-09-20 09:26:54,029] - Resmgr::initialize: KBE_ROOT=D:/Work/Svr/KBEngine_Bate/
  INFO root [0x00002764] [2019-09-20 09:26:54,029] - Resmgr::initialize: KBE_RES_PATH=D:/Work/Svr/KBEngine_Bate/kbe/res/;D:/Work/Svr/KBEngine_Bate/server_assets/;D:/Work/Svr/KBEngine_Bate/server_assets/scripts/;D:/Work/Svr/KBEngine_Bate/server_assets/res/
  INFO root [0x00002764] [2019-09-20 09:26:54,029] - Resmgr::initialize: KBE_BIN_PATH=D:/Work/Svr/KBEngine_Bate/kbe/bin/server/
  INFO root [0x00002764] [2019-09-20 09:26:54,046] - NetworkInterface::initialize(INTERNAL-TCP): bound to all interfaces with default route interface on 192.168.0.175 ( 192.168.0.175:55570 )
  INFO root [0x00002764] [2019-09-20 09:26:54,046] - NetworkInterface::initialize(INTERNAL-TCP): address 192.168.0.175:55570, SOMAXCONN=511.
  INFO root [0x00002764] [2019-09-20 09:26:54,046] - server-configs:
  INFO root [0x00002764] [2019-09-20 09:26:54,046] - 	gameUpdateHertz : 10
  INFO root [0x00002764] [2019-09-20 09:26:54,046] - 	defaultViewRadius : 80
  INFO root [0x00002764] [2019-09-20 09:26:54,047] - 	defaultViewHysteresisArea : 5
  INFO root [0x00002764] [2019-09-20 09:26:54,047] - 	entryScriptFile : kbemain
  INFO root [0x00002764] [2019-09-20 09:26:54,047] - 	internalTcpAddr : 192.168.0.175:55570
  INFO root [0x00002764] [2019-09-20 09:26:54,047] - 	componentID : 8003
  INFO root [0x00002764] [2019-09-20 09:26:55,553] - ---- cellapp Version: 2.5.7. ScriptVersion: 0.1.0. Pythoncore: 3.7.3. Protocol: C9FCABE153AC3D64A8F240810ADA666D. Config: Debug X86. Built: 14:22:22 Sep 18 2019. AppID: 8003. UID: 999. PID: 25376 ----
  INFO root [0x00002764] [2019-09-20 09:26:55,554] - Server ly_server_programer: Intel(R) Core(TM) i7-8700K CPU @ 3.70GHz with 2097151kB RAM
  INFO root [0x00002764] [2019-09-20 09:26:55,554] - ThreadPool::createThreadPool: creating  threadpool...
  INFO root [0x00002764] [2019-09-20 09:26:55,555] - ThreadPool::createThreadPool: successfully(2), newThreadCount=1, normalMaxThreadCount=2, maxThreadCount=8
  INFO root [0x00002764] [2019-09-20 09:26:55,740] - Script::install(): is successfully, Python=(3.7.3 (default, Sep 18 2019, 14:20:04) [MSC v.1916 32 bit (Intel)])!
  INFO root [0x00002764] [2019-09-20 09:26:55,740] - Script::install(): KBExtra is successfully!
  INFO root [0x00002764] [2019-09-20 09:26:55,796] - TelnetServer server is running on port 50000
  INFO root [0x00002764] [2019-09-20 09:26:56,136] - ---- cellapp is running ----
 DEBUG root [0x00002764] [2019-09-20 09:26:56,137] - Components::process(): Request for the process of identity...
  WARN root [0x00002764] [2019-09-20 09:27:02,347] - EntityApp::checkTickPeriod: tick took 6210% (6.21 seconds)!
  INFO root [0x00002764] [2019-09-20 09:27:03,431] - Components::findComponents: find logger(1)...
  INFO root [0x00002764] [2019-09-20 09:27:03,508] - Components::findComponents: found logger, addr:192.168.0.175:55575
  INFO root [0x00002764] [2019-09-20 09:27:03,508] - Components::addComponent: reset orderLog, uid=999!
  INFO root [0x00002764] [2019-09-20 09:27:03,508] - Components::addComponent[logger], uid=999, componentID=2001, globalorderid=1, grouporderid=1, totalcount=1
  INFO root [0x00002764] [2019-09-20 09:27:03,509] - Components::findComponents: find dbmgr(2)...
  WARN root [0x00002764] [2019-09-20 09:27:04,611] - Forwarding logs to logger[192.168.0.175:55575/0/0/0]...
 ERROR root [0x00002764] [2019-09-20 09:27:10,874] - Components::removeComponentByChannel: logger : 2001, Abnormal exit(reason=TCPPacketReceiver::processRecv(): error=10054
)! Channel(timestamp=1700560547336, lastReceivedTime=1700486900654, inactivityExceptionPeriod=599499873)
   OFF root [0x00002764] [2019-09-20 09:27:10,878] - The following logs sent to logger failed:
  WARN root [0x00002764] [2019-09-20 09:27:10,878] - ==> [2019-09-20 09:27:10 874] TCPPacketReceiver::processPendingEvents(192.168.0.175:55575): Throwing REASON_GENERAL_NETWORK - WSAECONNRESET
 ERROR root [0x00002764] [2019-09-20 09:27:10,879] - ==> [2019-09-20 09:27:10 875] Components::removeComponentByChannel: logger : 2001, Abnormal exit(reason=TCPPacketReceiver::processRecv(): error=10054
)! Channel(timestamp=1700560547336, lastReceivedTime=1700486900654, inactivityExceptionPeriod=599499873)
  INFO root [0x0000741c] [2019-09-20 09:27:57,205] - 
  INFO root [0x0000741c] [2019-09-20 09:27:57,206] - -----------------------------------------------------------------------------------------


  INFO root [0x0000741c] [2019-09-20 09:27:57,207] - Resmgr::initialize: KBE_ROOT=D:/Work/Svr/KBEngine_Bate/
  INFO root [0x0000741c] [2019-09-20 09:27:57,208] - Resmgr::initialize: KBE_RES_PATH=D:/Work/Svr/KBEngine_Bate/kbe/res/;D:/Work/Svr/KBEngine_Bate/server_assets/;D:/Work/Svr/KBEngine_Bate/server_assets/scripts/;D:/Work/Svr/KBEngine_Bate/server_assets/res/
  INFO root [0x0000741c] [2019-09-20 09:27:57,208] - Resmgr::initialize: KBE_BIN_PATH=D:/Work/Svr/KBEngine_Bate/kbe/bin/server/
  INFO root [0x0000741c] [2019-09-20 09:27:57,222] - NetworkInterface::initialize(INTERNAL-TCP): bound to all interfaces with default route interface on 192.168.0.175 ( 192.168.0.175:55705 )
  INFO root [0x0000741c] [2019-09-20 09:27:57,223] - NetworkInterface::initialize(INTERNAL-TCP): address 192.168.0.175:55705, SOMAXCONN=511.
  INFO root [0x0000741c] [2019-09-20 09:27:57,223] - server-configs:
  INFO root [0x0000741c] [2019-09-20 09:27:57,223] - 	gameUpdateHertz : 30
  INFO root [0x0000741c] [2019-09-20 09:27:57,223] - 	defaultViewRadius : 80
  INFO root [0x0000741c] [2019-09-20 09:27:57,223] - 	defaultViewHysteresisArea : 5
  INFO root [0x0000741c] [2019-09-20 09:27:57,223] - 	entryScriptFile : kbemain
  INFO root [0x0000741c] [2019-09-20 09:27:57,224] - 	internalTcpAddr : 192.168.0.175:55705
  INFO root [0x0000741c] [2019-09-20 09:27:57,224] - 	componentID : 8003
  WARN root [0x0000741c] [2019-09-20 09:27:57,565] - BundleBroadcast::BundleBroadcast: Cannot bind to port 20898, errorno=10048
  INFO root [0x0000741c] [2019-09-20 09:27:57,568] - ---- cellapp Version: 2.5.7. ScriptVersion: 0.1.0. Pythoncore: 3.7.3. Protocol: C9FCABE153AC3D64A8F240810ADA666D. Config: Debug X86. Built: 14:22:22 Sep 18 2019. AppID: 8003. UID: 999. PID: 10040 ----
  INFO root [0x0000741c] [2019-09-20 09:27:57,569] - Server ly_server_programer: Intel(R) Core(TM) i7-8700K CPU @ 3.70GHz with 2097151kB RAM
  INFO root [0x0000741c] [2019-09-20 09:27:57,569] - ThreadPool::createThreadPool: creating  threadpool...
  INFO root [0x0000741c] [2019-09-20 09:27:57,569] - ThreadPool::createThreadPool: successfully(2), newThreadCount=1, normalMaxThreadCount=2, maxThreadCount=8
  INFO root [0x0000741c] [2019-09-20 09:27:57,760] - Script::install(): is successfully, Python=(3.7.3 (default, Sep 18 2019, 14:20:04) [MSC v.1916 32 bit (Intel)])!
  INFO root [0x0000741c] [2019-09-20 09:27:57,760] - Script::install(): KBExtra is successfully!
 ERROR root [0x0000741c] [2019-09-20 09:27:57,821] - EntityDef::findScriptModule: [Avatar] not found!
 ERROR root [0x0000741c] [2019-09-20 09:27:57,822] - EntityApp::installEntityDef(): not found account script[Avatar], defined(kbengine[_defs].xml->dbmgr->account_system->accountEntityScriptType and entities.xml)!
 ERROR root [0x0000741c] [2019-09-20 09:27:57,822] - app::initialize(): initialization failed!
 DEBUG root [0x0000741c] [2019-09-20 09:27:57,822] - EntityRef::destroyObjPool(): size 0.
 DEBUG root [0x0000741c] [2019-09-20 09:27:57,822] - Witness::destroyObjPool(): size 0.
  INFO root [0x0000741c] [2019-09-20 09:27:57,829] - Script::uninstall(): is successfully!
 DEBUG root [0x0000741c] [2019-09-20 09:27:57,829] - ThreadPool::destroy(): starting size 2.
  WARN root [0x0000741c] [2019-09-20 09:27:58,130] - ThreadPool::destroy(): waiting for thread(2)[0x25bd70,0x25b620,], try=1
 DEBUG root [0x0000741c] [2019-09-20 09:27:58,532] - TPThread::~TPThread(): 0x25bd70
 DEBUG root [0x0000741c] [2019-09-20 09:27:58,532] - TPThread::~TPThread(): 0x25b620
 DEBUG root [0x0000741c] [2019-09-20 09:27:58,532] - ThreadPool::destroy(): successfully!
 DEBUG root [0x0000741c] [2019-09-20 09:27:58,532] - Bundle::destroyObjPool(): size 1.
 DEBUG root [0x0000741c] [2019-09-20 09:27:58,532] - Channel::destroyObjPool(): size 0.
 DEBUG root [0x0000741c] [2019-09-20 09:27:58,532] - TCPPacket::destroyObjPool(): size 0.
 DEBUG root [0x0000741c] [2019-09-20 09:27:58,532] - UDPPacket::destroyObjPool(): size 15.
 DEBUG root [0x0000741c] [2019-09-20 09:27:58,533] - EndPoint::destroyObjPool(): size 0.
 DEBUG root [0x0000741c] [2019-09-20 09:27:58,533] - Address::destroyObjPool(): size 0.
 DEBUG root [0x0000741c] [2019-09-20 09:27:58,533] - TCPPacketReceiver::destroyObjPool(): size 0.
 DEBUG root [0x0000741c] [2019-09-20 09:27:58,533] - UDPPacketReceiver::destroyObjPool(): size 0.
  INFO root [0x0000741c] [2019-09-20 09:28:05,035] - EventDispatcher()::~EventDispatcher: Num timers = 1
  INFO root [0x000007d0] [2019-09-20 09:28:48,352] - 
  INFO root [0x000007d0] [2019-09-20 09:28:48,353] - -----------------------------------------------------------------------------------------


  INFO root [0x000007d0] [2019-09-20 09:28:48,354] - Resmgr::initialize: KBE_ROOT=D:/Work/Svr/KBEngine_Bate/
  INFO root [0x000007d0] [2019-09-20 09:28:48,354] - Resmgr::initialize: KBE_RES_PATH=D:/Work/Svr/KBEngine_Bate/kbe/res/;D:/Work/Svr/KBEngine_Bate/server_assets/;D:/Work/Svr/KBEngine_Bate/server_assets/scripts/;D:/Work/Svr/KBEngine_Bate/server_assets/res/
  INFO root [0x000007d0] [2019-09-20 09:28:48,355] - Resmgr::initialize: KBE_BIN_PATH=D:/Work/Svr/KBEngine_Bate/kbe/bin/server/
  INFO root [0x000007d0] [2019-09-20 09:28:48,368] - NetworkInterface::initialize(INTERNAL-TCP): bound to all interfaces with default route interface on 192.168.0.175 ( 192.168.0.175:55874 )
  INFO root [0x000007d0] [2019-09-20 09:28:48,368] - NetworkInterface::initialize(INTERNAL-TCP): address 192.168.0.175:55874, SOMAXCONN=511.
  INFO root [0x000007d0] [2019-09-20 09:28:48,369] - server-configs:
  INFO root [0x000007d0] [2019-09-20 09:28:48,369] - 	gameUpdateHertz : 10
  INFO root [0x000007d0] [2019-09-20 09:28:48,369] - 	defaultViewRadius : 80
  INFO root [0x000007d0] [2019-09-20 09:28:48,369] - 	defaultViewHysteresisArea : 5
  INFO root [0x000007d0] [2019-09-20 09:28:48,369] - 	entryScriptFile : kbemain
  INFO root [0x000007d0] [2019-09-20 09:28:48,370] - 	internalTcpAddr : 192.168.0.175:55874
  INFO root [0x000007d0] [2019-09-20 09:28:48,370] - 	componentID : 8003
  WARN root [0x000007d0] [2019-09-20 09:28:48,711] - BundleBroadcast::BundleBroadcast: Cannot bind to port 20295, errorno=10048
  INFO root [0x000007d0] [2019-09-20 09:28:48,715] - ---- cellapp Version: 2.5.7. ScriptVersion: 0.1.0. Pythoncore: 3.7.3. Protocol: C9FCABE153AC3D64A8F240810ADA666D. Config: Debug X86. Built: 14:22:22 Sep 18 2019. AppID: 8003. UID: 999. PID: 19660 ----
  INFO root [0x000007d0] [2019-09-20 09:28:48,715] - Server ly_server_programer: Intel(R) Core(TM) i7-8700K CPU @ 3.70GHz with 2097151kB RAM
  INFO root [0x000007d0] [2019-09-20 09:28:48,716] - ThreadPool::createThreadPool: creating  threadpool...
  INFO root [0x000007d0] [2019-09-20 09:28:48,716] - ThreadPool::createThreadPool: successfully(2), newThreadCount=1, normalMaxThreadCount=2, maxThreadCount=8
  INFO root [0x000007d0] [2019-09-20 09:28:48,900] - Script::install(): is successfully, Python=(3.7.3 (default, Sep 18 2019, 14:20:04) [MSC v.1916 32 bit (Intel)])!
  INFO root [0x000007d0] [2019-09-20 09:28:48,901] - Script::install(): KBExtra is successfully!
  INFO root [0x000007d0] [2019-09-20 09:28:48,954] - TelnetServer server is running on port 50000
  INFO root [0x000007d0] [2019-09-20 09:28:49,257] - ---- cellapp is running ----
 DEBUG root [0x000007d0] [2019-09-20 09:28:49,258] - Components::process(): Request for the process of identity...
  WARN root [0x000007d0] [2019-09-20 09:28:55,459] - EntityApp::checkTickPeriod: tick took 6201% (6.20 seconds)!
  INFO root [0x000007d0] [2019-09-20 09:28:56,558] - Components::findComponents: find logger(1)...
  INFO root [0x000007d0] [2019-09-20 09:28:56,587] - Components::findComponents: found logger, addr:192.168.0.175:55876
  INFO root [0x000007d0] [2019-09-20 09:28:56,588] - Components::addComponent: reset orderLog, uid=999!
  INFO root [0x000007d0] [2019-09-20 09:28:56,588] - Components::addComponent[logger], uid=999, componentID=2001, globalorderid=1, grouporderid=1, totalcount=1
  INFO root [0x000007d0] [2019-09-20 09:28:56,589] - Components::findComponents: find dbmgr(2)...
  INFO root [0x000007d0] [2019-09-20 09:28:56,693] - Components::findComponents: found dbmgr, addr:192.168.0.175:55873
  INFO root [0x000007d0] [2019-09-20 09:28:56,693] - Components::addComponent: reset orderLog, uid=999!
  INFO root [0x000007d0] [2019-09-20 09:28:56,693] - Components::addComponent[dbmgr], uid=999, componentID=4001, globalorderid=1, grouporderid=1, totalcount=1
  INFO root [0x000007d0] [2019-09-20 09:28:56,693] - Components::findComponents: found dbmgr, addr:192.168.0.175:55873
  WARN root [0x000007d0] [2019-09-20 09:28:57,695] - EntityApp::checkTickPeriod: tick took 1236% (1.24 seconds)!
  WARN root [0x000007d0] [2019-09-20 09:28:57,695] - Forwarding logs to logger[192.168.0.175:55876/0/0/0]...
 ERROR root [0x000007d0] [2019-09-20 09:47:13,064] - Components::removeComponentByChannel: logger : 2001, Abnormal exit(reason=TCPPacketReceiver::processRecv(): error=10054
)! Channel(timestamp=1712582445381, lastReceivedTime=1712335360681, inactivityExceptionPeriod=599499873)
   OFF root [0x000007d0] [2019-09-20 09:47:13,073] - The following logs sent to logger failed:
  WARN root [0x000007d0] [2019-09-20 09:47:13,073] - ==> [2019-09-20 09:47:13 064] TCPPacketReceiver::processPendingEvents(192.168.0.175:55876): Throwing REASON_GENERAL_NETWORK - WSAECONNRESET
 ERROR root [0x000007d0] [2019-09-20 09:47:13,073] - ==> [2019-09-20 09:47:13 065] Components::removeComponentByChannel: logger : 2001, Abnormal exit(reason=TCPPacketReceiver::processRecv(): error=10054
)! Channel(timestamp=1712582445381, lastReceivedTime=1712335360681, inactivityExceptionPeriod=599499873)
  WARN root [0x000007d0] [2019-09-20 09:47:13,141] - TCPPacketReceiver::processPendingEvents(192.168.0.175:55873): Throwing REASON_GENERAL_NETWORK - WSAECONNRESET
 ERROR root [0x000007d0] [2019-09-20 09:47:13,142] - Components::removeComponentByChannel: dbmgr : 4001, Abnormal exit(reason=TCPPacketReceiver::processRecv(): error=10054
)! Channel(timestamp=1712583222399, lastReceivedTime=1712335356659, inactivityExceptionPeriod=599499873)
  INFO root [0x000007d0] [2019-09-20 09:47:13,153] - Shutdowner::onShutdownBegin: shutting down(period=0, tickPeriod=1)
  INFO root [0x000007d0] [2019-09-20 09:47:13,157] - Shutdowner::onShutdown: shutting down
  INFO root [0x000007d0] [2019-09-20 09:47:13,157] - Shutdowner::onShutdownEnd: shutting down
 DEBUG root [0x000007d0] [2019-09-20 09:47:13,157] - EntityRef::destroyObjPool(): size 0.
 DEBUG root [0x000007d0] [2019-09-20 09:47:13,158] - Witness::destroyObjPool(): size 0.
  INFO root [0x000007d0] [2019-09-20 09:47:13,173] - Script::uninstall(): is successfully!
 DEBUG root [0x000007d0] [2019-09-20 09:47:13,173] - ThreadPool::destroy(): starting size 2.
  WARN root [0x000007d0] [2019-09-20 09:47:13,474] - ThreadPool::destroy(): waiting for thread(2)[0xbeb10,0xbeb78,], try=1
