  INFO root [2019-09-27 10:06:29,227] - 
  INFO root [2019-09-27 10:06:29,228] - -----------------------------------------------------------------------------------------


  INFO root [2019-09-27 10:06:29,229] - Resmgr::initialize: KBE_ROOT=D:/Work/Svr/KBEngine_Bate/
  INFO root [2019-09-27 10:06:29,229] - Resmgr::initialize: KBE_RES_PATH=D:/Work/Svr/KBEngine_Bate/kbe/res/;D:/Work/Svr/KBEngine_Bate/server_assets/;D:/Work/Svr/KBEngine_Bate/server_assets/scripts/;D:/Work/Svr/KBEngine_Bate/server_assets/res/
  INFO root [2019-09-27 10:06:29,229] - Resmgr::initialize: KBE_BIN_PATH=D:/Work/Svr/KBEngine_Bate/kbe/bin/server/
  INFO root [2019-09-27 10:06:29,246] - NetworkInterface::initialize(INTERNAL-TCP): bound to all interfaces with default route interface on 192.168.0.175 ( 192.168.0.175:30099 )
  INFO root [2019-09-27 10:06:29,246] - NetworkInterface::initialize(INTERNAL-TCP): address 192.168.0.175:30099, SOMAXCONN=511.
  INFO root [2019-09-27 10:06:29,246] - server-configs:
  INFO root [2019-09-27 10:06:29,246] - 	internalTcpAddr : 192.168.0.175:30099
  INFO root [2019-09-27 10:06:29,247] - 	externalTcpAddr : %s
  INFO root [2019-09-27 10:06:29,247] - 	componentID : 3001
  INFO root [2019-09-27 10:06:29,254] - ---- interfaces Version: 2.5.7. ScriptVersion: 0.1.0. Pythoncore: 3.7.3. Protocol: 96E445E56B9E460E561358C2D6E9F43B. Config: Debug X86. Built: 14:20:56 Sep 18 2019. AppID: 3001. UID: 999. PID: 28772 ----
  INFO root [2019-09-27 10:06:29,254] - Server ly_server_programer: Intel(R) Core(TM) i7-8700K CPU @ 3.70GHz with 2097151kB RAM
  INFO root [2019-09-27 10:06:29,255] - ThreadPool::createThreadPool: creating  threadpool...
  INFO root [2019-09-27 10:06:29,255] - ThreadPool::createThreadPool: successfully(2), newThreadCount=1, normalMaxThreadCount=2, maxThreadCount=8
  INFO root [2019-09-27 10:06:29,438] - Script::install(): is successfully, Python=(3.7.3 (default, Sep 18 2019, 14:20:04) [MSC v.1916 32 bit (Intel)])!
  INFO root [2019-09-27 10:06:29,438] - Script::install(): KBExtra is successfully!
S_INFO root [2019-09-27 10:06:29,585] - onInterfaceAppReady: bootstrapGroupIndex=0, bootstrapGlobalIndex=0
  INFO root [2019-09-27 10:06:29,587] - TelnetServer server is running on port 33000
  INFO root [2019-09-27 10:06:29,871] - ---- interfaces is running ----
 DEBUG root [2019-09-27 10:06:29,871] - Components::process(): Request for the process of identity...
  INFO root [2019-09-27 10:06:36,112] - ServerApp::onRegisterNewApp: uid:999, username:ly_server_programer, componentType:dbmgr, componentID:4001, globalorderID=-1, grouporderID=-1, intaddr:192.168.0.175, intport:62572, extaddr:nonsupport, extport:0,  from 127.0.0.1:62576/0/0/0.
  INFO root [2019-09-27 10:06:36,112] - Components::addComponent: reset orderLog, uid=999!
  INFO root [2019-09-27 10:06:36,112] - Components::addComponent[dbmgr], uid=999, componentID=4001, globalorderid=1, grouporderid=1, totalcount=1
  INFO root [2019-09-27 10:06:37,186] - Components::process(): Found all the components!
S_INFO root [2019-09-27 10:07:36,354] - onRequestAccountLogin: registerName=cat
S_INFO root [2019-09-27 10:20:57,838] - onRequestAccountLogin: registerName=cat
S_INFO root [2019-09-27 10:23:19,387] - onRequestCreateAccount: registerName=999
S_INFO root [2019-09-27 10:28:21,238] - onRequestAccountLogin: registerName=cat
S_INFO root [2019-09-27 10:49:59,085] - onRequestCreateAccount: registerName=998
S_INFO root [2019-09-27 10:50:08,075] - onRequestAccountLogin: registerName=998
S_INFO root [2019-09-27 10:57:01,744] - onRequestAccountLogin: registerName=cat
S_INFO root [2019-09-27 10:58:08,005] - onRequestAccountLogin: registerName=cat
  WARN root [2019-09-27 14:52:56,191] - TCPPacketReceiver::processPendingEvents(127.0.0.1:62576): Throwing REASON_GENERAL_NETWORK - WSAECONNRESET
  INFO root [2019-09-27 14:52:56,235] - Components::removeComponentByChannel: dbmgr : 4001, Normal exit!
  INFO root [2019-09-27 14:53:28,834] - 
  INFO root [2019-09-27 14:53:28,834] - -----------------------------------------------------------------------------------------


  INFO root [2019-09-27 14:53:28,835] - Resmgr::initialize: KBE_ROOT=D:/Work/Svr/KBEngine_Bate/
  INFO root [2019-09-27 14:53:28,835] - Resmgr::initialize: KBE_RES_PATH=D:/Work/Svr/KBEngine_Bate/kbe/res/;D:/Work/Svr/KBEngine_Bate/server_assets/;D:/Work/Svr/KBEngine_Bate/server_assets/scripts/;D:/Work/Svr/KBEngine_Bate/server_assets/res/
  INFO root [2019-09-27 14:53:28,835] - Resmgr::initialize: KBE_BIN_PATH=D:/Work/Svr/KBEngine_Bate/kbe/bin/server/
  INFO root [2019-09-27 14:53:28,845] - NetworkInterface::initialize(INTERNAL-TCP): bound to all interfaces with default route interface on 192.168.0.175 ( 192.168.0.175:30099 )
  INFO root [2019-09-27 14:53:28,845] - NetworkInterface::initialize(INTERNAL-TCP): address 192.168.0.175:30099, SOMAXCONN=511.
  INFO root [2019-09-27 14:53:28,846] - server-configs:
  INFO root [2019-09-27 14:53:28,846] - 	internalTcpAddr : 192.168.0.175:30099
  INFO root [2019-09-27 14:53:28,846] - 	externalTcpAddr : %s
  INFO root [2019-09-27 14:53:28,846] - 	componentID : 3001
  INFO root [2019-09-27 14:53:28,849] - ---- interfaces Version: 2.5.7. ScriptVersion: 0.1.0. Pythoncore: 3.7.3. Protocol: 96E445E56B9E460E561358C2D6E9F43B. Config: Debug X86. Built: 14:20:56 Sep 18 2019. AppID: 3001. UID: 999. PID: 32796 ----
  INFO root [2019-09-27 14:53:28,849] - Server ly_server_programer: Intel(R) Core(TM) i7-8700K CPU @ 3.70GHz with 2097151kB RAM
  INFO root [2019-09-27 14:53:28,850] - ThreadPool::createThreadPool: creating  threadpool...
  INFO root [2019-09-27 14:53:28,850] - ThreadPool::createThreadPool: successfully(2), newThreadCount=1, normalMaxThreadCount=2, maxThreadCount=8
  INFO root [2019-09-27 14:53:29,028] - Script::install(): is successfully, Python=(3.7.3 (default, Sep 18 2019, 14:20:04) [MSC v.1916 32 bit (Intel)])!
  INFO root [2019-09-27 14:53:29,028] - Script::install(): KBExtra is successfully!
S_INFO root [2019-09-27 14:53:29,119] - onInterfaceAppReady: bootstrapGroupIndex=0, bootstrapGlobalIndex=0
  INFO root [2019-09-27 14:53:29,121] - TelnetServer server is running on port 33000
  INFO root [2019-09-27 14:53:29,382] - ---- interfaces is running ----
 DEBUG root [2019-09-27 14:53:29,382] - Components::process(): Request for the process of identity...
  INFO root [2019-09-27 14:53:36,637] - Components::process(): Found all the components!
  INFO root [2019-09-27 14:55:49,176] - 
  INFO root [2019-09-27 14:55:49,177] - -----------------------------------------------------------------------------------------


  INFO root [2019-09-27 14:55:49,178] - Resmgr::initialize: KBE_ROOT=D:/Work/Svr/KBEngine_Bate/
  INFO root [2019-09-27 14:55:49,178] - Resmgr::initialize: KBE_RES_PATH=D:/Work/Svr/KBEngine_Bate/kbe/res/;D:/Work/Svr/KBEngine_Bate/server_assets/;D:/Work/Svr/KBEngine_Bate/server_assets/scripts/;D:/Work/Svr/KBEngine_Bate/server_assets/res/
  INFO root [2019-09-27 14:55:49,178] - Resmgr::initialize: KBE_BIN_PATH=D:/Work/Svr/KBEngine_Bate/kbe/bin/server/
  INFO root [2019-09-27 14:55:49,190] - NetworkInterface::initialize(INTERNAL-TCP): bound to all interfaces with default route interface on 192.168.0.175 ( 192.168.0.175:30099 )
  INFO root [2019-09-27 14:55:49,190] - NetworkInterface::initialize(INTERNAL-TCP): address 192.168.0.175:30099, SOMAXCONN=511.
  INFO root [2019-09-27 14:55:49,190] - server-configs:
  INFO root [2019-09-27 14:55:49,190] - 	internalTcpAddr : 192.168.0.175:30099
  INFO root [2019-09-27 14:55:49,190] - 	externalTcpAddr : %s
  INFO root [2019-09-27 14:55:49,190] - 	componentID : 3001
  INFO root [2019-09-27 14:55:49,194] - ---- interfaces Version: 2.5.7. ScriptVersion: 0.1.0. Pythoncore: 3.7.3. Protocol: 96E445E56B9E460E561358C2D6E9F43B. Config: Debug X86. Built: 14:20:56 Sep 18 2019. AppID: 3001. UID: 999. PID: 32200 ----
  INFO root [2019-09-27 14:55:49,195] - Server ly_server_programer: Intel(R) Core(TM) i7-8700K CPU @ 3.70GHz with 2097151kB RAM
  INFO root [2019-09-27 14:55:49,195] - ThreadPool::createThreadPool: creating  threadpool...
  INFO root [2019-09-27 14:55:49,195] - ThreadPool::createThreadPool: successfully(2), newThreadCount=1, normalMaxThreadCount=2, maxThreadCount=8
  INFO root [2019-09-27 14:55:49,381] - Script::install(): is successfully, Python=(3.7.3 (default, Sep 18 2019, 14:20:04) [MSC v.1916 32 bit (Intel)])!
  INFO root [2019-09-27 14:55:49,381] - Script::install(): KBExtra is successfully!
S_INFO root [2019-09-27 14:55:49,404] - onInterfaceAppReady: bootstrapGroupIndex=0, bootstrapGlobalIndex=0
  INFO root [2019-09-27 14:55:49,406] - TelnetServer server is running on port 33000
  INFO root [2019-09-27 14:55:49,705] - ---- interfaces is running ----
 DEBUG root [2019-09-27 14:55:49,705] - Components::process(): Request for the process of identity...
  INFO root [2019-09-27 14:55:57,079] - Components::process(): Found all the components!
  INFO root [2019-09-27 14:58:14,837] - 
  INFO root [2019-09-27 14:58:14,838] - -----------------------------------------------------------------------------------------


  INFO root [2019-09-27 14:58:14,839] - Resmgr::initialize: KBE_ROOT=D:/Work/Svr/KBEngine_Bate/
  INFO root [2019-09-27 14:58:14,839] - Resmgr::initialize: KBE_RES_PATH=D:/Work/Svr/KBEngine_Bate/kbe/res/;D:/Work/Svr/KBEngine_Bate/server_assets/;D:/Work/Svr/KBEngine_Bate/server_assets/scripts/;D:/Work/Svr/KBEngine_Bate/server_assets/res/
  INFO root [2019-09-27 14:58:14,839] - Resmgr::initialize: KBE_BIN_PATH=D:/Work/Svr/KBEngine_Bate/kbe/bin/server/
  INFO root [2019-09-27 14:58:14,853] - NetworkInterface::initialize(INTERNAL-TCP): bound to all interfaces with default route interface on 192.168.0.175 ( 192.168.0.175:30099 )
  INFO root [2019-09-27 14:58:14,853] - NetworkInterface::initialize(INTERNAL-TCP): address 192.168.0.175:30099, SOMAXCONN=511.
  INFO root [2019-09-27 14:58:14,854] - server-configs:
  INFO root [2019-09-27 14:58:14,854] - 	internalTcpAddr : 192.168.0.175:30099
  INFO root [2019-09-27 14:58:14,854] - 	externalTcpAddr : %s
  INFO root [2019-09-27 14:58:14,854] - 	componentID : 3001
  INFO root [2019-09-27 14:58:14,859] - ---- interfaces Version: 2.5.7. ScriptVersion: 0.1.0. Pythoncore: 3.7.3. Protocol: 96E445E56B9E460E561358C2D6E9F43B. Config: Debug X86. Built: 14:20:56 Sep 18 2019. AppID: 3001. UID: 999. PID: 14976 ----
  INFO root [2019-09-27 14:58:14,860] - Server ly_server_programer: Intel(R) Core(TM) i7-8700K CPU @ 3.70GHz with 2097151kB RAM
  INFO root [2019-09-27 14:58:14,860] - ThreadPool::createThreadPool: creating  threadpool...
  INFO root [2019-09-27 14:58:14,860] - ThreadPool::createThreadPool: successfully(2), newThreadCount=1, normalMaxThreadCount=2, maxThreadCount=8
  INFO root [2019-09-27 14:58:15,046] - Script::install(): is successfully, Python=(3.7.3 (default, Sep 18 2019, 14:20:04) [MSC v.1916 32 bit (Intel)])!
  INFO root [2019-09-27 14:58:15,046] - Script::install(): KBExtra is successfully!
S_INFO root [2019-09-27 14:58:15,071] - onInterfaceAppReady: bootstrapGroupIndex=0, bootstrapGlobalIndex=0
  INFO root [2019-09-27 14:58:15,073] - TelnetServer server is running on port 33000
  INFO root [2019-09-27 14:58:15,360] - ---- interfaces is running ----
 DEBUG root [2019-09-27 14:58:15,360] - Components::process(): Request for the process of identity...
  INFO root [2019-09-27 14:58:22,672] - Components::process(): Found all the components!
  INFO root [2019-09-27 15:01:49,963] - 
  INFO root [2019-09-27 15:01:49,964] - -----------------------------------------------------------------------------------------


  INFO root [2019-09-27 15:01:49,965] - Resmgr::initialize: KBE_ROOT=D:/Work/Svr/KBEngine_Bate/
  INFO root [2019-09-27 15:01:49,965] - Resmgr::initialize: KBE_RES_PATH=D:/Work/Svr/KBEngine_Bate/kbe/res/;D:/Work/Svr/KBEngine_Bate/server_assets/;D:/Work/Svr/KBEngine_Bate/server_assets/scripts/;D:/Work/Svr/KBEngine_Bate/server_assets/res/
  INFO root [2019-09-27 15:01:49,965] - Resmgr::initialize: KBE_BIN_PATH=D:/Work/Svr/KBEngine_Bate/kbe/bin/server/
  INFO root [2019-09-27 15:01:49,978] - NetworkInterface::initialize(INTERNAL-TCP): bound to all interfaces with default route interface on 192.168.0.175 ( 192.168.0.175:30099 )
  INFO root [2019-09-27 15:01:49,978] - NetworkInterface::initialize(INTERNAL-TCP): address 192.168.0.175:30099, SOMAXCONN=511.
  INFO root [2019-09-27 15:01:49,979] - server-configs:
  INFO root [2019-09-27 15:01:49,979] - 	internalTcpAddr : 192.168.0.175:30099
  INFO root [2019-09-27 15:01:49,979] - 	externalTcpAddr : %s
  INFO root [2019-09-27 15:01:49,979] - 	componentID : 3001
  INFO root [2019-09-27 15:01:49,983] - ---- interfaces Version: 2.5.7. ScriptVersion: 0.1.0. Pythoncore: 3.7.3. Protocol: 96E445E56B9E460E561358C2D6E9F43B. Config: Debug X86. Built: 14:20:56 Sep 18 2019. AppID: 3001. UID: 999. PID: 33000 ----
  INFO root [2019-09-27 15:01:49,983] - Server ly_server_programer: Intel(R) Core(TM) i7-8700K CPU @ 3.70GHz with 2097151kB RAM
  INFO root [2019-09-27 15:01:49,984] - ThreadPool::createThreadPool: creating  threadpool...
  INFO root [2019-09-27 15:01:49,984] - ThreadPool::createThreadPool: successfully(2), newThreadCount=1, normalMaxThreadCount=2, maxThreadCount=8
  INFO root [2019-09-27 15:01:50,166] - Script::install(): is successfully, Python=(3.7.3 (default, Sep 18 2019, 14:20:04) [MSC v.1916 32 bit (Intel)])!
  INFO root [2019-09-27 15:01:50,166] - Script::install(): KBExtra is successfully!
S_INFO root [2019-09-27 15:01:50,188] - onInterfaceAppReady: bootstrapGroupIndex=0, bootstrapGlobalIndex=0
  INFO root [2019-09-27 15:01:50,190] - TelnetServer server is running on port 33000
  INFO root [2019-09-27 15:01:50,456] - ---- interfaces is running ----
 DEBUG root [2019-09-27 15:01:50,457] - Components::process(): Request for the process of identity...
  INFO root [2019-09-27 15:01:57,790] - Components::process(): Found all the components!
  INFO root [2019-09-27 15:02:07,838] - 
  INFO root [2019-09-27 15:02:07,839] - -----------------------------------------------------------------------------------------


  INFO root [2019-09-27 15:02:07,840] - Resmgr::initialize: KBE_ROOT=D:/Work/Svr/KBEngine_Bate/
  INFO root [2019-09-27 15:02:07,840] - Resmgr::initialize: KBE_RES_PATH=D:/Work/Svr/KBEngine_Bate/kbe/res/;D:/Work/Svr/KBEngine_Bate/server_assets/;D:/Work/Svr/KBEngine_Bate/server_assets/scripts/;D:/Work/Svr/KBEngine_Bate/server_assets/res/
  INFO root [2019-09-27 15:02:07,840] - Resmgr::initialize: KBE_BIN_PATH=D:/Work/Svr/KBEngine_Bate/kbe/bin/server/
  INFO root [2019-09-27 15:02:07,858] - NetworkInterface::initialize(INTERNAL-TCP): bound to all interfaces with default route interface on 192.168.0.175 ( 192.168.0.175:30099 )
  INFO root [2019-09-27 15:02:07,859] - NetworkInterface::initialize(INTERNAL-TCP): address 192.168.0.175:30099, SOMAXCONN=511.
  INFO root [2019-09-27 15:02:07,859] - server-configs:
  INFO root [2019-09-27 15:02:07,859] - 	internalTcpAddr : 192.168.0.175:30099
  INFO root [2019-09-27 15:02:07,859] - 	externalTcpAddr : %s
  INFO root [2019-09-27 15:02:07,859] - 	componentID : 3001
  INFO root [2019-09-27 15:02:07,864] - ---- interfaces Version: 2.5.7. ScriptVersion: 0.1.0. Pythoncore: 3.7.3. Protocol: 96E445E56B9E460E561358C2D6E9F43B. Config: Debug X86. Built: 14:20:56 Sep 18 2019. AppID: 3001. UID: 999. PID: 18420 ----
  INFO root [2019-09-27 15:02:07,865] - Server ly_server_programer: Intel(R) Core(TM) i7-8700K CPU @ 3.70GHz with 2097151kB RAM
  INFO root [2019-09-27 15:02:07,865] - ThreadPool::createThreadPool: creating  threadpool...
  INFO root [2019-09-27 15:02:07,865] - ThreadPool::createThreadPool: successfully(2), newThreadCount=1, normalMaxThreadCount=2, maxThreadCount=8
  INFO root [2019-09-27 15:02:08,053] - Script::install(): is successfully, Python=(3.7.3 (default, Sep 18 2019, 14:20:04) [MSC v.1916 32 bit (Intel)])!
  INFO root [2019-09-27 15:02:08,053] - Script::install(): KBExtra is successfully!
S_INFO root [2019-09-27 15:02:08,075] - onInterfaceAppReady: bootstrapGroupIndex=0, bootstrapGlobalIndex=0
  INFO root [2019-09-27 15:02:08,077] - TelnetServer server is running on port 33000
  INFO root [2019-09-27 15:02:08,356] - ---- interfaces is running ----
 DEBUG root [2019-09-27 15:02:08,357] - Components::process(): Request for the process of identity...
  INFO root [2019-09-27 15:02:15,675] - Components::process(): Found all the components!
  INFO root [2019-09-27 15:02:22,396] - 
  INFO root [2019-09-27 15:02:22,396] - -----------------------------------------------------------------------------------------


  INFO root [2019-09-27 15:02:22,397] - Resmgr::initialize: KBE_ROOT=D:/Work/Svr/KBEngine_Bate/
  INFO root [2019-09-27 15:02:22,397] - Resmgr::initialize: KBE_RES_PATH=D:/Work/Svr/KBEngine_Bate/kbe/res/;D:/Work/Svr/KBEngine_Bate/server_assets/;D:/Work/Svr/KBEngine_Bate/server_assets/scripts/;D:/Work/Svr/KBEngine_Bate/server_assets/res/
  INFO root [2019-09-27 15:02:22,398] - Resmgr::initialize: KBE_BIN_PATH=D:/Work/Svr/KBEngine_Bate/kbe/bin/server/
  INFO root [2019-09-27 15:02:22,410] - NetworkInterface::initialize(INTERNAL-TCP): bound to all interfaces with default route interface on 192.168.0.175 ( 192.168.0.175:30099 )
  INFO root [2019-09-27 15:02:22,411] - NetworkInterface::initialize(INTERNAL-TCP): address 192.168.0.175:30099, SOMAXCONN=511.
  INFO root [2019-09-27 15:02:22,411] - server-configs:
  INFO root [2019-09-27 15:02:22,411] - 	internalTcpAddr : 192.168.0.175:30099
  INFO root [2019-09-27 15:02:22,411] - 	externalTcpAddr : %s
  INFO root [2019-09-27 15:02:22,411] - 	componentID : 3001
  INFO root [2019-09-27 15:02:22,416] - ---- interfaces Version: 2.5.7. ScriptVersion: 0.1.0. Pythoncore: 3.7.3. Protocol: 96E445E56B9E460E561358C2D6E9F43B. Config: Debug X86. Built: 14:20:56 Sep 18 2019. AppID: 3001. UID: 999. PID: 10220 ----
  INFO root [2019-09-27 15:02:22,417] - Server ly_server_programer: Intel(R) Core(TM) i7-8700K CPU @ 3.70GHz with 2097151kB RAM
  INFO root [2019-09-27 15:02:22,417] - ThreadPool::createThreadPool: creating  threadpool...
  INFO root [2019-09-27 15:02:22,417] - ThreadPool::createThreadPool: successfully(2), newThreadCount=1, normalMaxThreadCount=2, maxThreadCount=8
  INFO root [2019-09-27 15:02:22,604] - Script::install(): is successfully, Python=(3.7.3 (default, Sep 18 2019, 14:20:04) [MSC v.1916 32 bit (Intel)])!
  INFO root [2019-09-27 15:02:22,605] - Script::install(): KBExtra is successfully!
S_INFO root [2019-09-27 15:02:22,630] - onInterfaceAppReady: bootstrapGroupIndex=0, bootstrapGlobalIndex=0
  INFO root [2019-09-27 15:02:22,631] - TelnetServer server is running on port 33000
  INFO root [2019-09-27 15:02:22,906] - ---- interfaces is running ----
 DEBUG root [2019-09-27 15:02:22,906] - Components::process(): Request for the process of identity...
  INFO root [2019-09-27 15:02:30,300] - Components::process(): Found all the components!
  INFO root [2019-09-27 15:04:13,951] - 
  INFO root [2019-09-27 15:04:13,951] - -----------------------------------------------------------------------------------------


  INFO root [2019-09-27 15:04:13,952] - Resmgr::initialize: KBE_ROOT=D:/Work/Svr/KBEngine_Bate/
  INFO root [2019-09-27 15:04:13,953] - Resmgr::initialize: KBE_RES_PATH=D:/Work/Svr/KBEngine_Bate/kbe/res/;D:/Work/Svr/KBEngine_Bate/server_assets/;D:/Work/Svr/KBEngine_Bate/server_assets/scripts/;D:/Work/Svr/KBEngine_Bate/server_assets/res/
  INFO root [2019-09-27 15:04:13,953] - Resmgr::initialize: KBE_BIN_PATH=D:/Work/Svr/KBEngine_Bate/kbe/bin/server/
  INFO root [2019-09-27 15:04:13,969] - NetworkInterface::initialize(INTERNAL-TCP): bound to all interfaces with default route interface on 192.168.0.175 ( 192.168.0.175:30099 )
  INFO root [2019-09-27 15:04:13,970] - NetworkInterface::initialize(INTERNAL-TCP): address 192.168.0.175:30099, SOMAXCONN=511.
  INFO root [2019-09-27 15:04:13,970] - server-configs:
  INFO root [2019-09-27 15:04:13,970] - 	internalTcpAddr : 192.168.0.175:30099
  INFO root [2019-09-27 15:04:13,970] - 	externalTcpAddr : %s
  INFO root [2019-09-27 15:04:13,970] - 	componentID : 3001
  INFO root [2019-09-27 15:04:13,974] - ---- interfaces Version: 2.5.7. ScriptVersion: 0.1.0. Pythoncore: 3.7.3. Protocol: 96E445E56B9E460E561358C2D6E9F43B. Config: Debug X86. Built: 14:20:56 Sep 18 2019. AppID: 3001. UID: 999. PID: 1128 ----
  INFO root [2019-09-27 15:04:13,975] - Server ly_server_programer: Intel(R) Core(TM) i7-8700K CPU @ 3.70GHz with 2097151kB RAM
  INFO root [2019-09-27 15:04:13,975] - ThreadPool::createThreadPool: creating  threadpool...
  INFO root [2019-09-27 15:04:13,975] - ThreadPool::createThreadPool: successfully(2), newThreadCount=1, normalMaxThreadCount=2, maxThreadCount=8
  INFO root [2019-09-27 15:04:14,166] - Script::install(): is successfully, Python=(3.7.3 (default, Sep 18 2019, 14:20:04) [MSC v.1916 32 bit (Intel)])!
  INFO root [2019-09-27 15:04:14,166] - Script::install(): KBExtra is successfully!
S_INFO root [2019-09-27 15:04:14,190] - onInterfaceAppReady: bootstrapGroupIndex=0, bootstrapGlobalIndex=0
  INFO root [2019-09-27 15:04:14,192] - TelnetServer server is running on port 33000
  INFO root [2019-09-27 15:04:14,469] - ---- interfaces is running ----
 DEBUG root [2019-09-27 15:04:14,469] - Components::process(): Request for the process of identity...
  INFO root [2019-09-27 15:04:28,817] - 
  INFO root [2019-09-27 15:04:28,818] - -----------------------------------------------------------------------------------------


  INFO root [2019-09-27 15:04:28,819] - Resmgr::initialize: KBE_ROOT=D:/Work/Svr/KBEngine_Bate/
  INFO root [2019-09-27 15:04:28,819] - Resmgr::initialize: KBE_RES_PATH=D:/Work/Svr/KBEngine_Bate/kbe/res/;D:/Work/Svr/KBEngine_Bate/server_assets/;D:/Work/Svr/KBEngine_Bate/server_assets/scripts/;D:/Work/Svr/KBEngine_Bate/server_assets/res/
  INFO root [2019-09-27 15:04:28,819] - Resmgr::initialize: KBE_BIN_PATH=D:/Work/Svr/KBEngine_Bate/kbe/bin/server/
  INFO root [2019-09-27 15:04:28,833] - NetworkInterface::initialize(INTERNAL-TCP): bound to all interfaces with default route interface on 192.168.0.175 ( 192.168.0.175:30099 )
  INFO root [2019-09-27 15:04:28,833] - NetworkInterface::initialize(INTERNAL-TCP): address 192.168.0.175:30099, SOMAXCONN=511.
  INFO root [2019-09-27 15:04:28,833] - server-configs:
  INFO root [2019-09-27 15:04:28,833] - 	internalTcpAddr : 192.168.0.175:30099
  INFO root [2019-09-27 15:04:28,833] - 	externalTcpAddr : %s
  INFO root [2019-09-27 15:04:28,833] - 	componentID : 3001
  INFO root [2019-09-27 15:04:28,836] - ---- interfaces Version: 2.5.7. ScriptVersion: 0.1.0. Pythoncore: 3.7.3. Protocol: 96E445E56B9E460E561358C2D6E9F43B. Config: Debug X86. Built: 14:20:56 Sep 18 2019. AppID: 3001. UID: 999. PID: 8484 ----
  INFO root [2019-09-27 15:04:28,837] - Server ly_server_programer: Intel(R) Core(TM) i7-8700K CPU @ 3.70GHz with 2097151kB RAM
  INFO root [2019-09-27 15:04:28,837] - ThreadPool::createThreadPool: creating  threadpool...
  INFO root [2019-09-27 15:04:28,837] - ThreadPool::createThreadPool: successfully(2), newThreadCount=1, normalMaxThreadCount=2, maxThreadCount=8
  INFO root [2019-09-27 15:04:29,028] - Script::install(): is successfully, Python=(3.7.3 (default, Sep 18 2019, 14:20:04) [MSC v.1916 32 bit (Intel)])!
  INFO root [2019-09-27 15:04:29,029] - Script::install(): KBExtra is successfully!
S_INFO root [2019-09-27 15:04:29,056] - onInterfaceAppReady: bootstrapGroupIndex=0, bootstrapGlobalIndex=0
  INFO root [2019-09-27 15:04:29,058] - TelnetServer server is running on port 33000
  INFO root [2019-09-27 15:04:29,316] - ---- interfaces is running ----
 DEBUG root [2019-09-27 15:04:29,316] - Components::process(): Request for the process of identity...
  INFO root [2019-09-27 15:04:36,621] - Components::process(): Found all the components!
  INFO root [2019-09-27 15:05:12,265] - 
  INFO root [2019-09-27 15:05:12,266] - -----------------------------------------------------------------------------------------


  INFO root [2019-09-27 15:05:12,267] - Resmgr::initialize: KBE_ROOT=D:/Work/Svr/KBEngine_Bate/
  INFO root [2019-09-27 15:05:12,268] - Resmgr::initialize: KBE_RES_PATH=D:/Work/Svr/KBEngine_Bate/kbe/res/;D:/Work/Svr/KBEngine_Bate/server_assets/;D:/Work/Svr/KBEngine_Bate/server_assets/scripts/;D:/Work/Svr/KBEngine_Bate/server_assets/res/
  INFO root [2019-09-27 15:05:12,268] - Resmgr::initialize: KBE_BIN_PATH=D:/Work/Svr/KBEngine_Bate/kbe/bin/server/
  INFO root [2019-09-27 15:05:12,280] - NetworkInterface::initialize(INTERNAL-TCP): bound to all interfaces with default route interface on 192.168.0.175 ( 192.168.0.175:30099 )
  INFO root [2019-09-27 15:05:12,281] - NetworkInterface::initialize(INTERNAL-TCP): address 192.168.0.175:30099, SOMAXCONN=511.
  INFO root [2019-09-27 15:05:12,281] - server-configs:
  INFO root [2019-09-27 15:05:12,281] - 	internalTcpAddr : 192.168.0.175:30099
  INFO root [2019-09-27 15:05:12,281] - 	externalTcpAddr : %s
  INFO root [2019-09-27 15:05:12,281] - 	componentID : 3001
  INFO root [2019-09-27 15:05:12,286] - ---- interfaces Version: 2.5.7. ScriptVersion: 0.1.0. Pythoncore: 3.7.3. Protocol: 96E445E56B9E460E561358C2D6E9F43B. Config: Debug X86. Built: 14:20:56 Sep 18 2019. AppID: 3001. UID: 999. PID: 8744 ----
  INFO root [2019-09-27 15:05:12,287] - Server ly_server_programer: Intel(R) Core(TM) i7-8700K CPU @ 3.70GHz with 2097151kB RAM
  INFO root [2019-09-27 15:05:12,287] - ThreadPool::createThreadPool: creating  threadpool...
  INFO root [2019-09-27 15:05:12,287] - ThreadPool::createThreadPool: successfully(2), newThreadCount=1, normalMaxThreadCount=2, maxThreadCount=8
  INFO root [2019-09-27 15:05:12,483] - Script::install(): is successfully, Python=(3.7.3 (default, Sep 18 2019, 14:20:04) [MSC v.1916 32 bit (Intel)])!
  INFO root [2019-09-27 15:05:12,483] - Script::install(): KBExtra is successfully!
S_INFO root [2019-09-27 15:05:12,510] - onInterfaceAppReady: bootstrapGroupIndex=0, bootstrapGlobalIndex=0
  INFO root [2019-09-27 15:05:12,512] - TelnetServer server is running on port 33000
  INFO root [2019-09-27 15:05:12,806] - ---- interfaces is running ----
 DEBUG root [2019-09-27 15:05:12,806] - Components::process(): Request for the process of identity...
  INFO root [2019-09-27 15:05:20,111] - Components::process(): Found all the components!
  INFO root [2019-09-27 15:18:57,221] - 
  INFO root [2019-09-27 15:18:57,221] - -----------------------------------------------------------------------------------------


  INFO root [2019-09-27 15:18:57,223] - Resmgr::initialize: KBE_ROOT=D:/Work/Svr/KBEngine_Bate/
  INFO root [2019-09-27 15:18:57,223] - Resmgr::initialize: KBE_RES_PATH=D:/Work/Svr/KBEngine_Bate/kbe/res/;D:/Work/Svr/KBEngine_Bate/server_assets/;D:/Work/Svr/KBEngine_Bate/server_assets/scripts/;D:/Work/Svr/KBEngine_Bate/server_assets/res/
  INFO root [2019-09-27 15:18:57,223] - Resmgr::initialize: KBE_BIN_PATH=D:/Work/Svr/KBEngine_Bate/kbe/bin/server/
  INFO root [2019-09-27 15:18:57,239] - NetworkInterface::initialize(INTERNAL-TCP): bound to all interfaces with default route interface on 192.168.0.175 ( 192.168.0.175:30099 )
  INFO root [2019-09-27 15:18:57,239] - NetworkInterface::initialize(INTERNAL-TCP): address 192.168.0.175:30099, SOMAXCONN=511.
  INFO root [2019-09-27 15:18:57,239] - server-configs:
  INFO root [2019-09-27 15:18:57,239] - 	internalTcpAddr : 192.168.0.175:30099
  INFO root [2019-09-27 15:18:57,239] - 	externalTcpAddr : %s
  INFO root [2019-09-27 15:18:57,240] - 	componentID : 3001
  INFO root [2019-09-27 15:18:57,243] - ---- interfaces Version: 2.5.7. ScriptVersion: 0.1.0. Pythoncore: 3.7.3. Protocol: 96E445E56B9E460E561358C2D6E9F43B. Config: Debug X86. Built: 14:20:56 Sep 18 2019. AppID: 3001. UID: 999. PID: 20652 ----
  INFO root [2019-09-27 15:18:57,244] - Server ly_server_programer: Intel(R) Core(TM) i7-8700K CPU @ 3.70GHz with 2097151kB RAM
  INFO root [2019-09-27 15:18:57,244] - ThreadPool::createThreadPool: creating  threadpool...
  INFO root [2019-09-27 15:18:57,244] - ThreadPool::createThreadPool: successfully(2), newThreadCount=1, normalMaxThreadCount=2, maxThreadCount=8
  INFO root [2019-09-27 15:18:57,427] - Script::install(): is successfully, Python=(3.7.3 (default, Sep 18 2019, 14:20:04) [MSC v.1916 32 bit (Intel)])!
  INFO root [2019-09-27 15:18:57,427] - Script::install(): KBExtra is successfully!
S_INFO root [2019-09-27 15:18:57,450] - onInterfaceAppReady: bootstrapGroupIndex=0, bootstrapGlobalIndex=0
  INFO root [2019-09-27 15:18:57,452] - TelnetServer server is running on port 33000
  INFO root [2019-09-27 15:18:57,742] - ---- interfaces is running ----
 DEBUG root [2019-09-27 15:18:57,742] - Components::process(): Request for the process of identity...
  INFO root [2019-09-27 15:19:03,996] - ServerApp::onRegisterNewApp: uid:999, username:ly_server_programer, componentType:dbmgr, componentID:4001, globalorderID=-1, grouporderID=-1, intaddr:192.168.0.175, intport:65016, extaddr:nonsupport, extport:0,  from 127.0.0.1:65023/0/0/0.
  INFO root [2019-09-27 15:19:03,996] - Components::addComponent: reset orderLog, uid=999!
  INFO root [2019-09-27 15:19:03,996] - Components::addComponent[dbmgr], uid=999, componentID=4001, globalorderid=1, grouporderid=1, totalcount=1
  INFO root [2019-09-27 15:19:05,051] - Components::process(): Found all the components!
  WARN root [2019-09-27 15:28:54,223] - TCPPacketReceiver::processPendingEvents(127.0.0.1:65023): Throwing REASON_GENERAL_NETWORK - WSAECONNRESET
  INFO root [2019-09-27 15:28:54,223] - Components::removeComponentByChannel: dbmgr : 4001, Normal exit!
  INFO root [2019-09-27 15:29:04,553] - 
  INFO root [2019-09-27 15:29:04,553] - -----------------------------------------------------------------------------------------


  INFO root [2019-09-27 15:29:04,555] - Resmgr::initialize: KBE_ROOT=D:/Work/Svr/KBEngine_Bate/
  INFO root [2019-09-27 15:29:04,555] - Resmgr::initialize: KBE_RES_PATH=D:/Work/Svr/KBEngine_Bate/kbe/res/;D:/Work/Svr/KBEngine_Bate/server_assets/;D:/Work/Svr/KBEngine_Bate/server_assets/scripts/;D:/Work/Svr/KBEngine_Bate/server_assets/res/
  INFO root [2019-09-27 15:29:04,555] - Resmgr::initialize: KBE_BIN_PATH=D:/Work/Svr/KBEngine_Bate/kbe/bin/server/
  INFO root [2019-09-27 15:29:04,574] - NetworkInterface::initialize(INTERNAL-TCP): bound to all interfaces with default route interface on 192.168.0.175 ( 192.168.0.175:30099 )
  INFO root [2019-09-27 15:29:04,574] - NetworkInterface::initialize(INTERNAL-TCP): address 192.168.0.175:30099, SOMAXCONN=511.
  INFO root [2019-09-27 15:29:04,575] - server-configs:
  INFO root [2019-09-27 15:29:04,575] - 	internalTcpAddr : 192.168.0.175:30099
  INFO root [2019-09-27 15:29:04,575] - 	externalTcpAddr : %s
  INFO root [2019-09-27 15:29:04,575] - 	componentID : 3001
  INFO root [2019-09-27 15:29:04,579] - ---- interfaces Version: 2.5.7. ScriptVersion: 0.1.0. Pythoncore: 3.7.3. Protocol: 96E445E56B9E460E561358C2D6E9F43B. Config: Debug X86. Built: 14:20:56 Sep 18 2019. AppID: 3001. UID: 999. PID: 3648 ----
  INFO root [2019-09-27 15:29:04,580] - Server ly_server_programer: Intel(R) Core(TM) i7-8700K CPU @ 3.70GHz with 2097151kB RAM
  INFO root [2019-09-27 15:29:04,580] - ThreadPool::createThreadPool: creating  threadpool...
  INFO root [2019-09-27 15:29:04,581] - ThreadPool::createThreadPool: successfully(2), newThreadCount=1, normalMaxThreadCount=2, maxThreadCount=8
  INFO root [2019-09-27 15:29:04,773] - Script::install(): is successfully, Python=(3.7.3 (default, Sep 18 2019, 14:20:04) [MSC v.1916 32 bit (Intel)])!
  INFO root [2019-09-27 15:29:04,774] - Script::install(): KBExtra is successfully!
S_INFO root [2019-09-27 15:29:04,797] - onInterfaceAppReady: bootstrapGroupIndex=0, bootstrapGlobalIndex=0
  INFO root [2019-09-27 15:29:04,799] - TelnetServer server is running on port 33000
  INFO root [2019-09-27 15:29:05,095] - ---- interfaces is running ----
 DEBUG root [2019-09-27 15:29:05,096] - Components::process(): Request for the process of identity...
  INFO root [2019-09-27 15:29:11,353] - ServerApp::onRegisterNewApp: uid:999, username:ly_server_programer, componentType:dbmgr, componentID:4001, globalorderID=-1, grouporderID=-1, intaddr:192.168.0.175, intport:49210, extaddr:nonsupport, extport:0,  from 127.0.0.1:49220/0/0/0.
  INFO root [2019-09-27 15:29:11,353] - Components::addComponent: reset orderLog, uid=999!
  INFO root [2019-09-27 15:29:11,353] - Components::addComponent[dbmgr], uid=999, componentID=4001, globalorderid=1, grouporderid=1, totalcount=1
  INFO root [2019-09-27 15:29:12,398] - Components::process(): Found all the components!
  WARN root [2019-09-27 17:17:09,155] - TCPPacketReceiver::processPendingEvents(127.0.0.1:49220): Throwing REASON_GENERAL_NETWORK - WSAECONNRESET
  INFO root [2019-09-27 17:17:09,157] - Components::removeComponentByChannel: dbmgr : 4001, Normal exit!
  INFO root [2019-09-27 17:17:13,095] - 
  INFO root [2019-09-27 17:17:13,096] - -----------------------------------------------------------------------------------------


  INFO root [2019-09-27 17:17:13,097] - Resmgr::initialize: KBE_ROOT=D:/Work/Svr/KBEngine_Bate/
  INFO root [2019-09-27 17:17:13,097] - Resmgr::initialize: KBE_RES_PATH=D:/Work/Svr/KBEngine_Bate/kbe/res/;D:/Work/Svr/KBEngine_Bate/server_assets/;D:/Work/Svr/KBEngine_Bate/server_assets/scripts/;D:/Work/Svr/KBEngine_Bate/server_assets/res/
  INFO root [2019-09-27 17:17:13,097] - Resmgr::initialize: KBE_BIN_PATH=D:/Work/Svr/KBEngine_Bate/kbe/bin/server/
  INFO root [2019-09-27 17:17:13,111] - NetworkInterface::initialize(INTERNAL-TCP): bound to all interfaces with default route interface on 192.168.0.175 ( 192.168.0.175:30099 )
  INFO root [2019-09-27 17:17:13,111] - NetworkInterface::initialize(INTERNAL-TCP): address 192.168.0.175:30099, SOMAXCONN=511.
  INFO root [2019-09-27 17:17:13,111] - server-configs:
  INFO root [2019-09-27 17:17:13,112] - 	internalTcpAddr : 192.168.0.175:30099
  INFO root [2019-09-27 17:17:13,112] - 	externalTcpAddr : %s
  INFO root [2019-09-27 17:17:13,112] - 	componentID : 3001
  INFO root [2019-09-27 17:17:13,117] - ---- interfaces Version: 2.5.7. ScriptVersion: 0.1.0. Pythoncore: 3.7.3. Protocol: 96E445E56B9E460E561358C2D6E9F43B. Config: Debug X86. Built: 14:20:56 Sep 18 2019. AppID: 3001. UID: 999. PID: 21052 ----
  INFO root [2019-09-27 17:17:13,117] - Server ly_server_programer: Intel(R) Core(TM) i7-8700K CPU @ 3.70GHz with 2097151kB RAM
  INFO root [2019-09-27 17:17:13,118] - ThreadPool::createThreadPool: creating  threadpool...
  INFO root [2019-09-27 17:17:13,118] - ThreadPool::createThreadPool: successfully(2), newThreadCount=1, normalMaxThreadCount=2, maxThreadCount=8
  INFO root [2019-09-27 17:17:13,309] - Script::install(): is successfully, Python=(3.7.3 (default, Sep 18 2019, 14:20:04) [MSC v.1916 32 bit (Intel)])!
  INFO root [2019-09-27 17:17:13,309] - Script::install(): KBExtra is successfully!
S_INFO root [2019-09-27 17:17:13,336] - onInterfaceAppReady: bootstrapGroupIndex=0, bootstrapGlobalIndex=0
  INFO root [2019-09-27 17:17:13,338] - TelnetServer server is running on port 33000
  INFO root [2019-09-27 17:17:13,656] - ---- interfaces is running ----
 DEBUG root [2019-09-27 17:17:13,656] - Components::process(): Request for the process of identity...
  INFO root [2019-09-27 17:17:19,959] - ServerApp::onRegisterNewApp: uid:999, username:ly_server_programer, componentType:dbmgr, componentID:4001, globalorderID=-1, grouporderID=-1, intaddr:192.168.0.175, intport:58607, extaddr:nonsupport, extport:0,  from 127.0.0.1:58611/0/0/0.
  INFO root [2019-09-27 17:17:19,959] - Components::addComponent: reset orderLog, uid=999!
  INFO root [2019-09-27 17:17:19,959] - Components::addComponent[dbmgr], uid=999, componentID=4001, globalorderid=1, grouporderid=1, totalcount=1
  INFO root [2019-09-27 17:17:21,037] - Components::process(): Found all the components!
S_INFO root [2019-09-27 17:17:45,851] - onRequestAccountLogin: registerName=cat
  WARN root [2019-09-27 17:19:53,088] - TCPPacketReceiver::processPendingEvents(127.0.0.1:58611): Throwing REASON_GENERAL_NETWORK - WSAECONNRESET
  INFO root [2019-09-27 17:19:53,088] - Components::removeComponentByChannel: dbmgr : 4001, Normal exit!
  INFO root [2019-09-27 17:20:00,756] - 
  INFO root [2019-09-27 17:20:00,756] - -----------------------------------------------------------------------------------------


  INFO root [2019-09-27 17:20:00,757] - Resmgr::initialize: KBE_ROOT=D:/Work/Svr/KBEngine_Bate/
  INFO root [2019-09-27 17:20:00,758] - Resmgr::initialize: KBE_RES_PATH=D:/Work/Svr/KBEngine_Bate/kbe/res/;D:/Work/Svr/KBEngine_Bate/server_assets/;D:/Work/Svr/KBEngine_Bate/server_assets/scripts/;D:/Work/Svr/KBEngine_Bate/server_assets/res/
  INFO root [2019-09-27 17:20:00,758] - Resmgr::initialize: KBE_BIN_PATH=D:/Work/Svr/KBEngine_Bate/kbe/bin/server/
  INFO root [2019-09-27 17:20:00,770] - NetworkInterface::initialize(INTERNAL-TCP): bound to all interfaces with default route interface on 192.168.0.175 ( 192.168.0.175:30099 )
  INFO root [2019-09-27 17:20:00,770] - NetworkInterface::initialize(INTERNAL-TCP): address 192.168.0.175:30099, SOMAXCONN=511.
  INFO root [2019-09-27 17:20:00,770] - server-configs:
  INFO root [2019-09-27 17:20:00,771] - 	internalTcpAddr : 192.168.0.175:30099
  INFO root [2019-09-27 17:20:00,771] - 	externalTcpAddr : %s
  INFO root [2019-09-27 17:20:00,771] - 	componentID : 3001
  INFO root [2019-09-27 17:20:00,777] - ---- interfaces Version: 2.5.7. ScriptVersion: 0.1.0. Pythoncore: 3.7.3. Protocol: 96E445E56B9E460E561358C2D6E9F43B. Config: Debug X86. Built: 14:20:56 Sep 18 2019. AppID: 3001. UID: 999. PID: 620 ----
  INFO root [2019-09-27 17:20:00,778] - Server ly_server_programer: Intel(R) Core(TM) i7-8700K CPU @ 3.70GHz with 2097151kB RAM
  INFO root [2019-09-27 17:20:00,778] - ThreadPool::createThreadPool: creating  threadpool...
  INFO root [2019-09-27 17:20:00,779] - ThreadPool::createThreadPool: successfully(2), newThreadCount=1, normalMaxThreadCount=2, maxThreadCount=8
  INFO root [2019-09-27 17:20:00,968] - Script::install(): is successfully, Python=(3.7.3 (default, Sep 18 2019, 14:20:04) [MSC v.1916 32 bit (Intel)])!
  INFO root [2019-09-27 17:20:00,968] - Script::install(): KBExtra is successfully!
S_INFO root [2019-09-27 17:20:00,992] - onInterfaceAppReady: bootstrapGroupIndex=0, bootstrapGlobalIndex=0
  INFO root [2019-09-27 17:20:00,994] - TelnetServer server is running on port 33000
  INFO root [2019-09-27 17:20:01,279] - ---- interfaces is running ----
 DEBUG root [2019-09-27 17:20:01,280] - Components::process(): Request for the process of identity...
  INFO root [2019-09-27 17:20:07,545] - ServerApp::onRegisterNewApp: uid:999, username:ly_server_programer, componentType:dbmgr, componentID:4001, globalorderID=-1, grouporderID=-1, intaddr:192.168.0.175, intport:58781, extaddr:nonsupport, extport:0,  from 127.0.0.1:58789/0/0/0.
  INFO root [2019-09-27 17:20:07,545] - Components::addComponent: reset orderLog, uid=999!
  INFO root [2019-09-27 17:20:07,545] - Components::addComponent[dbmgr], uid=999, componentID=4001, globalorderid=1, grouporderid=1, totalcount=1
  INFO root [2019-09-27 17:20:08,593] - Components::process(): Found all the components!
S_INFO root [2019-09-27 17:20:29,306] - onRequestAccountLogin: registerName=cat
  WARN root [2019-09-27 17:24:22,029] - TCPPacketReceiver::processPendingEvents(127.0.0.1:58789): Throwing REASON_GENERAL_NETWORK - WSAECONNRESET
  INFO root [2019-09-27 17:24:22,029] - Components::removeComponentByChannel: dbmgr : 4001, Normal exit!
  INFO root [2019-09-27 17:24:26,350] - 
  INFO root [2019-09-27 17:24:26,350] - -----------------------------------------------------------------------------------------


  INFO root [2019-09-27 17:24:26,352] - Resmgr::initialize: KBE_ROOT=D:/Work/Svr/KBEngine_Bate/
  INFO root [2019-09-27 17:24:26,352] - Resmgr::initialize: KBE_RES_PATH=D:/Work/Svr/KBEngine_Bate/kbe/res/;D:/Work/Svr/KBEngine_Bate/server_assets/;D:/Work/Svr/KBEngine_Bate/server_assets/scripts/;D:/Work/Svr/KBEngine_Bate/server_assets/res/
  INFO root [2019-09-27 17:24:26,352] - Resmgr::initialize: KBE_BIN_PATH=D:/Work/Svr/KBEngine_Bate/kbe/bin/server/
  INFO root [2019-09-27 17:24:26,366] - NetworkInterface::initialize(INTERNAL-TCP): bound to all interfaces with default route interface on 192.168.0.175 ( 192.168.0.175:30099 )
  INFO root [2019-09-27 17:24:26,366] - NetworkInterface::initialize(INTERNAL-TCP): address 192.168.0.175:30099, SOMAXCONN=511.
  INFO root [2019-09-27 17:24:26,366] - server-configs:
  INFO root [2019-09-27 17:24:26,367] - 	internalTcpAddr : 192.168.0.175:30099
  INFO root [2019-09-27 17:24:26,367] - 	externalTcpAddr : %s
  INFO root [2019-09-27 17:24:26,367] - 	componentID : 3001
  INFO root [2019-09-27 17:24:26,372] - ---- interfaces Version: 2.5.7. ScriptVersion: 0.1.0. Pythoncore: 3.7.3. Protocol: 96E445E56B9E460E561358C2D6E9F43B. Config: Debug X86. Built: 14:20:56 Sep 18 2019. AppID: 3001. UID: 999. PID: 27844 ----
  INFO root [2019-09-27 17:24:26,373] - Server ly_server_programer: Intel(R) Core(TM) i7-8700K CPU @ 3.70GHz with 2097151kB RAM
  INFO root [2019-09-27 17:24:26,373] - ThreadPool::createThreadPool: creating  threadpool...
  INFO root [2019-09-27 17:24:26,374] - ThreadPool::createThreadPool: successfully(2), newThreadCount=1, normalMaxThreadCount=2, maxThreadCount=8
  INFO root [2019-09-27 17:24:26,567] - Script::install(): is successfully, Python=(3.7.3 (default, Sep 18 2019, 14:20:04) [MSC v.1916 32 bit (Intel)])!
  INFO root [2019-09-27 17:24:26,567] - Script::install(): KBExtra is successfully!
S_INFO root [2019-09-27 17:24:26,592] - onInterfaceAppReady: bootstrapGroupIndex=0, bootstrapGlobalIndex=0
  INFO root [2019-09-27 17:24:26,595] - TelnetServer server is running on port 33000
  INFO root [2019-09-27 17:24:26,921] - ---- interfaces is running ----
 DEBUG root [2019-09-27 17:24:26,921] - Components::process(): Request for the process of identity...
  INFO root [2019-09-27 17:24:33,187] - ServerApp::onRegisterNewApp: uid:999, username:ly_server_programer, componentType:dbmgr, componentID:4001, globalorderID=-1, grouporderID=-1, intaddr:192.168.0.175, intport:59076, extaddr:nonsupport, extport:0,  from 127.0.0.1:59085/0/0/0.
  INFO root [2019-09-27 17:24:33,187] - Components::addComponent: reset orderLog, uid=999!
  INFO root [2019-09-27 17:24:33,187] - Components::addComponent[dbmgr], uid=999, componentID=4001, globalorderid=1, grouporderid=1, totalcount=1
  INFO root [2019-09-27 17:24:34,254] - Components::process(): Found all the components!
S_INFO root [2019-09-27 17:31:23,107] - onRequestAccountLogin: registerName=cat
