    INFO baseappmgr-1 999 5001  [2019-09-26 17:36:02 678] - -----------------------------------------------------------------------------------------


    INFO baseappmgr-1 999 5001  [2019-09-26 17:36:02 679] - Resmgr::initialize: KBE_ROOT=D:/Work/Svr/KBEngine_Bate/
    INFO baseappmgr-1 999 5001  [2019-09-26 17:36:02 679] - Resmgr::initialize: KBE_RES_PATH=D:/Work/Svr/KBEngine_Bate/kbe/res/;D:/Work/Svr/KBEngine_Bate/server_assets/;D:/Work/Svr/KBEngine_Bate/server_assets/scripts/;D:/Work/Svr/KBEngine_Bate/server_assets/res/
    INFO baseappmgr-1 999 5001  [2019-09-26 17:36:02 680] - Resmgr::initialize: KBE_BIN_PATH=D:/Work/Svr/KBEngine_Bate/kbe/bin/server/
    INFO baseappmgr-1 999 5001  [2019-09-26 17:36:02 688] - NetworkInterface::initialize(INTERNAL-TCP): bound to all interfaces with default route interface on 192.168.0.175 ( 192.168.0.175:61667 )
    INFO baseappmgr-1 999 5001  [2019-09-26 17:36:02 689] - NetworkInterface::initialize(INTERNAL-TCP): address 192.168.0.175:61667, SOMAXCONN=511.
    INFO baseappmgr-1 999 5001  [2019-09-26 17:36:02 689] - server-configs:
    INFO baseappmgr-1 999 5001  [2019-09-26 17:36:02 689] - 	internalTcpAddr : 192.168.0.175:61667
    INFO baseappmgr-1 999 5001  [2019-09-26 17:36:02 689] - 	componentID : 5001
    INFO baseappmgr-1 999 5001  [2019-09-26 17:36:02 727] - Components::findLogger: found logger, addr:192.168.0.175:61641
    INFO baseappmgr-1 999 5001  [2019-09-26 17:36:02 728] - Components::addComponent: reset orderLog, uid=999!
    INFO baseappmgr-1 999 5001  [2019-09-26 17:36:02 728] - Components::addComponent[logger], uid=999, componentID=2001, globalorderid=1, grouporderid=1, totalcount=1
    INFO baseappmgr-1 999 5001  [2019-09-26 17:36:02 731] - ---- baseappmgr Version: 2.5.7. ScriptVersion: 0.1.0. Pythoncore: 3.7.3. Protocol: F070EF05A96B768F8BA788CE4BCBB097. Config: Debug X86. Built: 14:21:21 Sep 18 2019. AppID: 5001. UID: 999. PID: 23172 ----
    INFO baseappmgr-1 999 5001  [2019-09-26 17:36:02 732] - Server ly_server_programer: Intel(R) Core(TM) i7-8700K CPU @ 3.70GHz with 2097151kB RAM
    INFO baseappmgr-1 999 5001  [2019-09-26 17:36:02 732] - ThreadPool::createThreadPool: creating  threadpool...
    INFO baseappmgr-1 999 5001  [2019-09-26 17:36:02 732] - ThreadPool::createThreadPool: successfully(2), newThreadCount=1, normalMaxThreadCount=2, maxThreadCount=8
    INFO baseappmgr-1 999 5001  [2019-09-26 17:36:03 023] - ---- baseappmgr is running ----
   DEBUG baseappmgr-1 999 5001  [2019-09-26 17:36:03 024] - Components::process(): Request for the process of identity...
    INFO baseappmgr-1 999 5001  [2019-09-26 17:36:10 233] - Components::findComponents: find dbmgr(1)...
    INFO baseappmgr-1 999 5001  [2019-09-26 17:36:12 312] - Components::findComponents: find dbmgr(2)...
    INFO baseappmgr-1 999 5001  [2019-09-26 17:36:14 413] - Components::findComponents: find dbmgr(3)...
    INFO baseappmgr-1 999 5001  [2019-09-26 17:36:16 433] - Components::findComponents: find dbmgr(4)...
    INFO baseappmgr-1 999 5001  [2019-09-26 17:36:18 453] - Components::findComponents: find dbmgr(5)...
    INFO baseappmgr-1 999 5001  [2019-09-26 17:36:20 533] - Components::findComponents: find dbmgr(6)...
    INFO baseappmgr-1 999 5001  [2019-09-26 17:36:22 652] - Components::findComponents: find dbmgr(7)...
    INFO baseappmgr-1 999 5001  [2019-09-26 17:36:24 753] - Components::findComponents: find dbmgr(8)...
    INFO baseappmgr-1 999 5001  [2019-09-26 17:36:26 833] - Components::findComponents: find dbmgr(9)...
    INFO baseappmgr-1 999 5001  [2019-09-26 17:36:28 852] - Components::findComponents: find dbmgr(10)...
    INFO baseappmgr-1 999 5001  [2019-09-26 17:36:30 873] - Components::findComponents: find dbmgr(11)...
    INFO baseappmgr-1 999 5001  [2019-09-26 17:36:32 933] - Components::findComponents: find dbmgr(12)...
    INFO baseappmgr-1 999 5001  [2019-09-26 17:36:37 906] - -----------------------------------------------------------------------------------------


    INFO baseappmgr-1 999 5001  [2019-09-26 17:36:37 907] - Resmgr::initialize: KBE_ROOT=D:/Work/Svr/KBEngine_Bate/
    INFO baseappmgr-1 999 5001  [2019-09-26 17:36:37 907] - Resmgr::initialize: KBE_RES_PATH=D:/Work/Svr/KBEngine_Bate/kbe/res/;D:/Work/Svr/KBEngine_Bate/server_assets/;D:/Work/Svr/KBEngine_Bate/server_assets/scripts/;D:/Work/Svr/KBEngine_Bate/server_assets/res/
    INFO baseappmgr-1 999 5001  [2019-09-26 17:36:37 907] - Resmgr::initialize: KBE_BIN_PATH=D:/Work/Svr/KBEngine_Bate/kbe/bin/server/
    INFO baseappmgr-1 999 5001  [2019-09-26 17:36:37 921] - NetworkInterface::initialize(INTERNAL-TCP): bound to all interfaces with default route interface on 192.168.0.175 ( 192.168.0.175:61713 )
    INFO baseappmgr-1 999 5001  [2019-09-26 17:36:37 921] - NetworkInterface::initialize(INTERNAL-TCP): address 192.168.0.175:61713, SOMAXCONN=511.
    INFO baseappmgr-1 999 5001  [2019-09-26 17:36:37 921] - server-configs:
    INFO baseappmgr-1 999 5001  [2019-09-26 17:36:37 922] - 	internalTcpAddr : 192.168.0.175:61713
    INFO baseappmgr-1 999 5001  [2019-09-26 17:36:37 922] - 	componentID : 5001
 WARNING baseappmgr-1 999 5001  [2019-09-26 17:36:38 262] - BundleBroadcast::BundleBroadcast: Cannot bind to port 20323, errorno=10048
    INFO baseappmgr-1 999 5001  [2019-09-26 17:36:38 265] - ---- baseappmgr Version: 2.5.7. ScriptVersion: 0.1.0. Pythoncore: 3.7.3. Protocol: F070EF05A96B768F8BA788CE4BCBB097. Config: Debug X86. Built: 14:21:21 Sep 18 2019. AppID: 5001. UID: 999. PID: 35768 ----
    INFO baseappmgr-1 999 5001  [2019-09-26 17:36:38 266] - Server ly_server_programer: Intel(R) Core(TM) i7-8700K CPU @ 3.70GHz with 2097151kB RAM
    INFO baseappmgr-1 999 5001  [2019-09-26 17:36:38 266] - ThreadPool::createThreadPool: creating  threadpool...
    INFO baseappmgr-1 999 5001  [2019-09-26 17:36:38 266] - ThreadPool::createThreadPool: successfully(2), newThreadCount=1, normalMaxThreadCount=2, maxThreadCount=8
    INFO baseappmgr-1 999 5001  [2019-09-26 17:36:38 593] - ---- baseappmgr is running ----
   DEBUG baseappmgr-1 999 5001  [2019-09-26 17:36:38 593] - Components::process(): Request for the process of identity...
    INFO baseappmgr-1 999 5001  [2019-09-26 17:36:45 787] - Components::findComponents: find logger(1)...
    INFO baseappmgr-1 999 5001  [2019-09-26 17:36:45 882] - Components::findComponents: found logger, addr:192.168.0.175:61715
    INFO baseappmgr-1 999 5001  [2019-09-26 17:36:45 882] - Components::addComponent: reset orderLog, uid=999!
    INFO baseappmgr-1 999 5001  [2019-09-26 17:36:45 883] - Components::addComponent[logger], uid=999, componentID=2001, globalorderid=1, grouporderid=1, totalcount=1
    INFO baseappmgr-1 999 5001  [2019-09-26 17:36:45 883] - Components::findComponents: find dbmgr(2)...
    INFO baseappmgr-1 999 5001  [2019-09-26 17:36:47 987] - Components::findComponents: find dbmgr(3)...
    INFO baseappmgr-1 999 5001  [2019-09-26 17:36:50 028] - Components::findComponents: find dbmgr(4)...
    INFO baseappmgr-1 999 5001  [2019-09-26 17:36:52 048] - Components::findComponents: find dbmgr(5)...
    INFO baseappmgr-1 999 5001  [2019-09-26 17:36:54 068] - Components::findComponents: find dbmgr(6)...
    INFO baseappmgr-1 999 5001  [2019-09-26 17:36:56 087] - Components::findComponents: find dbmgr(7)...
    INFO baseappmgr-1 999 5001  [2019-09-26 17:36:58 107] - Components::findComponents: find dbmgr(8)...
    INFO baseappmgr-1 999 5001  [2019-09-26 17:37:00 128] - Components::findComponents: find dbmgr(9)...
    INFO baseappmgr-1 999 5001  [2019-09-26 17:37:02 167] - Components::findComponents: find dbmgr(10)...
    INFO baseappmgr-1 999 5001  [2019-09-26 17:38:05 808] - -----------------------------------------------------------------------------------------


    INFO baseappmgr-1 999 5001  [2019-09-26 17:38:05 809] - Resmgr::initialize: KBE_ROOT=D:/Work/Svr/KBEngine_Bate/
    INFO baseappmgr-1 999 5001  [2019-09-26 17:38:05 809] - Resmgr::initialize: KBE_RES_PATH=D:/Work/Svr/KBEngine_Bate/kbe/res/;D:/Work/Svr/KBEngine_Bate/server_assets/;D:/Work/Svr/KBEngine_Bate/server_assets/scripts/;D:/Work/Svr/KBEngine_Bate/server_assets/res/
    INFO baseappmgr-1 999 5001  [2019-09-26 17:38:05 809] - Resmgr::initialize: KBE_BIN_PATH=D:/Work/Svr/KBEngine_Bate/kbe/bin/server/
    INFO baseappmgr-1 999 5001  [2019-09-26 17:38:05 822] - NetworkInterface::initialize(INTERNAL-TCP): bound to all interfaces with default route interface on 192.168.0.175 ( 192.168.0.175:61827 )
    INFO baseappmgr-1 999 5001  [2019-09-26 17:38:05 822] - NetworkInterface::initialize(INTERNAL-TCP): address 192.168.0.175:61827, SOMAXCONN=511.
    INFO baseappmgr-1 999 5001  [2019-09-26 17:38:05 822] - server-configs:
    INFO baseappmgr-1 999 5001  [2019-09-26 17:38:05 822] - 	internalTcpAddr : 192.168.0.175:61827
    INFO baseappmgr-1 999 5001  [2019-09-26 17:38:05 822] - 	componentID : 5001
    INFO baseappmgr-1 999 5001  [2019-09-26 17:38:07 327] - ---- baseappmgr Version: 2.5.7. ScriptVersion: 0.1.0. Pythoncore: 3.7.3. Protocol: F070EF05A96B768F8BA788CE4BCBB097. Config: Debug X86. Built: 14:21:21 Sep 18 2019. AppID: 5001. UID: 999. PID: 14672 ----
    INFO baseappmgr-1 999 5001  [2019-09-26 17:38:07 327] - Server ly_server_programer: Intel(R) Core(TM) i7-8700K CPU @ 3.70GHz with 2097151kB RAM
    INFO baseappmgr-1 999 5001  [2019-09-26 17:38:07 327] - ThreadPool::createThreadPool: creating  threadpool...
    INFO baseappmgr-1 999 5001  [2019-09-26 17:38:07 327] - ThreadPool::createThreadPool: successfully(2), newThreadCount=1, normalMaxThreadCount=2, maxThreadCount=8
    INFO baseappmgr-1 999 5001  [2019-09-26 17:38:07 614] - ---- baseappmgr is running ----
   DEBUG baseappmgr-1 999 5001  [2019-09-26 17:38:07 615] - Components::process(): Request for the process of identity...
 WARNING baseappmgr-1 999 5001  [2019-09-26 17:38:07 953] - BundleBroadcast::BundleBroadcast: Cannot bind to port 20294, errorno=10048
    INFO baseappmgr-1 999 5001  [2019-09-26 17:38:15 188] - Components::findComponents: find logger(1)...
    INFO baseappmgr-1 999 5001  [2019-09-26 17:38:15 236] - Components::findComponents: found logger, addr:192.168.0.175:61834
    INFO baseappmgr-1 999 5001  [2019-09-26 17:38:15 236] - Components::addComponent: reset orderLog, uid=999!
    INFO baseappmgr-1 999 5001  [2019-09-26 17:38:15 236] - Components::addComponent[logger], uid=999, componentID=2001, globalorderid=1, grouporderid=1, totalcount=1
    INFO baseappmgr-1 999 5001  [2019-09-26 17:38:15 237] - Components::findComponents: find dbmgr(2)...
    INFO baseappmgr-1 999 5001  [2019-09-26 17:38:17 348] - Components::findComponents: find dbmgr(3)...
    INFO baseappmgr-1 999 5001  [2019-09-26 17:38:19 368] - Components::findComponents: find dbmgr(4)...
    INFO baseappmgr-1 999 5001  [2019-09-26 17:38:21 388] - Components::findComponents: find dbmgr(5)...
    INFO baseappmgr-1 999 5001  [2019-09-26 17:38:23 408] - Components::findComponents: find dbmgr(6)...
    INFO baseappmgr-1 999 5001  [2019-09-26 17:38:25 428] - Components::findComponents: find dbmgr(7)...
    INFO baseappmgr-1 999 5001  [2019-09-26 17:38:27 448] - Components::findComponents: find dbmgr(8)...
    INFO baseappmgr-1 999 5001  [2019-09-26 17:38:29 467] - Components::findComponents: find dbmgr(9)...
    INFO baseappmgr-1 999 5001  [2019-09-26 17:38:31 487] - Components::findComponents: find dbmgr(10)...
    INFO baseappmgr-1 999 5001  [2019-09-26 17:38:33 508] - Components::findComponents: find dbmgr(11)...
    INFO baseappmgr-1 999 5001  [2019-09-26 17:38:35 548] - Components::findComponents: find dbmgr(12)...
    INFO baseappmgr-1 999 5001  [2019-09-26 17:38:37 568] - Components::findComponents: find dbmgr(13)...
    INFO baseappmgr-1 999 5001  [2019-09-26 17:38:39 588] - Components::findComponents: find dbmgr(14)...
    INFO baseappmgr-1 999 5001  [2019-09-26 17:38:41 608] - Components::findComponents: find dbmgr(15)...
    INFO baseappmgr-1 999 5001  [2019-09-26 17:38:43 628] - Components::findComponents: find dbmgr(16)...
 WARNING baseappmgr-1 999 5001  [2019-09-26 17:38:45 648] - Components::findComponents: find dbmgr(17)...
delay time is too long, please check the dbmgr logs!
 WARNING baseappmgr-1 999 5001  [2019-09-26 17:38:47 668] - Components::findComponents: find dbmgr(18)...
delay time is too long, please check the dbmgr logs!
 WARNING baseappmgr-1 999 5001  [2019-09-26 17:38:49 688] - Components::findComponents: find dbmgr(19)...
delay time is too long, please check the dbmgr logs!
 WARNING baseappmgr-1 999 5001  [2019-09-26 17:38:51 708] - Components::findComponents: find dbmgr(20)...
delay time is too long, please check the dbmgr logs!
 WARNING baseappmgr-1 999 5001  [2019-09-26 17:38:53 747] - Components::findComponents: find dbmgr(21)...
delay time is too long, please check the dbmgr logs!
 WARNING baseappmgr-1 999 5001  [2019-09-26 17:38:55 768] - Components::findComponents: find dbmgr(22)...
delay time is too long, please check the dbmgr logs!
 WARNING baseappmgr-1 999 5001  [2019-09-26 17:38:57 788] - Components::findComponents: find dbmgr(23)...
delay time is too long, please check the dbmgr logs!
 WARNING baseappmgr-1 999 5001  [2019-09-26 17:38:59 808] - Components::findComponents: find dbmgr(24)...
delay time is too long, please check the dbmgr logs!
 WARNING baseappmgr-1 999 5001  [2019-09-26 17:39:01 928] - Components::findComponents: find dbmgr(25)...
delay time is too long, please check the dbmgr logs!
 WARNING baseappmgr-1 999 5001  [2019-09-26 17:39:03 948] - Components::findComponents: find dbmgr(26)...
delay time is too long, please check the dbmgr logs!
 WARNING baseappmgr-1 999 5001  [2019-09-26 17:39:05 988] - Components::findComponents: find dbmgr(27)...
delay time is too long, please check the dbmgr logs!
 WARNING baseappmgr-1 999 5001  [2019-09-26 17:39:08 008] - Components::findComponents: find dbmgr(28)...
delay time is too long, please check the dbmgr logs!
 WARNING baseappmgr-1 999 5001  [2019-09-26 17:39:10 027] - Components::findComponents: find dbmgr(29)...
delay time is too long, please check the dbmgr logs!
 WARNING baseappmgr-1 999 5001  [2019-09-26 17:39:12 048] - Components::findComponents: find dbmgr(30)...
delay time is too long, please check the dbmgr logs!
 WARNING baseappmgr-1 999 5001  [2019-09-26 17:39:14 088] - Components::findComponents: find dbmgr(31)...
delay time is too long, please check the dbmgr logs!
 WARNING baseappmgr-1 999 5001  [2019-09-26 17:39:16 188] - Components::findComponents: find dbmgr(32)...
delay time is too long, please check the dbmgr logs!
 WARNING baseappmgr-1 999 5001  [2019-09-26 17:39:18 207] - Components::findComponents: find dbmgr(33)...
delay time is too long, please check the dbmgr logs!
 WARNING baseappmgr-1 999 5001  [2019-09-26 17:39:20 228] - Components::findComponents: find dbmgr(34)...
delay time is too long, please check the dbmgr logs!
 WARNING baseappmgr-1 999 5001  [2019-09-26 17:39:22 268] - Components::findComponents: find dbmgr(35)...
delay time is too long, please check the dbmgr logs!
 WARNING baseappmgr-1 999 5001  [2019-09-26 17:39:24 287] - Components::findComponents: find dbmgr(36)...
delay time is too long, please check the dbmgr logs!
 WARNING baseappmgr-1 999 5001  [2019-09-26 17:39:26 307] - Components::findComponents: find dbmgr(37)...
delay time is too long, please check the dbmgr logs!
 WARNING baseappmgr-1 999 5001  [2019-09-26 17:39:28 427] - Components::findComponents: find dbmgr(38)...
delay time is too long, please check the dbmgr logs!
 WARNING baseappmgr-1 999 5001  [2019-09-26 17:39:30 448] - Components::findComponents: find dbmgr(39)...
delay time is too long, please check the dbmgr logs!
 WARNING baseappmgr-1 999 5001  [2019-09-26 17:39:32 467] - Components::findComponents: find dbmgr(40)...
delay time is too long, please check the dbmgr logs!
 WARNING baseappmgr-1 999 5001  [2019-09-26 17:39:34 488] - Components::findComponents: find dbmgr(41)...
delay time is too long, please check the dbmgr logs!
 WARNING baseappmgr-1 999 5001  [2019-09-26 17:39:36 528] - Components::findComponents: find dbmgr(42)...
delay time is too long, please check the dbmgr logs!
 WARNING baseappmgr-1 999 5001  [2019-09-26 17:39:38 547] - Components::findComponents: find dbmgr(43)...
delay time is too long, please check the dbmgr logs!
 WARNING baseappmgr-1 999 5001  [2019-09-26 17:39:40 567] - Components::findComponents: find dbmgr(44)...
delay time is too long, please check the dbmgr logs!
 WARNING baseappmgr-1 999 5001  [2019-09-26 17:39:42 588] - Components::findComponents: find dbmgr(45)...
delay time is too long, please check the dbmgr logs!
 WARNING baseappmgr-1 999 5001  [2019-09-26 17:39:44 611] - Components::findComponents: find dbmgr(46)...
delay time is too long, please check the dbmgr logs!
 WARNING baseappmgr-1 999 5001  [2019-09-26 17:39:46 647] - Components::findComponents: find dbmgr(47)...
delay time is too long, please check the dbmgr logs!
 WARNING baseappmgr-1 999 5001  [2019-09-26 17:39:48 768] - Components::findComponents: find dbmgr(48)...
delay time is too long, please check the dbmgr logs!
 WARNING baseappmgr-1 999 5001  [2019-09-26 17:39:50 887] - Components::findComponents: find dbmgr(49)...
delay time is too long, please check the dbmgr logs!
 WARNING baseappmgr-1 999 5001  [2019-09-26 17:39:53 008] - Components::findComponents: find dbmgr(50)...
delay time is too long, please check the dbmgr logs!
 WARNING baseappmgr-1 999 5001  [2019-09-26 17:39:55 128] - Components::findComponents: find dbmgr(51)...
delay time is too long, please check the dbmgr logs!
 WARNING baseappmgr-1 999 5001  [2019-09-26 17:39:57 147] - Components::findComponents: find dbmgr(52)...
delay time is too long, please check the dbmgr logs!
    INFO baseappmgr-1 999 5001  [2019-09-26 17:41:03 936] - -----------------------------------------------------------------------------------------


    INFO baseappmgr-1 999 5001  [2019-09-26 17:41:03 936] - Resmgr::initialize: KBE_ROOT=D:/Work/Svr/KBEngine_Bate/
    INFO baseappmgr-1 999 5001  [2019-09-26 17:41:03 937] - Resmgr::initialize: KBE_RES_PATH=D:/Work/Svr/KBEngine_Bate/kbe/res/;D:/Work/Svr/KBEngine_Bate/server_assets/;D:/Work/Svr/KBEngine_Bate/server_assets/scripts/;D:/Work/Svr/KBEngine_Bate/server_assets/res/
    INFO baseappmgr-1 999 5001  [2019-09-26 17:41:03 937] - Resmgr::initialize: KBE_BIN_PATH=D:/Work/Svr/KBEngine_Bate/kbe/bin/server/
    INFO baseappmgr-1 999 5001  [2019-09-26 17:41:03 954] - NetworkInterface::initialize(INTERNAL-TCP): bound to all interfaces with default route interface on 192.168.0.175 ( 192.168.0.175:62049 )
    INFO baseappmgr-1 999 5001  [2019-09-26 17:41:03 954] - NetworkInterface::initialize(INTERNAL-TCP): address 192.168.0.175:62049, SOMAXCONN=511.
    INFO baseappmgr-1 999 5001  [2019-09-26 17:41:03 954] - server-configs:
    INFO baseappmgr-1 999 5001  [2019-09-26 17:41:03 954] - 	internalTcpAddr : 192.168.0.175:62049
    INFO baseappmgr-1 999 5001  [2019-09-26 17:41:03 954] - 	componentID : 5001
 WARNING baseappmgr-1 999 5001  [2019-09-26 17:41:04 292] - BundleBroadcast::BundleBroadcast: Cannot bind to port 20103, errorno=10048
    INFO baseappmgr-1 999 5001  [2019-09-26 17:41:04 296] - ---- baseappmgr Version: 2.5.7. ScriptVersion: 0.1.0. Pythoncore: 3.7.3. Protocol: F070EF05A96B768F8BA788CE4BCBB097. Config: Debug X86. Built: 14:21:21 Sep 18 2019. AppID: 5001. UID: 999. PID: 32104 ----
    INFO baseappmgr-1 999 5001  [2019-09-26 17:41:04 296] - Server ly_server_programer: Intel(R) Core(TM) i7-8700K CPU @ 3.70GHz with 2097151kB RAM
    INFO baseappmgr-1 999 5001  [2019-09-26 17:41:04 296] - ThreadPool::createThreadPool: creating  threadpool...
    INFO baseappmgr-1 999 5001  [2019-09-26 17:41:04 296] - ThreadPool::createThreadPool: successfully(2), newThreadCount=1, normalMaxThreadCount=2, maxThreadCount=8
    INFO baseappmgr-1 999 5001  [2019-09-26 17:41:04 645] - ---- baseappmgr is running ----
   DEBUG baseappmgr-1 999 5001  [2019-09-26 17:41:04 646] - Components::process(): Request for the process of identity...
    INFO baseappmgr-1 999 5001  [2019-09-26 17:41:11 858] - Components::findComponents: find logger(1)...
    INFO baseappmgr-1 999 5001  [2019-09-26 17:41:11 924] - Components::findComponents: found logger, addr:192.168.0.175:62055
    INFO baseappmgr-1 999 5001  [2019-09-26 17:41:11 924] - Components::addComponent: reset orderLog, uid=999!
    INFO baseappmgr-1 999 5001  [2019-09-26 17:41:11 924] - Components::addComponent[logger], uid=999, componentID=2001, globalorderid=1, grouporderid=1, totalcount=1
    INFO baseappmgr-1 999 5001  [2019-09-26 17:41:11 925] - Components::findComponents: find dbmgr(2)...
    INFO baseappmgr-1 999 5001  [2019-09-26 17:41:14 038] - Components::findComponents: find dbmgr(3)...
    INFO baseappmgr-1 999 5001  [2019-09-26 17:41:16 057] - Components::findComponents: find dbmgr(4)...
    INFO baseappmgr-1 999 5001  [2019-09-26 17:41:21 213] - -----------------------------------------------------------------------------------------


    INFO baseappmgr-1 999 5001  [2019-09-26 17:41:21 214] - Resmgr::initialize: KBE_ROOT=D:/Work/Svr/KBEngine_Bate/
    INFO baseappmgr-1 999 5001  [2019-09-26 17:41:21 215] - Resmgr::initialize: KBE_RES_PATH=D:/Work/Svr/KBEngine_Bate/kbe/res/;D:/Work/Svr/KBEngine_Bate/server_assets/;D:/Work/Svr/KBEngine_Bate/server_assets/scripts/;D:/Work/Svr/KBEngine_Bate/server_assets/res/
    INFO baseappmgr-1 999 5001  [2019-09-26 17:41:21 215] - Resmgr::initialize: KBE_BIN_PATH=D:/Work/Svr/KBEngine_Bate/kbe/bin/server/
    INFO baseappmgr-1 999 5001  [2019-09-26 17:41:21 227] - NetworkInterface::initialize(INTERNAL-TCP): bound to all interfaces with default route interface on 192.168.0.175 ( 192.168.0.175:62088 )
    INFO baseappmgr-1 999 5001  [2019-09-26 17:41:21 227] - NetworkInterface::initialize(INTERNAL-TCP): address 192.168.0.175:62088, SOMAXCONN=511.
    INFO baseappmgr-1 999 5001  [2019-09-26 17:41:21 227] - server-configs:
    INFO baseappmgr-1 999 5001  [2019-09-26 17:41:21 227] - 	internalTcpAddr : 192.168.0.175:62088
    INFO baseappmgr-1 999 5001  [2019-09-26 17:41:21 227] - 	componentID : 5001
 WARNING baseappmgr-1 999 5001  [2019-09-26 17:41:21 567] - BundleBroadcast::BundleBroadcast: Cannot bind to port 20947, errorno=10048
    INFO baseappmgr-1 999 5001  [2019-09-26 17:41:21 571] - ---- baseappmgr Version: 2.5.7. ScriptVersion: 0.1.0. Pythoncore: 3.7.3. Protocol: F070EF05A96B768F8BA788CE4BCBB097. Config: Debug X86. Built: 14:21:21 Sep 18 2019. AppID: 5001. UID: 999. PID: 29312 ----
    INFO baseappmgr-1 999 5001  [2019-09-26 17:41:21 571] - Server ly_server_programer: Intel(R) Core(TM) i7-8700K CPU @ 3.70GHz with 2097151kB RAM
    INFO baseappmgr-1 999 5001  [2019-09-26 17:41:21 571] - ThreadPool::createThreadPool: creating  threadpool...
    INFO baseappmgr-1 999 5001  [2019-09-26 17:41:21 571] - ThreadPool::createThreadPool: successfully(2), newThreadCount=1, normalMaxThreadCount=2, maxThreadCount=8
    INFO baseappmgr-1 999 5001  [2019-09-26 17:41:21 885] - ---- baseappmgr is running ----
   DEBUG baseappmgr-1 999 5001  [2019-09-26 17:41:21 885] - Components::process(): Request for the process of identity...
    INFO baseappmgr-1 999 5001  [2019-09-26 17:41:29 092] - Components::findComponents: find logger(1)...
    INFO baseappmgr-1 999 5001  [2019-09-26 17:41:29 165] - Components::findComponents: found logger, addr:192.168.0.175:62084
    INFO baseappmgr-1 999 5001  [2019-09-26 17:41:29 165] - Components::addComponent: reset orderLog, uid=999!
    INFO baseappmgr-1 999 5001  [2019-09-26 17:41:29 165] - Components::addComponent[logger], uid=999, componentID=2001, globalorderid=1, grouporderid=1, totalcount=1
    INFO baseappmgr-1 999 5001  [2019-09-26 17:41:29 166] - Components::findComponents: find dbmgr(2)...
    INFO baseappmgr-1 999 5001  [2019-09-26 17:41:31 273] - Components::findComponents: find dbmgr(3)...
    INFO baseappmgr-1 999 5001  [2019-09-26 17:41:33 293] - Components::findComponents: find dbmgr(4)...
    INFO baseappmgr-1 999 5001  [2019-09-26 17:41:38 676] - -----------------------------------------------------------------------------------------


    INFO baseappmgr-1 999 5001  [2019-09-26 17:41:38 677] - Resmgr::initialize: KBE_ROOT=D:/Work/Svr/KBEngine_Bate/
    INFO baseappmgr-1 999 5001  [2019-09-26 17:41:38 677] - Resmgr::initialize: KBE_RES_PATH=D:/Work/Svr/KBEngine_Bate/kbe/res/;D:/Work/Svr/KBEngine_Bate/server_assets/;D:/Work/Svr/KBEngine_Bate/server_assets/scripts/;D:/Work/Svr/KBEngine_Bate/server_assets/res/
    INFO baseappmgr-1 999 5001  [2019-09-26 17:41:38 677] - Resmgr::initialize: KBE_BIN_PATH=D:/Work/Svr/KBEngine_Bate/kbe/bin/server/
    INFO baseappmgr-1 999 5001  [2019-09-26 17:41:38 693] - NetworkInterface::initialize(INTERNAL-TCP): bound to all interfaces with default route interface on 192.168.0.175 ( 192.168.0.175:62115 )
    INFO baseappmgr-1 999 5001  [2019-09-26 17:41:38 693] - NetworkInterface::initialize(INTERNAL-TCP): address 192.168.0.175:62115, SOMAXCONN=511.
    INFO baseappmgr-1 999 5001  [2019-09-26 17:41:38 693] - server-configs:
    INFO baseappmgr-1 999 5001  [2019-09-26 17:41:38 693] - 	internalTcpAddr : 192.168.0.175:62115
    INFO baseappmgr-1 999 5001  [2019-09-26 17:41:38 693] - 	componentID : 5001
    INFO baseappmgr-1 999 5001  [2019-09-26 17:41:40 198] - ---- baseappmgr Version: 2.5.7. ScriptVersion: 0.1.0. Pythoncore: 3.7.3. Protocol: F070EF05A96B768F8BA788CE4BCBB097. Config: Debug X86. Built: 14:21:21 Sep 18 2019. AppID: 5001. UID: 999. PID: 34720 ----
    INFO baseappmgr-1 999 5001  [2019-09-26 17:41:40 199] - Server ly_server_programer: Intel(R) Core(TM) i7-8700K CPU @ 3.70GHz with 2097151kB RAM
    INFO baseappmgr-1 999 5001  [2019-09-26 17:41:40 199] - ThreadPool::createThreadPool: creating  threadpool...
    INFO baseappmgr-1 999 5001  [2019-09-26 17:41:40 200] - ThreadPool::createThreadPool: successfully(2), newThreadCount=1, normalMaxThreadCount=2, maxThreadCount=8
    INFO baseappmgr-1 999 5001  [2019-09-26 17:41:40 504] - ---- baseappmgr is running ----
   DEBUG baseappmgr-1 999 5001  [2019-09-26 17:41:40 505] - Components::process(): Request for the process of identity...
    INFO baseappmgr-1 999 5001  [2019-09-26 17:41:47 721] - Components::findComponents: find logger(1)...
    INFO baseappmgr-1 999 5001  [2019-09-26 17:41:47 821] - Components::findComponents: found logger, addr:192.168.0.175:62123
    INFO baseappmgr-1 999 5001  [2019-09-26 17:41:47 822] - Components::addComponent: reset orderLog, uid=999!
    INFO baseappmgr-1 999 5001  [2019-09-26 17:41:47 822] - Components::addComponent[logger], uid=999, componentID=2001, globalorderid=1, grouporderid=1, totalcount=1
    INFO baseappmgr-1 999 5001  [2019-09-26 17:41:47 822] - Components::findComponents: find dbmgr(2)...
    INFO baseappmgr-1 999 5001  [2019-09-26 17:41:49 940] - Components::findComponents: find dbmgr(3)...
    INFO baseappmgr-1 999 5001  [2019-09-26 17:41:51 961] - Components::findComponents: find dbmgr(4)...
    INFO baseappmgr-1 999 5001  [2019-09-26 17:41:53 979] - Components::findComponents: find dbmgr(5)...
    INFO baseappmgr-1 999 5001  [2019-09-26 17:41:56 000] - Components::findComponents: find dbmgr(6)...
    INFO baseappmgr-1 999 5001  [2019-09-26 17:41:58 020] - Components::findComponents: find dbmgr(7)...
    INFO baseappmgr-1 999 5001  [2019-09-26 17:42:00 040] - Components::findComponents: find dbmgr(8)...
    INFO baseappmgr-1 999 5001  [2019-09-26 17:42:02 060] - Components::findComponents: find dbmgr(9)...
    INFO baseappmgr-1 999 5001  [2019-09-26 17:42:04 179] - Components::findComponents: find dbmgr(10)...
    INFO baseappmgr-1 999 5001  [2019-09-26 17:42:06 201] - Components::findComponents: find dbmgr(11)...
    INFO baseappmgr-1 999 5001  [2019-09-26 17:42:08 320] - Components::findComponents: find dbmgr(12)...
    INFO baseappmgr-1 999 5001  [2019-09-26 17:42:10 341] - Components::findComponents: find dbmgr(13)...
    INFO baseappmgr-1 999 5001  [2019-09-26 17:42:12 360] - Components::findComponents: find dbmgr(14)...
    INFO baseappmgr-1 999 5001  [2019-09-26 17:42:14 378] - Components::findComponents: find dbmgr(15)...
    INFO baseappmgr-1 999 5001  [2019-09-26 17:42:16 401] - Components::findComponents: find dbmgr(16)...
 WARNING baseappmgr-1 999 5001  [2019-09-26 17:42:18 421] - Components::findComponents: find dbmgr(17)...
delay time is too long, please check the dbmgr logs!
 WARNING baseappmgr-1 999 5001  [2019-09-26 17:42:20 441] - Components::findComponents: find dbmgr(18)...
delay time is too long, please check the dbmgr logs!
 WARNING baseappmgr-1 999 5001  [2019-09-26 17:42:22 460] - Components::findComponents: find dbmgr(19)...
delay time is too long, please check the dbmgr logs!
 WARNING baseappmgr-1 999 5001  [2019-09-26 17:42:24 479] - Components::findComponents: find dbmgr(20)...
delay time is too long, please check the dbmgr logs!
 WARNING baseappmgr-1 999 5001  [2019-09-26 17:42:26 500] - Components::findComponents: find dbmgr(21)...
delay time is too long, please check the dbmgr logs!
 WARNING baseappmgr-1 999 5001  [2019-09-26 17:42:28 520] - Components::findComponents: find dbmgr(22)...
delay time is too long, please check the dbmgr logs!
 WARNING baseappmgr-1 999 5001  [2019-09-26 17:42:30 541] - Components::findComponents: find dbmgr(23)...
delay time is too long, please check the dbmgr logs!
 WARNING baseappmgr-1 999 5001  [2019-09-26 17:42:32 561] - Components::findComponents: find dbmgr(24)...
delay time is too long, please check the dbmgr logs!
 WARNING baseappmgr-1 999 5001  [2019-09-26 17:42:34 580] - Components::findComponents: find dbmgr(25)...
delay time is too long, please check the dbmgr logs!
 WARNING baseappmgr-1 999 5001  [2019-09-26 17:42:36 600] - Components::findComponents: find dbmgr(26)...
delay time is too long, please check the dbmgr logs!
 WARNING baseappmgr-1 999 5001  [2019-09-26 17:42:38 621] - Components::findComponents: find dbmgr(27)...
delay time is too long, please check the dbmgr logs!
 WARNING baseappmgr-1 999 5001  [2019-09-26 17:42:40 660] - Components::findComponents: find dbmgr(28)...
delay time is too long, please check the dbmgr logs!
 WARNING baseappmgr-1 999 5001  [2019-09-26 17:42:42 678] - Components::findComponents: find dbmgr(29)...
delay time is too long, please check the dbmgr logs!
 WARNING baseappmgr-1 999 5001  [2019-09-26 17:42:44 700] - Components::findComponents: find dbmgr(30)...
delay time is too long, please check the dbmgr logs!
 WARNING baseappmgr-1 999 5001  [2019-09-26 17:42:46 720] - Components::findComponents: find dbmgr(31)...
delay time is too long, please check the dbmgr logs!
 WARNING baseappmgr-1 999 5001  [2019-09-26 17:42:48 741] - Components::findComponents: find dbmgr(32)...
delay time is too long, please check the dbmgr logs!
 WARNING baseappmgr-1 999 5001  [2019-09-26 17:42:50 761] - Components::findComponents: find dbmgr(33)...
delay time is too long, please check the dbmgr logs!
 WARNING baseappmgr-1 999 5001  [2019-09-26 17:42:52 778] - Components::findComponents: find dbmgr(34)...
delay time is too long, please check the dbmgr logs!
 WARNING baseappmgr-1 999 5001  [2019-09-26 17:42:54 800] - Components::findComponents: find dbmgr(35)...
delay time is too long, please check the dbmgr logs!
 WARNING baseappmgr-1 999 5001  [2019-09-26 17:42:56 820] - Components::findComponents: find dbmgr(36)...
delay time is too long, please check the dbmgr logs!
 WARNING baseappmgr-1 999 5001  [2019-09-26 17:42:58 841] - Components::findComponents: find dbmgr(37)...
delay time is too long, please check the dbmgr logs!
 WARNING baseappmgr-1 999 5001  [2019-09-26 17:43:00 860] - Components::findComponents: find dbmgr(38)...
delay time is too long, please check the dbmgr logs!
 WARNING baseappmgr-1 999 5001  [2019-09-26 17:43:02 880] - Components::findComponents: find dbmgr(39)...
delay time is too long, please check the dbmgr logs!
 WARNING baseappmgr-1 999 5001  [2019-09-26 17:43:04 900] - Components::findComponents: find dbmgr(40)...
delay time is too long, please check the dbmgr logs!
 WARNING baseappmgr-1 999 5001  [2019-09-26 17:43:06 941] - Components::findComponents: find dbmgr(41)...
delay time is too long, please check the dbmgr logs!
 WARNING baseappmgr-1 999 5001  [2019-09-26 17:43:08 960] - Components::findComponents: find dbmgr(42)...
delay time is too long, please check the dbmgr logs!
 WARNING baseappmgr-1 999 5001  [2019-09-26 17:43:10 979] - Components::findComponents: find dbmgr(43)...
delay time is too long, please check the dbmgr logs!
 WARNING baseappmgr-1 999 5001  [2019-09-26 17:43:13 000] - Components::findComponents: find dbmgr(44)...
delay time is too long, please check the dbmgr logs!
 WARNING baseappmgr-1 999 5001  [2019-09-26 17:43:15 021] - Components::findComponents: find dbmgr(45)...
delay time is too long, please check the dbmgr logs!
 WARNING baseappmgr-1 999 5001  [2019-09-26 17:43:17 140] - Components::findComponents: find dbmgr(46)...
delay time is too long, please check the dbmgr logs!
 WARNING baseappmgr-1 999 5001  [2019-09-26 17:43:19 161] - Components::findComponents: find dbmgr(47)...
delay time is too long, please check the dbmgr logs!
 WARNING baseappmgr-1 999 5001  [2019-09-26 17:43:21 179] - Components::findComponents: find dbmgr(48)...
delay time is too long, please check the dbmgr logs!
 WARNING baseappmgr-1 999 5001  [2019-09-26 17:43:23 220] - Components::findComponents: find dbmgr(49)...
delay time is too long, please check the dbmgr logs!
 WARNING baseappmgr-1 999 5001  [2019-09-26 17:43:25 340] - Components::findComponents: find dbmgr(50)...
delay time is too long, please check the dbmgr logs!
 WARNING baseappmgr-1 999 5001  [2019-09-26 17:43:27 460] - Components::findComponents: find dbmgr(51)...
delay time is too long, please check the dbmgr logs!
 WARNING baseappmgr-1 999 5001  [2019-09-26 17:43:29 579] - Components::findComponents: find dbmgr(52)...
delay time is too long, please check the dbmgr logs!
 WARNING baseappmgr-1 999 5001  [2019-09-26 17:43:31 600] - Components::findComponents: find dbmgr(53)...
delay time is too long, please check the dbmgr logs!
 WARNING baseappmgr-1 999 5001  [2019-09-26 17:43:33 621] - Components::findComponents: find dbmgr(54)...
delay time is too long, please check the dbmgr logs!
    INFO baseappmgr-1 999 5001  [2019-09-26 17:43:47 892] - -----------------------------------------------------------------------------------------


    INFO baseappmgr-1 999 5001  [2019-09-26 17:43:47 893] - Resmgr::initialize: KBE_ROOT=D:/Work/Svr/KBEngine_Bate/
    INFO baseappmgr-1 999 5001  [2019-09-26 17:43:47 893] - Resmgr::initialize: KBE_RES_PATH=D:/Work/Svr/KBEngine_Bate/kbe/res/;D:/Work/Svr/KBEngine_Bate/server_assets/;D:/Work/Svr/KBEngine_Bate/server_assets/scripts/;D:/Work/Svr/KBEngine_Bate/server_assets/res/
    INFO baseappmgr-1 999 5001  [2019-09-26 17:43:47 893] - Resmgr::initialize: KBE_BIN_PATH=D:/Work/Svr/KBEngine_Bate/kbe/bin/server/
    INFO baseappmgr-1 999 5001  [2019-09-26 17:43:47 903] - NetworkInterface::initialize(INTERNAL-TCP): bound to all interfaces with default route interface on 192.168.0.175 ( 192.168.0.175:62335 )
    INFO baseappmgr-1 999 5001  [2019-09-26 17:43:47 903] - NetworkInterface::initialize(INTERNAL-TCP): address 192.168.0.175:62335, SOMAXCONN=511.
    INFO baseappmgr-1 999 5001  [2019-09-26 17:43:47 903] - server-configs:
    INFO baseappmgr-1 999 5001  [2019-09-26 17:43:47 904] - 	internalTcpAddr : 192.168.0.175:62335
    INFO baseappmgr-1 999 5001  [2019-09-26 17:43:47 904] - 	componentID : 5001
    INFO baseappmgr-1 999 5001  [2019-09-26 17:43:49 409] - ---- baseappmgr Version: 2.5.7. ScriptVersion: 0.1.0. Pythoncore: 3.7.3. Protocol: F070EF05A96B768F8BA788CE4BCBB097. Config: Debug X86. Built: 14:21:21 Sep 18 2019. AppID: 5001. UID: 999. PID: 10012 ----
    INFO baseappmgr-1 999 5001  [2019-09-26 17:43:49 409] - Server ly_server_programer: Intel(R) Core(TM) i7-8700K CPU @ 3.70GHz with 2097151kB RAM
    INFO baseappmgr-1 999 5001  [2019-09-26 17:43:49 410] - ThreadPool::createThreadPool: creating  threadpool...
    INFO baseappmgr-1 999 5001  [2019-09-26 17:43:49 410] - ThreadPool::createThreadPool: successfully(2), newThreadCount=1, normalMaxThreadCount=2, maxThreadCount=8
    INFO baseappmgr-1 999 5001  [2019-09-26 17:43:49 701] - ---- baseappmgr is running ----
   DEBUG baseappmgr-1 999 5001  [2019-09-26 17:43:49 702] - Components::process(): Request for the process of identity...
    INFO baseappmgr-1 999 5001  [2019-09-26 17:43:56 911] - Components::findComponents: find logger(1)...
    INFO baseappmgr-1 999 5001  [2019-09-26 17:43:56 916] - Components::findComponents: found logger, addr:192.168.0.175:62339
    INFO baseappmgr-1 999 5001  [2019-09-26 17:43:56 916] - Components::addComponent: reset orderLog, uid=999!
    INFO baseappmgr-1 999 5001  [2019-09-26 17:43:56 916] - Components::addComponent[logger], uid=999, componentID=2001, globalorderid=1, grouporderid=1, totalcount=1
    INFO baseappmgr-1 999 5001  [2019-09-26 17:43:56 917] - Components::findComponents: find dbmgr(2)...
    INFO baseappmgr-1 999 5001  [2019-09-26 17:43:59 031] - Components::findComponents: find dbmgr(3)...
    INFO baseappmgr-1 999 5001  [2019-09-26 17:44:01 070] - Components::findComponents: find dbmgr(4)...
