    INFO   loginapp-1 999 9003  [2019-09-26 17:36:37 908] - -----------------------------------------------------------------------------------------


    INFO   loginapp-1 999 9003  [2019-09-26 17:36:37 909] - Resmgr::initialize: KBE_ROOT=D:/Work/Svr/KBEngine_Bate/
    INFO   loginapp-1 999 9003  [2019-09-26 17:36:37 909] - Resmgr::initialize: KBE_RES_PATH=D:/Work/Svr/KBEngine_Bate/kbe/res/;D:/Work/Svr/KBEngine_Bate/server_assets/;D:/Work/Svr/KBEngine_Bate/server_assets/scripts/;D:/Work/Svr/KBEngine_Bate/server_assets/res/
    INFO   loginapp-1 999 9003  [2019-09-26 17:36:37 909] - Resmgr::initialize: KBE_BIN_PATH=D:/Work/Svr/KBEngine_Bate/kbe/bin/server/
    INFO   loginapp-1 999 9003  [2019-09-26 17:36:37 925] - NetworkInterface::initialize(EXTERNAL-TCP): bound to all interfaces with default route interface on 192.168.0.175 ( 192.168.0.175:20013 )
    INFO   loginapp-1 999 9003  [2019-09-26 17:36:37 925] - NetworkInterface::initialize(EXTERNAL-TCP): address 192.168.0.175:20013, SOMAXCONN=511.
    INFO   loginapp-1 999 9003  [2019-09-26 17:36:37 926] - NetworkInterface::initialize(INTERNAL-TCP): bound to all interfaces with default route interface on 192.168.0.175 ( 192.168.0.175:61717 )
    INFO   loginapp-1 999 9003  [2019-09-26 17:36:37 926] - NetworkInterface::initialize(INTERNAL-TCP): address 192.168.0.175:61717, SOMAXCONN=511.
    INFO   loginapp-1 999 9003  [2019-09-26 17:36:37 927] - server-configs:
    INFO   loginapp-1 999 9003  [2019-09-26 17:36:37 927] - 	internalTcpAddr : 192.168.0.175:61717
    INFO   loginapp-1 999 9003  [2019-09-26 17:36:37 927] - 	externalTcpAddr : 192.168.0.175:20013
    INFO   loginapp-1 999 9003  [2019-09-26 17:36:37 927] - 	componentID : 9003
    INFO   loginapp-1 999 9003  [2019-09-26 17:36:39 573] - ---- loginapp Version: 2.5.7. ScriptVersion: 0.1.0. Pythoncore: 3.7.3. Protocol: CE9FF53F4E85387EE4455C7191269324. Config: Debug X86. Built: 14:21:25 Sep 18 2019. AppID: 9003. UID: 999. PID: 11144 ----
    INFO   loginapp-1 999 9003  [2019-09-26 17:36:39 574] - Server ly_server_programer: Intel(R) Core(TM) i7-8700K CPU @ 3.70GHz with 2097151kB RAM
    INFO   loginapp-1 999 9003  [2019-09-26 17:36:39 575] - ThreadPool::createThreadPool: creating  threadpool...
    INFO   loginapp-1 999 9003  [2019-09-26 17:36:39 575] - ThreadPool::createThreadPool: successfully(2), newThreadCount=1, normalMaxThreadCount=2, maxThreadCount=8
    INFO   loginapp-1 999 9003  [2019-09-26 17:36:39 750] - Script::install(): is successfully, Python=(3.7.3 (default, Sep 18 2019, 14:20:04) [MSC v.1916 32 bit (Intel)])!
    INFO   loginapp-1 999 9003  [2019-09-26 17:36:39 750] - Script::install(): KBExtra is successfully!
  S_INFO   loginapp-1 999 9003  [2019-09-26 17:36:39 760] - onLoginAppReady: bootstrapGroupIndex=0, bootstrapGlobalIndex=0
    INFO   loginapp-1 999 9003  [2019-09-26 17:36:39 760] - TelnetServer server is running on port 31000
    INFO   loginapp-1 999 9003  [2019-09-26 17:36:40 041] - ---- loginapp is running ----
   DEBUG   loginapp-1 999 9003  [2019-09-26 17:36:40 041] - Components::process(): Request for the process of identity...
    INFO   loginapp-1 999 9003  [2019-09-26 17:36:47 261] - Components::findComponents: find logger(1)...
    INFO   loginapp-1 999 9003  [2019-09-26 17:36:47 299] - Components::findComponents: found logger, addr:192.168.0.175:61715
    INFO   loginapp-1 999 9003  [2019-09-26 17:36:47 299] - Components::addComponent: reset orderLog, uid=999!
    INFO   loginapp-1 999 9003  [2019-09-26 17:36:47 300] - Components::addComponent[logger], uid=999, componentID=2001, globalorderid=1, grouporderid=1, totalcount=1
    INFO   loginapp-1 999 9003  [2019-09-26 17:36:47 300] - Components::findComponents: find dbmgr(2)...
    INFO   loginapp-1 999 9003  [2019-09-26 17:36:49 411] - Components::findComponents: find dbmgr(3)...
    INFO   loginapp-1 999 9003  [2019-09-26 17:36:51 440] - Components::findComponents: find dbmgr(4)...
    INFO   loginapp-1 999 9003  [2019-09-26 17:36:53 460] - Components::findComponents: find dbmgr(5)...
    INFO   loginapp-1 999 9003  [2019-09-26 17:36:55 480] - Components::findComponents: find dbmgr(6)...
    INFO   loginapp-1 999 9003  [2019-09-26 17:36:57 501] - Components::findComponents: find dbmgr(7)...
    INFO   loginapp-1 999 9003  [2019-09-26 17:36:59 521] - Components::findComponents: find dbmgr(8)...
    INFO   loginapp-1 999 9003  [2019-09-26 17:37:01 560] - Components::findComponents: find dbmgr(9)...
    INFO   loginapp-1 999 9003  [2019-09-26 17:37:03 680] - Components::findComponents: find dbmgr(10)...
    INFO   loginapp-1 999 9003  [2019-09-26 17:38:05 821] - -----------------------------------------------------------------------------------------


    INFO   loginapp-1 999 9003  [2019-09-26 17:38:05 821] - Resmgr::initialize: KBE_ROOT=D:/Work/Svr/KBEngine_Bate/
    INFO   loginapp-1 999 9003  [2019-09-26 17:38:05 822] - Resmgr::initialize: KBE_RES_PATH=D:/Work/Svr/KBEngine_Bate/kbe/res/;D:/Work/Svr/KBEngine_Bate/server_assets/;D:/Work/Svr/KBEngine_Bate/server_assets/scripts/;D:/Work/Svr/KBEngine_Bate/server_assets/res/
    INFO   loginapp-1 999 9003  [2019-09-26 17:38:05 822] - Resmgr::initialize: KBE_BIN_PATH=D:/Work/Svr/KBEngine_Bate/kbe/bin/server/
    INFO   loginapp-1 999 9003  [2019-09-26 17:38:05 833] - NetworkInterface::initialize(EXTERNAL-TCP): bound to all interfaces with default route interface on 192.168.0.175 ( 192.168.0.175:20013 )
    INFO   loginapp-1 999 9003  [2019-09-26 17:38:05 833] - NetworkInterface::initialize(EXTERNAL-TCP): address 192.168.0.175:20013, SOMAXCONN=511.
    INFO   loginapp-1 999 9003  [2019-09-26 17:38:05 834] - NetworkInterface::initialize(INTERNAL-TCP): bound to all interfaces with default route interface on 192.168.0.175 ( 192.168.0.175:61832 )
    INFO   loginapp-1 999 9003  [2019-09-26 17:38:05 835] - NetworkInterface::initialize(INTERNAL-TCP): address 192.168.0.175:61832, SOMAXCONN=511.
    INFO   loginapp-1 999 9003  [2019-09-26 17:38:05 835] - server-configs:
    INFO   loginapp-1 999 9003  [2019-09-26 17:38:05 835] - 	internalTcpAddr : 192.168.0.175:61832
    INFO   loginapp-1 999 9003  [2019-09-26 17:38:05 835] - 	externalTcpAddr : 192.168.0.175:20013
    INFO   loginapp-1 999 9003  [2019-09-26 17:38:05 835] - 	componentID : 9003
    INFO   loginapp-1 999 9003  [2019-09-26 17:38:06 384] - Components::findLogger: found logger, addr:192.168.0.175:61834
    INFO   loginapp-1 999 9003  [2019-09-26 17:38:06 385] - Components::addComponent: reset orderLog, uid=999!
    INFO   loginapp-1 999 9003  [2019-09-26 17:38:06 385] - Components::addComponent[logger], uid=999, componentID=2001, globalorderid=1, grouporderid=1, totalcount=1
    INFO   loginapp-1 999 9003  [2019-09-26 17:38:06 389] - ---- loginapp Version: 2.5.7. ScriptVersion: 0.1.0. Pythoncore: 3.7.3. Protocol: CE9FF53F4E85387EE4455C7191269324. Config: Debug X86. Built: 14:21:25 Sep 18 2019. AppID: 9003. UID: 999. PID: 6720 ----
    INFO   loginapp-1 999 9003  [2019-09-26 17:38:06 389] - Server ly_server_programer: Intel(R) Core(TM) i7-8700K CPU @ 3.70GHz with 2097151kB RAM
    INFO   loginapp-1 999 9003  [2019-09-26 17:38:06 390] - ThreadPool::createThreadPool: creating  threadpool...
    INFO   loginapp-1 999 9003  [2019-09-26 17:38:06 390] - ThreadPool::createThreadPool: successfully(2), newThreadCount=1, normalMaxThreadCount=2, maxThreadCount=8
    INFO   loginapp-1 999 9003  [2019-09-26 17:38:06 580] - Script::install(): is successfully, Python=(3.7.3 (default, Sep 18 2019, 14:20:04) [MSC v.1916 32 bit (Intel)])!
    INFO   loginapp-1 999 9003  [2019-09-26 17:38:06 580] - Script::install(): KBExtra is successfully!
  S_INFO   loginapp-1 999 9003  [2019-09-26 17:38:06 589] - onLoginAppReady: bootstrapGroupIndex=0, bootstrapGlobalIndex=0
    INFO   loginapp-1 999 9003  [2019-09-26 17:38:06 590] - TelnetServer server is running on port 31000
    INFO   loginapp-1 999 9003  [2019-09-26 17:38:06 887] - ---- loginapp is running ----
   DEBUG   loginapp-1 999 9003  [2019-09-26 17:38:06 887] - Components::process(): Request for the process of identity...
    INFO   loginapp-1 999 9003  [2019-09-26 17:38:14 110] - Components::findComponents: find dbmgr(1)...
    INFO   loginapp-1 999 9003  [2019-09-26 17:38:16 122] - Components::findComponents: find dbmgr(2)...
    INFO   loginapp-1 999 9003  [2019-09-26 17:38:18 170] - Components::findComponents: find dbmgr(3)...
    INFO   loginapp-1 999 9003  [2019-09-26 17:38:20 290] - Components::findComponents: find dbmgr(4)...
    INFO   loginapp-1 999 9003  [2019-09-26 17:38:22 410] - Components::findComponents: find dbmgr(5)...
 WARNING   loginapp-1 999 9003  [2019-09-26 17:38:22 750] - BundleBroadcast::BundleBroadcast: Cannot bind to port 20847, errorno=10048
    INFO   loginapp-1 999 9003  [2019-09-26 17:38:23 769] - Components::findComponents: find dbmgr(6)...
    INFO   loginapp-1 999 9003  [2019-09-26 17:38:25 830] - Components::findComponents: find dbmgr(7)...
    INFO   loginapp-1 999 9003  [2019-09-26 17:38:27 850] - Components::findComponents: find dbmgr(8)...
    INFO   loginapp-1 999 9003  [2019-09-26 17:38:29 870] - Components::findComponents: find dbmgr(9)...
    INFO   loginapp-1 999 9003  [2019-09-26 17:38:31 889] - Components::findComponents: find dbmgr(10)...
    INFO   loginapp-1 999 9003  [2019-09-26 17:38:33 922] - Components::findComponents: find dbmgr(11)...
    INFO   loginapp-1 999 9003  [2019-09-26 17:38:35 950] - Components::findComponents: find dbmgr(12)...
    INFO   loginapp-1 999 9003  [2019-09-26 17:38:37 970] - Components::findComponents: find dbmgr(13)...
    INFO   loginapp-1 999 9003  [2019-09-26 17:38:39 990] - Components::findComponents: find dbmgr(14)...
    INFO   loginapp-1 999 9003  [2019-09-26 17:38:42 010] - Components::findComponents: find dbmgr(15)...
    INFO   loginapp-1 999 9003  [2019-09-26 17:38:44 023] - Components::findComponents: find dbmgr(16)...
 WARNING   loginapp-1 999 9003  [2019-09-26 17:38:46 050] - Components::findComponents: find dbmgr(17)...
delay time is too long, please check the dbmgr logs!
 WARNING   loginapp-1 999 9003  [2019-09-26 17:38:48 070] - Components::findComponents: find dbmgr(18)...
delay time is too long, please check the dbmgr logs!
 WARNING   loginapp-1 999 9003  [2019-09-26 17:38:50 110] - Components::findComponents: find dbmgr(19)...
delay time is too long, please check the dbmgr logs!
 WARNING   loginapp-1 999 9003  [2019-09-26 17:38:52 223] - Components::findComponents: find dbmgr(20)...
delay time is too long, please check the dbmgr logs!
 WARNING   loginapp-1 999 9003  [2019-09-26 17:38:54 250] - Components::findComponents: find dbmgr(21)...
delay time is too long, please check the dbmgr logs!
 WARNING   loginapp-1 999 9003  [2019-09-26 17:38:56 269] - Components::findComponents: find dbmgr(22)...
delay time is too long, please check the dbmgr logs!
 WARNING   loginapp-1 999 9003  [2019-09-26 17:38:58 290] - Components::findComponents: find dbmgr(23)...
delay time is too long, please check the dbmgr logs!
 WARNING   loginapp-1 999 9003  [2019-09-26 17:39:00 410] - Components::findComponents: find dbmgr(24)...
delay time is too long, please check the dbmgr logs!
 WARNING   loginapp-1 999 9003  [2019-09-26 17:39:02 450] - Components::findComponents: find dbmgr(25)...
delay time is too long, please check the dbmgr logs!
 WARNING   loginapp-1 999 9003  [2019-09-26 17:39:04 569] - Components::findComponents: find dbmgr(26)...
delay time is too long, please check the dbmgr logs!
 WARNING   loginapp-1 999 9003  [2019-09-26 17:39:06 589] - Components::findComponents: find dbmgr(27)...
delay time is too long, please check the dbmgr logs!
 WARNING   loginapp-1 999 9003  [2019-09-26 17:39:08 609] - Components::findComponents: find dbmgr(28)...
delay time is too long, please check the dbmgr logs!
 WARNING   loginapp-1 999 9003  [2019-09-26 17:39:10 629] - Components::findComponents: find dbmgr(29)...
delay time is too long, please check the dbmgr logs!
 WARNING   loginapp-1 999 9003  [2019-09-26 17:39:12 670] - Components::findComponents: find dbmgr(30)...
delay time is too long, please check the dbmgr logs!
 WARNING   loginapp-1 999 9003  [2019-09-26 17:39:14 690] - Components::findComponents: find dbmgr(31)...
delay time is too long, please check the dbmgr logs!
 WARNING   loginapp-1 999 9003  [2019-09-26 17:39:16 710] - Components::findComponents: find dbmgr(32)...
delay time is too long, please check the dbmgr logs!
 WARNING   loginapp-1 999 9003  [2019-09-26 17:39:18 823] - Components::findComponents: find dbmgr(33)...
delay time is too long, please check the dbmgr logs!
 WARNING   loginapp-1 999 9003  [2019-09-26 17:39:20 849] - Components::findComponents: find dbmgr(34)...
delay time is too long, please check the dbmgr logs!
 WARNING   loginapp-1 999 9003  [2019-09-26 17:39:22 869] - Components::findComponents: find dbmgr(35)...
delay time is too long, please check the dbmgr logs!
 WARNING   loginapp-1 999 9003  [2019-09-26 17:39:24 890] - Components::findComponents: find dbmgr(36)...
delay time is too long, please check the dbmgr logs!
 WARNING   loginapp-1 999 9003  [2019-09-26 17:39:26 910] - Components::findComponents: find dbmgr(37)...
delay time is too long, please check the dbmgr logs!
 WARNING   loginapp-1 999 9003  [2019-09-26 17:39:28 923] - Components::findComponents: find dbmgr(38)...
delay time is too long, please check the dbmgr logs!
 WARNING   loginapp-1 999 9003  [2019-09-26 17:39:30 950] - Components::findComponents: find dbmgr(39)...
delay time is too long, please check the dbmgr logs!
 WARNING   loginapp-1 999 9003  [2019-09-26 17:39:32 970] - Components::findComponents: find dbmgr(40)...
delay time is too long, please check the dbmgr logs!
 WARNING   loginapp-1 999 9003  [2019-09-26 17:39:34 990] - Components::findComponents: find dbmgr(41)...
delay time is too long, please check the dbmgr logs!
 WARNING   loginapp-1 999 9003  [2019-09-26 17:39:37 029] - Components::findComponents: find dbmgr(42)...
delay time is too long, please check the dbmgr logs!
 WARNING   loginapp-1 999 9003  [2019-09-26 17:39:39 050] - Components::findComponents: find dbmgr(43)...
delay time is too long, please check the dbmgr logs!
 WARNING   loginapp-1 999 9003  [2019-09-26 17:39:41 089] - Components::findComponents: find dbmgr(44)...
delay time is too long, please check the dbmgr logs!
 WARNING   loginapp-1 999 9003  [2019-09-26 17:39:43 189] - Components::findComponents: find dbmgr(45)...
delay time is too long, please check the dbmgr logs!
 WARNING   loginapp-1 999 9003  [2019-09-26 17:39:45 223] - Components::findComponents: find dbmgr(46)...
delay time is too long, please check the dbmgr logs!
 WARNING   loginapp-1 999 9003  [2019-09-26 17:39:47 250] - Components::findComponents: find dbmgr(47)...
delay time is too long, please check the dbmgr logs!
 WARNING   loginapp-1 999 9003  [2019-09-26 17:39:49 270] - Components::findComponents: find dbmgr(48)...
delay time is too long, please check the dbmgr logs!
 WARNING   loginapp-1 999 9003  [2019-09-26 17:39:51 390] - Components::findComponents: find dbmgr(49)...
delay time is too long, please check the dbmgr logs!
 WARNING   loginapp-1 999 9003  [2019-09-26 17:39:53 410] - Components::findComponents: find dbmgr(50)...
delay time is too long, please check the dbmgr logs!
 WARNING   loginapp-1 999 9003  [2019-09-26 17:39:55 423] - Components::findComponents: find dbmgr(51)...
delay time is too long, please check the dbmgr logs!
 WARNING   loginapp-1 999 9003  [2019-09-26 17:39:57 450] - Components::findComponents: find dbmgr(52)...
delay time is too long, please check the dbmgr logs!
    INFO   loginapp-1 999 9003  [2019-09-26 17:41:03 933] - -----------------------------------------------------------------------------------------


    INFO   loginapp-1 999 9003  [2019-09-26 17:41:03 934] - Resmgr::initialize: KBE_ROOT=D:/Work/Svr/KBEngine_Bate/
    INFO   loginapp-1 999 9003  [2019-09-26 17:41:03 934] - Resmgr::initialize: KBE_RES_PATH=D:/Work/Svr/KBEngine_Bate/kbe/res/;D:/Work/Svr/KBEngine_Bate/server_assets/;D:/Work/Svr/KBEngine_Bate/server_assets/scripts/;D:/Work/Svr/KBEngine_Bate/server_assets/res/
    INFO   loginapp-1 999 9003  [2019-09-26 17:41:03 935] - Resmgr::initialize: KBE_BIN_PATH=D:/Work/Svr/KBEngine_Bate/kbe/bin/server/
    INFO   loginapp-1 999 9003  [2019-09-26 17:41:03 951] - NetworkInterface::initialize(EXTERNAL-TCP): bound to all interfaces with default route interface on 192.168.0.175 ( 192.168.0.175:20013 )
    INFO   loginapp-1 999 9003  [2019-09-26 17:41:03 952] - NetworkInterface::initialize(EXTERNAL-TCP): address 192.168.0.175:20013, SOMAXCONN=511.
    INFO   loginapp-1 999 9003  [2019-09-26 17:41:03 953] - NetworkInterface::initialize(INTERNAL-TCP): bound to all interfaces with default route interface on 192.168.0.175 ( 192.168.0.175:62053 )
    INFO   loginapp-1 999 9003  [2019-09-26 17:41:03 953] - NetworkInterface::initialize(INTERNAL-TCP): address 192.168.0.175:62053, SOMAXCONN=511.
    INFO   loginapp-1 999 9003  [2019-09-26 17:41:03 953] - server-configs:
    INFO   loginapp-1 999 9003  [2019-09-26 17:41:03 953] - 	internalTcpAddr : 192.168.0.175:62053
    INFO   loginapp-1 999 9003  [2019-09-26 17:41:03 953] - 	externalTcpAddr : 192.168.0.175:20013
    INFO   loginapp-1 999 9003  [2019-09-26 17:41:03 954] - 	componentID : 9003
 WARNING   loginapp-1 999 9003  [2019-09-26 17:41:04 448] - BundleBroadcast::BundleBroadcast: Cannot bind to port 20613, errorno=10048
    INFO   loginapp-1 999 9003  [2019-09-26 17:41:04 452] - ---- loginapp Version: 2.5.7. ScriptVersion: 0.1.0. Pythoncore: 3.7.3. Protocol: CE9FF53F4E85387EE4455C7191269324. Config: Debug X86. Built: 14:21:25 Sep 18 2019. AppID: 9003. UID: 999. PID: 30896 ----
    INFO   loginapp-1 999 9003  [2019-09-26 17:41:04 453] - Server ly_server_programer: Intel(R) Core(TM) i7-8700K CPU @ 3.70GHz with 2097151kB RAM
    INFO   loginapp-1 999 9003  [2019-09-26 17:41:04 453] - ThreadPool::createThreadPool: creating  threadpool...
    INFO   loginapp-1 999 9003  [2019-09-26 17:41:04 454] - ThreadPool::createThreadPool: successfully(2), newThreadCount=1, normalMaxThreadCount=2, maxThreadCount=8
    INFO   loginapp-1 999 9003  [2019-09-26 17:41:04 650] - Script::install(): is successfully, Python=(3.7.3 (default, Sep 18 2019, 14:20:04) [MSC v.1916 32 bit (Intel)])!
    INFO   loginapp-1 999 9003  [2019-09-26 17:41:04 650] - Script::install(): KBExtra is successfully!
  S_INFO   loginapp-1 999 9003  [2019-09-26 17:41:04 662] - onLoginAppReady: bootstrapGroupIndex=0, bootstrapGlobalIndex=0
    INFO   loginapp-1 999 9003  [2019-09-26 17:41:04 662] - TelnetServer server is running on port 31000
    INFO   loginapp-1 999 9003  [2019-09-26 17:41:04 923] - ---- loginapp is running ----
   DEBUG   loginapp-1 999 9003  [2019-09-26 17:41:04 923] - Components::process(): Request for the process of identity...
    INFO   loginapp-1 999 9003  [2019-09-26 17:41:12 136] - Components::findComponents: find logger(1)...
    INFO   loginapp-1 999 9003  [2019-09-26 17:41:12 228] - Components::findComponents: found logger, addr:192.168.0.175:62055
    INFO   loginapp-1 999 9003  [2019-09-26 17:41:12 228] - Components::addComponent: reset orderLog, uid=999!
    INFO   loginapp-1 999 9003  [2019-09-26 17:41:12 229] - Components::addComponent[logger], uid=999, componentID=2001, globalorderid=1, grouporderid=1, totalcount=1
    INFO   loginapp-1 999 9003  [2019-09-26 17:41:12 229] - Components::findComponents: find dbmgr(2)...
    INFO   loginapp-1 999 9003  [2019-09-26 17:41:14 336] - Components::findComponents: find dbmgr(3)...
    INFO   loginapp-1 999 9003  [2019-09-26 17:41:16 362] - Components::findComponents: find dbmgr(4)...
    INFO   loginapp-1 999 9003  [2019-09-26 17:41:21 219] - -----------------------------------------------------------------------------------------


    INFO   loginapp-1 999 9003  [2019-09-26 17:41:21 220] - Resmgr::initialize: KBE_ROOT=D:/Work/Svr/KBEngine_Bate/
    INFO   loginapp-1 999 9003  [2019-09-26 17:41:21 220] - Resmgr::initialize: KBE_RES_PATH=D:/Work/Svr/KBEngine_Bate/kbe/res/;D:/Work/Svr/KBEngine_Bate/server_assets/;D:/Work/Svr/KBEngine_Bate/server_assets/scripts/;D:/Work/Svr/KBEngine_Bate/server_assets/res/
    INFO   loginapp-1 999 9003  [2019-09-26 17:41:21 221] - Resmgr::initialize: KBE_BIN_PATH=D:/Work/Svr/KBEngine_Bate/kbe/bin/server/
    INFO   loginapp-1 999 9003  [2019-09-26 17:41:21 232] - NetworkInterface::initialize(EXTERNAL-TCP): bound to all interfaces with default route interface on 192.168.0.175 ( 192.168.0.175:20013 )
    INFO   loginapp-1 999 9003  [2019-09-26 17:41:21 232] - NetworkInterface::initialize(EXTERNAL-TCP): address 192.168.0.175:20013, SOMAXCONN=511.
    INFO   loginapp-1 999 9003  [2019-09-26 17:41:21 233] - NetworkInterface::initialize(INTERNAL-TCP): bound to all interfaces with default route interface on 192.168.0.175 ( 192.168.0.175:62090 )
    INFO   loginapp-1 999 9003  [2019-09-26 17:41:21 233] - NetworkInterface::initialize(INTERNAL-TCP): address 192.168.0.175:62090, SOMAXCONN=511.
    INFO   loginapp-1 999 9003  [2019-09-26 17:41:21 233] - server-configs:
    INFO   loginapp-1 999 9003  [2019-09-26 17:41:21 233] - 	internalTcpAddr : 192.168.0.175:62090
    INFO   loginapp-1 999 9003  [2019-09-26 17:41:21 233] - 	externalTcpAddr : 192.168.0.175:20013
    INFO   loginapp-1 999 9003  [2019-09-26 17:41:21 233] - 	componentID : 9003
 WARNING   loginapp-1 999 9003  [2019-09-26 17:41:21 716] - BundleBroadcast::BundleBroadcast: Cannot bind to port 20460, errorno=10048
    INFO   loginapp-1 999 9003  [2019-09-26 17:41:21 719] - ---- loginapp Version: 2.5.7. ScriptVersion: 0.1.0. Pythoncore: 3.7.3. Protocol: CE9FF53F4E85387EE4455C7191269324. Config: Debug X86. Built: 14:21:25 Sep 18 2019. AppID: 9003. UID: 999. PID: 21332 ----
    INFO   loginapp-1 999 9003  [2019-09-26 17:41:21 719] - Server ly_server_programer: Intel(R) Core(TM) i7-8700K CPU @ 3.70GHz with 2097151kB RAM
    INFO   loginapp-1 999 9003  [2019-09-26 17:41:21 720] - ThreadPool::createThreadPool: creating  threadpool...
    INFO   loginapp-1 999 9003  [2019-09-26 17:41:21 720] - ThreadPool::createThreadPool: successfully(2), newThreadCount=1, normalMaxThreadCount=2, maxThreadCount=8
    INFO   loginapp-1 999 9003  [2019-09-26 17:41:21 900] - Script::install(): is successfully, Python=(3.7.3 (default, Sep 18 2019, 14:20:04) [MSC v.1916 32 bit (Intel)])!
    INFO   loginapp-1 999 9003  [2019-09-26 17:41:21 901] - Script::install(): KBExtra is successfully!
  S_INFO   loginapp-1 999 9003  [2019-09-26 17:41:21 911] - onLoginAppReady: bootstrapGroupIndex=0, bootstrapGlobalIndex=0
    INFO   loginapp-1 999 9003  [2019-09-26 17:41:21 911] - TelnetServer server is running on port 31000
    INFO   loginapp-1 999 9003  [2019-09-26 17:41:22 189] - ---- loginapp is running ----
   DEBUG   loginapp-1 999 9003  [2019-09-26 17:41:22 189] - Components::process(): Request for the process of identity...
    INFO   loginapp-1 999 9003  [2019-09-26 17:41:29 411] - Components::findComponents: find logger(1)...
    INFO   loginapp-1 999 9003  [2019-09-26 17:41:29 469] - Components::findComponents: found logger, addr:192.168.0.175:62084
    INFO   loginapp-1 999 9003  [2019-09-26 17:41:29 470] - Components::addComponent: reset orderLog, uid=999!
    INFO   loginapp-1 999 9003  [2019-09-26 17:41:29 470] - Components::addComponent[logger], uid=999, componentID=2001, globalorderid=1, grouporderid=1, totalcount=1
    INFO   loginapp-1 999 9003  [2019-09-26 17:41:29 470] - Components::findComponents: find dbmgr(2)...
    INFO   loginapp-1 999 9003  [2019-09-26 17:41:31 591] - Components::findComponents: find dbmgr(3)...
    INFO   loginapp-1 999 9003  [2019-09-26 17:41:33 611] - Components::findComponents: find dbmgr(4)...
    INFO   loginapp-1 999 9003  [2019-09-26 17:41:38 686] - -----------------------------------------------------------------------------------------


    INFO   loginapp-1 999 9003  [2019-09-26 17:41:38 687] - Resmgr::initialize: KBE_ROOT=D:/Work/Svr/KBEngine_Bate/
    INFO   loginapp-1 999 9003  [2019-09-26 17:41:38 687] - Resmgr::initialize: KBE_RES_PATH=D:/Work/Svr/KBEngine_Bate/kbe/res/;D:/Work/Svr/KBEngine_Bate/server_assets/;D:/Work/Svr/KBEngine_Bate/server_assets/scripts/;D:/Work/Svr/KBEngine_Bate/server_assets/res/
    INFO   loginapp-1 999 9003  [2019-09-26 17:41:38 687] - Resmgr::initialize: KBE_BIN_PATH=D:/Work/Svr/KBEngine_Bate/kbe/bin/server/
    INFO   loginapp-1 999 9003  [2019-09-26 17:41:38 702] - NetworkInterface::initialize(EXTERNAL-TCP): bound to all interfaces with default route interface on 192.168.0.175 ( 192.168.0.175:20013 )
    INFO   loginapp-1 999 9003  [2019-09-26 17:41:38 702] - NetworkInterface::initialize(EXTERNAL-TCP): address 192.168.0.175:20013, SOMAXCONN=511.
    INFO   loginapp-1 999 9003  [2019-09-26 17:41:38 703] - NetworkInterface::initialize(INTERNAL-TCP): bound to all interfaces with default route interface on 192.168.0.175 ( 192.168.0.175:62122 )
    INFO   loginapp-1 999 9003  [2019-09-26 17:41:38 703] - NetworkInterface::initialize(INTERNAL-TCP): address 192.168.0.175:62122, SOMAXCONN=511.
    INFO   loginapp-1 999 9003  [2019-09-26 17:41:38 703] - server-configs:
    INFO   loginapp-1 999 9003  [2019-09-26 17:41:38 703] - 	internalTcpAddr : 192.168.0.175:62122
    INFO   loginapp-1 999 9003  [2019-09-26 17:41:38 703] - 	externalTcpAddr : 192.168.0.175:20013
    INFO   loginapp-1 999 9003  [2019-09-26 17:41:38 704] - 	componentID : 9003
 WARNING   loginapp-1 999 9003  [2019-09-26 17:41:39 189] - BundleBroadcast::BundleBroadcast: Cannot bind to port 20967, errorno=10048
    INFO   loginapp-1 999 9003  [2019-09-26 17:41:39 192] - ---- loginapp Version: 2.5.7. ScriptVersion: 0.1.0. Pythoncore: 3.7.3. Protocol: CE9FF53F4E85387EE4455C7191269324. Config: Debug X86. Built: 14:21:25 Sep 18 2019. AppID: 9003. UID: 999. PID: 5916 ----
    INFO   loginapp-1 999 9003  [2019-09-26 17:41:39 193] - Server ly_server_programer: Intel(R) Core(TM) i7-8700K CPU @ 3.70GHz with 2097151kB RAM
    INFO   loginapp-1 999 9003  [2019-09-26 17:41:39 193] - ThreadPool::createThreadPool: creating  threadpool...
    INFO   loginapp-1 999 9003  [2019-09-26 17:41:39 194] - ThreadPool::createThreadPool: successfully(2), newThreadCount=1, normalMaxThreadCount=2, maxThreadCount=8
    INFO   loginapp-1 999 9003  [2019-09-26 17:41:39 383] - Script::install(): is successfully, Python=(3.7.3 (default, Sep 18 2019, 14:20:04) [MSC v.1916 32 bit (Intel)])!
    INFO   loginapp-1 999 9003  [2019-09-26 17:41:39 384] - Script::install(): KBExtra is successfully!
  S_INFO   loginapp-1 999 9003  [2019-09-26 17:41:39 397] - onLoginAppReady: bootstrapGroupIndex=0, bootstrapGlobalIndex=0
    INFO   loginapp-1 999 9003  [2019-09-26 17:41:39 398] - TelnetServer server is running on port 31000
    INFO   loginapp-1 999 9003  [2019-09-26 17:41:39 695] - ---- loginapp is running ----
   DEBUG   loginapp-1 999 9003  [2019-09-26 17:41:39 695] - Components::process(): Request for the process of identity...
    INFO   loginapp-1 999 9003  [2019-09-26 17:41:46 898] - Components::findComponents: find logger(1)...
    INFO   loginapp-1 999 9003  [2019-09-26 17:41:46 909] - Components::findComponents: found logger, addr:192.168.0.175:62123
    INFO   loginapp-1 999 9003  [2019-09-26 17:41:46 909] - Components::addComponent: reset orderLog, uid=999!
    INFO   loginapp-1 999 9003  [2019-09-26 17:41:46 909] - Components::addComponent[logger], uid=999, componentID=2001, globalorderid=1, grouporderid=1, totalcount=1
    INFO   loginapp-1 999 9003  [2019-09-26 17:41:46 910] - Components::findComponents: find dbmgr(2)...
    INFO   loginapp-1 999 9003  [2019-09-26 17:41:49 018] - Components::findComponents: find dbmgr(3)...
    INFO   loginapp-1 999 9003  [2019-09-26 17:41:51 058] - Components::findComponents: find dbmgr(4)...
    INFO   loginapp-1 999 9003  [2019-09-26 17:41:53 178] - Components::findComponents: find dbmgr(5)...
    INFO   loginapp-1 999 9003  [2019-09-26 17:41:55 288] - Components::findComponents: find dbmgr(6)...
    INFO   loginapp-1 999 9003  [2019-09-26 17:41:57 317] - Components::findComponents: find dbmgr(7)...
    INFO   loginapp-1 999 9003  [2019-09-26 17:41:59 438] - Components::findComponents: find dbmgr(8)...
    INFO   loginapp-1 999 9003  [2019-09-26 17:42:01 557] - Components::findComponents: find dbmgr(9)...
    INFO   loginapp-1 999 9003  [2019-09-26 17:42:03 658] - Components::findComponents: find dbmgr(10)...
    INFO   loginapp-1 999 9003  [2019-09-26 17:42:05 689] - Components::findComponents: find dbmgr(11)...
    INFO   loginapp-1 999 9003  [2019-09-26 17:42:07 698] - Components::findComponents: find dbmgr(12)...
    INFO   loginapp-1 999 9003  [2019-09-26 17:42:09 737] - Components::findComponents: find dbmgr(13)...
    INFO   loginapp-1 999 9003  [2019-09-26 17:42:11 758] - Components::findComponents: find dbmgr(14)...
 WARNING   loginapp-1 999 9003  [2019-09-26 17:42:12 096] - BundleBroadcast::BundleBroadcast: Cannot bind to port 20124, errorno=10048
    INFO   loginapp-1 999 9003  [2019-09-26 17:42:13 098] - Components::findComponents: find dbmgr(15)...
    INFO   loginapp-1 999 9003  [2019-09-26 17:42:15 177] - Components::findComponents: find dbmgr(16)...
 WARNING   loginapp-1 999 9003  [2019-09-26 17:42:17 197] - Components::findComponents: find dbmgr(17)...
delay time is too long, please check the dbmgr logs!
 WARNING   loginapp-1 999 9003  [2019-09-26 17:42:19 237] - Components::findComponents: find dbmgr(18)...
delay time is too long, please check the dbmgr logs!
 WARNING   loginapp-1 999 9003  [2019-09-26 17:42:21 358] - Components::findComponents: find dbmgr(19)...
delay time is too long, please check the dbmgr logs!
 WARNING   loginapp-1 999 9003  [2019-09-26 17:42:23 477] - Components::findComponents: find dbmgr(20)...
delay time is too long, please check the dbmgr logs!
 WARNING   loginapp-1 999 9003  [2019-09-26 17:42:25 488] - Components::findComponents: find dbmgr(21)...
delay time is too long, please check the dbmgr logs!
 WARNING   loginapp-1 999 9003  [2019-09-26 17:42:27 518] - Components::findComponents: find dbmgr(22)...
delay time is too long, please check the dbmgr logs!
 WARNING   loginapp-1 999 9003  [2019-09-26 17:42:29 537] - Components::findComponents: find dbmgr(23)...
delay time is too long, please check the dbmgr logs!
 WARNING   loginapp-1 999 9003  [2019-09-26 17:42:31 557] - Components::findComponents: find dbmgr(24)...
delay time is too long, please check the dbmgr logs!
 WARNING   loginapp-1 999 9003  [2019-09-26 17:42:33 577] - Components::findComponents: find dbmgr(25)...
delay time is too long, please check the dbmgr logs!
 WARNING   loginapp-1 999 9003  [2019-09-26 17:42:35 588] - Components::findComponents: find dbmgr(26)...
delay time is too long, please check the dbmgr logs!
 WARNING   loginapp-1 999 9003  [2019-09-26 17:42:37 618] - Components::findComponents: find dbmgr(27)...
delay time is too long, please check the dbmgr logs!
 WARNING   loginapp-1 999 9003  [2019-09-26 17:42:39 638] - Components::findComponents: find dbmgr(28)...
delay time is too long, please check the dbmgr logs!
 WARNING   loginapp-1 999 9003  [2019-09-26 17:42:41 658] - Components::findComponents: find dbmgr(29)...
delay time is too long, please check the dbmgr logs!
 WARNING   loginapp-1 999 9003  [2019-09-26 17:42:43 678] - Components::findComponents: find dbmgr(30)...
delay time is too long, please check the dbmgr logs!
 WARNING   loginapp-1 999 9003  [2019-09-26 17:42:45 718] - Components::findComponents: find dbmgr(31)...
delay time is too long, please check the dbmgr logs!
 WARNING   loginapp-1 999 9003  [2019-09-26 17:42:47 837] - Components::findComponents: find dbmgr(32)...
delay time is too long, please check the dbmgr logs!
 WARNING   loginapp-1 999 9003  [2019-09-26 17:42:49 958] - Components::findComponents: find dbmgr(33)...
delay time is too long, please check the dbmgr logs!
 WARNING   loginapp-1 999 9003  [2019-09-26 17:42:51 978] - Components::findComponents: find dbmgr(34)...
delay time is too long, please check the dbmgr logs!
 WARNING   loginapp-1 999 9003  [2019-09-26 17:42:53 988] - Components::findComponents: find dbmgr(35)...
delay time is too long, please check the dbmgr logs!
 WARNING   loginapp-1 999 9003  [2019-09-26 17:42:56 018] - Components::findComponents: find dbmgr(36)...
delay time is too long, please check the dbmgr logs!
 WARNING   loginapp-1 999 9003  [2019-09-26 17:42:58 038] - Components::findComponents: find dbmgr(37)...
delay time is too long, please check the dbmgr logs!
 WARNING   loginapp-1 999 9003  [2019-09-26 17:43:00 057] - Components::findComponents: find dbmgr(38)...
delay time is too long, please check the dbmgr logs!
 WARNING   loginapp-1 999 9003  [2019-09-26 17:43:02 077] - Components::findComponents: find dbmgr(39)...
delay time is too long, please check the dbmgr logs!
 WARNING   loginapp-1 999 9003  [2019-09-26 17:43:04 097] - Components::findComponents: find dbmgr(40)...
delay time is too long, please check the dbmgr logs!
 WARNING   loginapp-1 999 9003  [2019-09-26 17:43:06 117] - Components::findComponents: find dbmgr(41)...
delay time is too long, please check the dbmgr logs!
 WARNING   loginapp-1 999 9003  [2019-09-26 17:43:08 137] - Components::findComponents: find dbmgr(42)...
delay time is too long, please check the dbmgr logs!
 WARNING   loginapp-1 999 9003  [2019-09-26 17:43:10 177] - Components::findComponents: find dbmgr(43)...
delay time is too long, please check the dbmgr logs!
 WARNING   loginapp-1 999 9003  [2019-09-26 17:43:12 289] - Components::findComponents: find dbmgr(44)...
delay time is too long, please check the dbmgr logs!
 WARNING   loginapp-1 999 9003  [2019-09-26 17:43:14 318] - Components::findComponents: find dbmgr(45)...
delay time is too long, please check the dbmgr logs!
 WARNING   loginapp-1 999 9003  [2019-09-26 17:43:16 438] - Components::findComponents: find dbmgr(46)...
delay time is too long, please check the dbmgr logs!
 WARNING   loginapp-1 999 9003  [2019-09-26 17:43:18 558] - Components::findComponents: find dbmgr(47)...
delay time is too long, please check the dbmgr logs!
 WARNING   loginapp-1 999 9003  [2019-09-26 17:43:20 678] - Components::findComponents: find dbmgr(48)...
delay time is too long, please check the dbmgr logs!
 WARNING   loginapp-1 999 9003  [2019-09-26 17:43:22 718] - Components::findComponents: find dbmgr(49)...
delay time is too long, please check the dbmgr logs!
 WARNING   loginapp-1 999 9003  [2019-09-26 17:43:24 838] - Components::findComponents: find dbmgr(50)...
delay time is too long, please check the dbmgr logs!
 WARNING   loginapp-1 999 9003  [2019-09-26 17:43:26 958] - Components::findComponents: find dbmgr(51)...
delay time is too long, please check the dbmgr logs!
 WARNING   loginapp-1 999 9003  [2019-09-26 17:43:29 078] - Components::findComponents: find dbmgr(52)...
delay time is too long, please check the dbmgr logs!
 WARNING   loginapp-1 999 9003  [2019-09-26 17:43:31 188] - Components::findComponents: find dbmgr(53)...
delay time is too long, please check the dbmgr logs!
 WARNING   loginapp-1 999 9003  [2019-09-26 17:43:33 218] - Components::findComponents: find dbmgr(54)...
delay time is too long, please check the dbmgr logs!
    INFO   loginapp-1 999 9003  [2019-09-26 17:43:48 060] - -----------------------------------------------------------------------------------------


    INFO   loginapp-1 999 9003  [2019-09-26 17:43:48 061] - Resmgr::initialize: KBE_ROOT=D:/Work/Svr/KBEngine_Bate/
    INFO   loginapp-1 999 9003  [2019-09-26 17:43:48 061] - Resmgr::initialize: KBE_RES_PATH=D:/Work/Svr/KBEngine_Bate/kbe/res/;D:/Work/Svr/KBEngine_Bate/server_assets/;D:/Work/Svr/KBEngine_Bate/server_assets/scripts/;D:/Work/Svr/KBEngine_Bate/server_assets/res/
    INFO   loginapp-1 999 9003  [2019-09-26 17:43:48 061] - Resmgr::initialize: KBE_BIN_PATH=D:/Work/Svr/KBEngine_Bate/kbe/bin/server/
    INFO   loginapp-1 999 9003  [2019-09-26 17:43:48 078] - NetworkInterface::initialize(EXTERNAL-TCP): bound to all interfaces with default route interface on 192.168.0.175 ( 192.168.0.175:20013 )
    INFO   loginapp-1 999 9003  [2019-09-26 17:43:48 078] - NetworkInterface::initialize(EXTERNAL-TCP): address 192.168.0.175:20013, SOMAXCONN=511.
    INFO   loginapp-1 999 9003  [2019-09-26 17:43:48 079] - NetworkInterface::initialize(INTERNAL-TCP): bound to all interfaces with default route interface on 192.168.0.175 ( 192.168.0.175:62343 )
    INFO   loginapp-1 999 9003  [2019-09-26 17:43:48 079] - NetworkInterface::initialize(INTERNAL-TCP): address 192.168.0.175:62343, SOMAXCONN=511.
    INFO   loginapp-1 999 9003  [2019-09-26 17:43:48 079] - server-configs:
    INFO   loginapp-1 999 9003  [2019-09-26 17:43:48 079] - 	internalTcpAddr : 192.168.0.175:62343
    INFO   loginapp-1 999 9003  [2019-09-26 17:43:48 079] - 	externalTcpAddr : 192.168.0.175:20013
    INFO   loginapp-1 999 9003  [2019-09-26 17:43:48 079] - 	componentID : 9003
    INFO   loginapp-1 999 9003  [2019-09-26 17:43:49 730] - ---- loginapp Version: 2.5.7. ScriptVersion: 0.1.0. Pythoncore: 3.7.3. Protocol: CE9FF53F4E85387EE4455C7191269324. Config: Debug X86. Built: 14:21:25 Sep 18 2019. AppID: 9003. UID: 999. PID: 22384 ----
    INFO   loginapp-1 999 9003  [2019-09-26 17:43:49 731] - Server ly_server_programer: Intel(R) Core(TM) i7-8700K CPU @ 3.70GHz with 2097151kB RAM
    INFO   loginapp-1 999 9003  [2019-09-26 17:43:49 732] - ThreadPool::createThreadPool: creating  threadpool...
    INFO   loginapp-1 999 9003  [2019-09-26 17:43:49 732] - ThreadPool::createThreadPool: successfully(2), newThreadCount=1, normalMaxThreadCount=2, maxThreadCount=8
    INFO   loginapp-1 999 9003  [2019-09-26 17:43:49 909] - Script::install(): is successfully, Python=(3.7.3 (default, Sep 18 2019, 14:20:04) [MSC v.1916 32 bit (Intel)])!
    INFO   loginapp-1 999 9003  [2019-09-26 17:43:49 909] - Script::install(): KBExtra is successfully!
  S_INFO   loginapp-1 999 9003  [2019-09-26 17:43:49 920] - onLoginAppReady: bootstrapGroupIndex=0, bootstrapGlobalIndex=0
    INFO   loginapp-1 999 9003  [2019-09-26 17:43:49 920] - TelnetServer server is running on port 31000
    INFO   loginapp-1 999 9003  [2019-09-26 17:43:50 183] - ---- loginapp is running ----
   DEBUG   loginapp-1 999 9003  [2019-09-26 17:43:50 183] - Components::process(): Request for the process of identity...
    INFO   loginapp-1 999 9003  [2019-09-26 17:43:57 401] - Components::findComponents: find logger(1)...
    INFO   loginapp-1 999 9003  [2019-09-26 17:43:57 429] - Components::findComponents: found logger, addr:192.168.0.175:62339
    INFO   loginapp-1 999 9003  [2019-09-26 17:43:57 429] - Components::addComponent: reset orderLog, uid=999!
    INFO   loginapp-1 999 9003  [2019-09-26 17:43:57 429] - Components::addComponent[logger], uid=999, componentID=2001, globalorderid=1, grouporderid=1, totalcount=1
    INFO   loginapp-1 999 9003  [2019-09-26 17:43:57 430] - Components::findComponents: find dbmgr(2)...
    INFO   loginapp-1 999 9003  [2019-09-26 17:43:59 540] - Components::findComponents: find dbmgr(3)...
