    INFO    cellapp-1 999 8003  [2019-09-26 17:36:22 135] - -----------------------------------------------------------------------------------------


    INFO    cellapp-1 999 8003  [2019-09-26 17:36:22 135] - Resmgr::initialize: KBE_ROOT=D:/Work/Svr/KBEngine_Bate/
    INFO    cellapp-1 999 8003  [2019-09-26 17:36:22 136] - Resmgr::initialize: KBE_RES_PATH=D:/Work/Svr/KBEngine_Bate/kbe/res/;D:/Work/Svr/KBEngine_Bate/server_assets/;D:/Work/Svr/KBEngine_Bate/server_assets/scripts/;D:/Work/Svr/KBEngine_Bate/server_assets/res/
    INFO    cellapp-1 999 8003  [2019-09-26 17:36:22 136] - Resmgr::initialize: KBE_BIN_PATH=D:/Work/Svr/KBEngine_Bate/kbe/bin/server/
    INFO    cellapp-1 999 8003  [2019-09-26 17:36:22 144] - NetworkInterface::initialize(INTERNAL-TCP): bound to all interfaces with default route interface on 192.168.0.175 ( 192.168.0.175:61689 )
    INFO    cellapp-1 999 8003  [2019-09-26 17:36:22 145] - NetworkInterface::initialize(INTERNAL-TCP): address 192.168.0.175:61689, SOMAXCONN=511.
    INFO    cellapp-1 999 8003  [2019-09-26 17:36:22 145] - server-configs:
    INFO    cellapp-1 999 8003  [2019-09-26 17:36:22 145] - 	gameUpdateHertz : 10
    INFO    cellapp-1 999 8003  [2019-09-26 17:36:22 145] - 	defaultViewRadius : 80
    INFO    cellapp-1 999 8003  [2019-09-26 17:36:22 145] - 	defaultViewHysteresisArea : 5
    INFO    cellapp-1 999 8003  [2019-09-26 17:36:22 145] - 	entryScriptFile : kbemain
    INFO    cellapp-1 999 8003  [2019-09-26 17:36:22 145] - 	internalTcpAddr : 192.168.0.175:61689
    INFO    cellapp-1 999 8003  [2019-09-26 17:36:22 145] - 	componentID : 8003
    INFO    cellapp-1 999 8003  [2019-09-26 17:36:22 247] - Components::findLogger: found logger, addr:192.168.0.175:61641
    INFO    cellapp-1 999 8003  [2019-09-26 17:36:22 248] - Components::addComponent: reset orderLog, uid=999!
    INFO    cellapp-1 999 8003  [2019-09-26 17:36:22 248] - Components::addComponent[logger], uid=999, componentID=2001, globalorderid=1, grouporderid=1, totalcount=1
    INFO    cellapp-1 999 8003  [2019-09-26 17:36:22 252] - ---- cellapp Version: 2.5.7. ScriptVersion: 0.1.0. Pythoncore: 3.7.3. Protocol: C9FCABE153AC3D64A8F240810ADA666D. Config: Debug X86. Built: 14:22:22 Sep 18 2019. AppID: 8003. UID: 999. PID: 5092 ----
    INFO    cellapp-1 999 8003  [2019-09-26 17:36:22 252] - Server ly_server_programer: Intel(R) Core(TM) i7-8700K CPU @ 3.70GHz with 2097151kB RAM
    INFO    cellapp-1 999 8003  [2019-09-26 17:36:22 252] - ThreadPool::createThreadPool: creating  threadpool...
    INFO    cellapp-1 999 8003  [2019-09-26 17:36:22 252] - ThreadPool::createThreadPool: successfully(2), newThreadCount=1, normalMaxThreadCount=2, maxThreadCount=8
    INFO    cellapp-1 999 8003  [2019-09-26 17:36:22 431] - Script::install(): is successfully, Python=(3.7.3 (default, Sep 18 2019, 14:20:04) [MSC v.1916 32 bit (Intel)])!
    INFO    cellapp-1 999 8003  [2019-09-26 17:36:22 431] - Script::install(): KBExtra is successfully!
    INFO    cellapp-1 999 8003  [2019-09-26 17:36:22 480] - TelnetServer server is running on port 50000
    INFO    cellapp-1 999 8003  [2019-09-26 17:36:22 776] - ---- cellapp is running ----
   DEBUG    cellapp-1 999 8003  [2019-09-26 17:36:22 776] - Components::process(): Request for the process of identity...
 WARNING    cellapp-1 999 8003  [2019-09-26 17:36:28 969] - EntityApp::checkTickPeriod: tick took 6193% (6.19 seconds)!
    INFO    cellapp-1 999 8003  [2019-09-26 17:36:30 037] - Components::findComponents: find dbmgr(1)...
 WARNING    cellapp-1 999 8003  [2019-09-26 17:36:31 121] - EntityApp::checkTickPeriod: tick took 1144% (1.14 seconds)!
    INFO    cellapp-1 999 8003  [2019-09-26 17:36:32 138] - Components::findComponents: find dbmgr(2)...
 WARNING    cellapp-1 999 8003  [2019-09-26 17:36:33 141] - EntityApp::checkTickPeriod: tick took 1064% (1.06 seconds)!
    INFO    cellapp-1 999 8003  [2019-09-26 17:36:37 919] - -----------------------------------------------------------------------------------------


    INFO    cellapp-1 999 8003  [2019-09-26 17:36:37 920] - Resmgr::initialize: KBE_ROOT=D:/Work/Svr/KBEngine_Bate/
    INFO    cellapp-1 999 8003  [2019-09-26 17:36:37 920] - Resmgr::initialize: KBE_RES_PATH=D:/Work/Svr/KBEngine_Bate/kbe/res/;D:/Work/Svr/KBEngine_Bate/server_assets/;D:/Work/Svr/KBEngine_Bate/server_assets/scripts/;D:/Work/Svr/KBEngine_Bate/server_assets/res/
    INFO    cellapp-1 999 8003  [2019-09-26 17:36:37 920] - Resmgr::initialize: KBE_BIN_PATH=D:/Work/Svr/KBEngine_Bate/kbe/bin/server/
    INFO    cellapp-1 999 8003  [2019-09-26 17:36:37 932] - NetworkInterface::initialize(INTERNAL-TCP): bound to all interfaces with default route interface on 192.168.0.175 ( 192.168.0.175:61716 )
    INFO    cellapp-1 999 8003  [2019-09-26 17:36:37 932] - NetworkInterface::initialize(INTERNAL-TCP): address 192.168.0.175:61716, SOMAXCONN=511.
    INFO    cellapp-1 999 8003  [2019-09-26 17:36:37 932] - server-configs:
    INFO    cellapp-1 999 8003  [2019-09-26 17:36:37 932] - 	gameUpdateHertz : 10
    INFO    cellapp-1 999 8003  [2019-09-26 17:36:37 933] - 	defaultViewRadius : 80
    INFO    cellapp-1 999 8003  [2019-09-26 17:36:37 933] - 	defaultViewHysteresisArea : 5
    INFO    cellapp-1 999 8003  [2019-09-26 17:36:37 933] - 	entryScriptFile : kbemain
    INFO    cellapp-1 999 8003  [2019-09-26 17:36:37 933] - 	internalTcpAddr : 192.168.0.175:61716
    INFO    cellapp-1 999 8003  [2019-09-26 17:36:37 933] - 	componentID : 8003
    INFO    cellapp-1 999 8003  [2019-09-26 17:36:39 438] - ---- cellapp Version: 2.5.7. ScriptVersion: 0.1.0. Pythoncore: 3.7.3. Protocol: C9FCABE153AC3D64A8F240810ADA666D. Config: Debug X86. Built: 14:22:22 Sep 18 2019. AppID: 8003. UID: 999. PID: 17380 ----
    INFO    cellapp-1 999 8003  [2019-09-26 17:36:39 438] - Server ly_server_programer: Intel(R) Core(TM) i7-8700K CPU @ 3.70GHz with 2097151kB RAM
    INFO    cellapp-1 999 8003  [2019-09-26 17:36:39 438] - ThreadPool::createThreadPool: creating  threadpool...
    INFO    cellapp-1 999 8003  [2019-09-26 17:36:39 439] - ThreadPool::createThreadPool: successfully(2), newThreadCount=1, normalMaxThreadCount=2, maxThreadCount=8
    INFO    cellapp-1 999 8003  [2019-09-26 17:36:39 626] - Script::install(): is successfully, Python=(3.7.3 (default, Sep 18 2019, 14:20:04) [MSC v.1916 32 bit (Intel)])!
    INFO    cellapp-1 999 8003  [2019-09-26 17:36:39 626] - Script::install(): KBExtra is successfully!
    INFO    cellapp-1 999 8003  [2019-09-26 17:36:39 681] - TelnetServer server is running on port 50000
    INFO    cellapp-1 999 8003  [2019-09-26 17:36:39 996] - ---- cellapp is running ----
   DEBUG    cellapp-1 999 8003  [2019-09-26 17:36:39 996] - Components::process(): Request for the process of identity...
 WARNING    cellapp-1 999 8003  [2019-09-26 17:36:46 211] - EntityApp::checkTickPeriod: tick took 6215% (6.22 seconds)!
    INFO    cellapp-1 999 8003  [2019-09-26 17:36:47 221] - Components::findComponents: find logger(1)...
    INFO    cellapp-1 999 8003  [2019-09-26 17:36:47 299] - Components::findComponents: found logger, addr:192.168.0.175:61715
    INFO    cellapp-1 999 8003  [2019-09-26 17:36:47 299] - Components::addComponent: reset orderLog, uid=999!
    INFO    cellapp-1 999 8003  [2019-09-26 17:36:47 299] - Components::addComponent[logger], uid=999, componentID=2001, globalorderid=1, grouporderid=1, totalcount=1
    INFO    cellapp-1 999 8003  [2019-09-26 17:36:47 300] - Components::findComponents: find dbmgr(2)...
 WARNING    cellapp-1 999 8003  [2019-09-26 17:36:48 409] - EntityApp::checkTickPeriod: tick took 1212% (1.21 seconds)!
    INFO    cellapp-1 999 8003  [2019-09-26 17:36:49 421] - Components::findComponents: find dbmgr(3)...
 WARNING    cellapp-1 999 8003  [2019-09-26 17:36:50 432] - EntityApp::checkTickPeriod: tick took 1035% (1.03 seconds)!
    INFO    cellapp-1 999 8003  [2019-09-26 17:36:51 496] - Components::findComponents: find dbmgr(4)...
 WARNING    cellapp-1 999 8003  [2019-09-26 17:36:52 552] - EntityApp::checkTickPeriod: tick took 1156% (1.16 seconds)!
    INFO    cellapp-1 999 8003  [2019-09-26 17:36:53 596] - Components::findComponents: find dbmgr(5)...
 WARNING    cellapp-1 999 8003  [2019-09-26 17:36:54 677] - EntityApp::checkTickPeriod: tick took 1181% (1.18 seconds)!
    INFO    cellapp-1 999 8003  [2019-09-26 17:36:55 697] - Components::findComponents: find dbmgr(6)...
 WARNING    cellapp-1 999 8003  [2019-09-26 17:36:56 799] - EntityApp::checkTickPeriod: tick took 1201% (1.20 seconds)!
    INFO    cellapp-1 999 8003  [2019-09-26 17:36:57 821] - Components::findComponents: find dbmgr(7)...
 WARNING    cellapp-1 999 8003  [2019-09-26 17:36:58 823] - EntityApp::checkTickPeriod: tick took 1027% (1.03 seconds)!
    INFO    cellapp-1 999 8003  [2019-09-26 17:36:59 897] - Components::findComponents: find dbmgr(8)...
 WARNING    cellapp-1 999 8003  [2019-09-26 17:37:00 945] - EntityApp::checkTickPeriod: tick took 1148% (1.15 seconds)!
    INFO    cellapp-1 999 8003  [2019-09-26 17:37:01 996] - Components::findComponents: find dbmgr(9)...
 WARNING    cellapp-1 999 8003  [2019-09-26 17:37:03 065] - EntityApp::checkTickPeriod: tick took 1167% (1.17 seconds)!
    INFO    cellapp-1 999 8003  [2019-09-26 17:38:05 809] - -----------------------------------------------------------------------------------------


    INFO    cellapp-1 999 8003  [2019-09-26 17:38:05 810] - Resmgr::initialize: KBE_ROOT=D:/Work/Svr/KBEngine_Bate/
    INFO    cellapp-1 999 8003  [2019-09-26 17:38:05 810] - Resmgr::initialize: KBE_RES_PATH=D:/Work/Svr/KBEngine_Bate/kbe/res/;D:/Work/Svr/KBEngine_Bate/server_assets/;D:/Work/Svr/KBEngine_Bate/server_assets/scripts/;D:/Work/Svr/KBEngine_Bate/server_assets/res/
    INFO    cellapp-1 999 8003  [2019-09-26 17:38:05 811] - Resmgr::initialize: KBE_BIN_PATH=D:/Work/Svr/KBEngine_Bate/kbe/bin/server/
    INFO    cellapp-1 999 8003  [2019-09-26 17:38:05 822] - NetworkInterface::initialize(INTERNAL-TCP): bound to all interfaces with default route interface on 192.168.0.175 ( 192.168.0.175:61828 )
    INFO    cellapp-1 999 8003  [2019-09-26 17:38:05 823] - NetworkInterface::initialize(INTERNAL-TCP): address 192.168.0.175:61828, SOMAXCONN=511.
    INFO    cellapp-1 999 8003  [2019-09-26 17:38:05 823] - server-configs:
    INFO    cellapp-1 999 8003  [2019-09-26 17:38:05 823] - 	gameUpdateHertz : 10
    INFO    cellapp-1 999 8003  [2019-09-26 17:38:05 823] - 	defaultViewRadius : 80
    INFO    cellapp-1 999 8003  [2019-09-26 17:38:05 823] - 	defaultViewHysteresisArea : 5
    INFO    cellapp-1 999 8003  [2019-09-26 17:38:05 823] - 	entryScriptFile : kbemain
    INFO    cellapp-1 999 8003  [2019-09-26 17:38:05 824] - 	internalTcpAddr : 192.168.0.175:61828
    INFO    cellapp-1 999 8003  [2019-09-26 17:38:05 824] - 	componentID : 8003
 WARNING    cellapp-1 999 8003  [2019-09-26 17:38:06 164] - BundleBroadcast::BundleBroadcast: Cannot bind to port 20246, errorno=10048
    INFO    cellapp-1 999 8003  [2019-09-26 17:38:06 168] - ---- cellapp Version: 2.5.7. ScriptVersion: 0.1.0. Pythoncore: 3.7.3. Protocol: C9FCABE153AC3D64A8F240810ADA666D. Config: Debug X86. Built: 14:22:22 Sep 18 2019. AppID: 8003. UID: 999. PID: 21396 ----
    INFO    cellapp-1 999 8003  [2019-09-26 17:38:06 168] - Server ly_server_programer: Intel(R) Core(TM) i7-8700K CPU @ 3.70GHz with 2097151kB RAM
    INFO    cellapp-1 999 8003  [2019-09-26 17:38:06 168] - ThreadPool::createThreadPool: creating  threadpool...
    INFO    cellapp-1 999 8003  [2019-09-26 17:38:06 169] - ThreadPool::createThreadPool: successfully(2), newThreadCount=1, normalMaxThreadCount=2, maxThreadCount=8
    INFO    cellapp-1 999 8003  [2019-09-26 17:38:06 354] - Script::install(): is successfully, Python=(3.7.3 (default, Sep 18 2019, 14:20:04) [MSC v.1916 32 bit (Intel)])!
    INFO    cellapp-1 999 8003  [2019-09-26 17:38:06 354] - Script::install(): KBExtra is successfully!
    INFO    cellapp-1 999 8003  [2019-09-26 17:38:06 407] - TelnetServer server is running on port 50000
    INFO    cellapp-1 999 8003  [2019-09-26 17:38:06 705] - ---- cellapp is running ----
   DEBUG    cellapp-1 999 8003  [2019-09-26 17:38:06 705] - Components::process(): Request for the process of identity...
 WARNING    cellapp-1 999 8003  [2019-09-26 17:38:12 908] - EntityApp::checkTickPeriod: tick took 6202% (6.20 seconds)!
    INFO    cellapp-1 999 8003  [2019-09-26 17:38:13 912] - Components::findComponents: find logger(1)...
    INFO    cellapp-1 999 8003  [2019-09-26 17:38:13 916] - Components::findComponents: found logger, addr:192.168.0.175:61834
    INFO    cellapp-1 999 8003  [2019-09-26 17:38:13 916] - Components::addComponent: reset orderLog, uid=999!
    INFO    cellapp-1 999 8003  [2019-09-26 17:38:13 917] - Components::addComponent[logger], uid=999, componentID=2001, globalorderid=1, grouporderid=1, totalcount=1
    INFO    cellapp-1 999 8003  [2019-09-26 17:38:13 917] - Components::findComponents: find dbmgr(2)...
 WARNING    cellapp-1 999 8003  [2019-09-26 17:38:15 019] - EntityApp::checkTickPeriod: tick took 1114% (1.11 seconds)!
    INFO    cellapp-1 999 8003  [2019-09-26 17:38:16 105] - Components::findComponents: find dbmgr(3)...
 WARNING    cellapp-1 999 8003  [2019-09-26 17:38:17 152] - EntityApp::checkTickPeriod: tick took 1146% (1.15 seconds)!
    INFO    cellapp-1 999 8003  [2019-09-26 17:38:18 205] - Components::findComponents: find dbmgr(4)...
 WARNING    cellapp-1 999 8003  [2019-09-26 17:38:19 273] - EntityApp::checkTickPeriod: tick took 1167% (1.17 seconds)!
    INFO    cellapp-1 999 8003  [2019-09-26 17:38:20 305] - Components::findComponents: find dbmgr(5)...
 WARNING    cellapp-1 999 8003  [2019-09-26 17:38:21 393] - EntityApp::checkTickPeriod: tick took 1187% (1.19 seconds)!
    INFO    cellapp-1 999 8003  [2019-09-26 17:38:22 405] - Components::findComponents: find dbmgr(6)...
 WARNING    cellapp-1 999 8003  [2019-09-26 17:38:23 411] - EntityApp::checkTickPeriod: tick took 1106% (1.11 seconds)!
    INFO    cellapp-1 999 8003  [2019-09-26 17:38:24 412] - Components::findComponents: find dbmgr(7)...
 WARNING    cellapp-1 999 8003  [2019-09-26 17:38:25 431] - EntityApp::checkTickPeriod: tick took 1026% (1.03 seconds)!
    INFO    cellapp-1 999 8003  [2019-09-26 17:38:26 506] - Components::findComponents: find dbmgr(8)...
 WARNING    cellapp-1 999 8003  [2019-09-26 17:38:27 554] - EntityApp::checkTickPeriod: tick took 1148% (1.15 seconds)!
    INFO    cellapp-1 999 8003  [2019-09-26 17:38:28 605] - Components::findComponents: find dbmgr(9)...
 WARNING    cellapp-1 999 8003  [2019-09-26 17:38:29 674] - EntityApp::checkTickPeriod: tick took 1169% (1.17 seconds)!
    INFO    cellapp-1 999 8003  [2019-09-26 17:38:30 705] - Components::findComponents: find dbmgr(10)...
 WARNING    cellapp-1 999 8003  [2019-09-26 17:38:31 798] - EntityApp::checkTickPeriod: tick took 1192% (1.19 seconds)!
    INFO    cellapp-1 999 8003  [2019-09-26 17:38:32 805] - Components::findComponents: find dbmgr(11)...
 WARNING    cellapp-1 999 8003  [2019-09-26 17:38:33 818] - EntityApp::checkTickPeriod: tick took 1112% (1.11 seconds)!
    INFO    cellapp-1 999 8003  [2019-09-26 17:38:34 905] - Components::findComponents: find dbmgr(12)...
 WARNING    cellapp-1 999 8003  [2019-09-26 17:38:35 947] - EntityApp::checkTickPeriod: tick took 1141% (1.14 seconds)!
    INFO    cellapp-1 999 8003  [2019-09-26 17:38:37 005] - Components::findComponents: find dbmgr(13)...
 WARNING    cellapp-1 999 8003  [2019-09-26 17:38:38 068] - EntityApp::checkTickPeriod: tick took 1162% (1.16 seconds)!
    INFO    cellapp-1 999 8003  [2019-09-26 17:38:39 105] - Components::findComponents: find dbmgr(14)...
 WARNING    cellapp-1 999 8003  [2019-09-26 17:38:40 189] - EntityApp::checkTickPeriod: tick took 1183% (1.18 seconds)!
    INFO    cellapp-1 999 8003  [2019-09-26 17:38:41 205] - Components::findComponents: find dbmgr(15)...
 WARNING    cellapp-1 999 8003  [2019-09-26 17:38:41 539] - BundleBroadcast::BundleBroadcast: Cannot bind to port 20694, errorno=10048
 WARNING    cellapp-1 999 8003  [2019-09-26 17:38:41 540] - EntityApp::checkTickPeriod: tick took 434% (0.43 seconds)!
    INFO    cellapp-1 999 8003  [2019-09-26 17:38:42 605] - Components::findComponents: find dbmgr(16)...
 WARNING    cellapp-1 999 8003  [2019-09-26 17:38:43 627] - EntityApp::checkTickPeriod: tick took 1121% (1.12 seconds)!
 WARNING    cellapp-1 999 8003  [2019-09-26 17:38:44 705] - Components::findComponents: find dbmgr(17)...
delay time is too long, please check the dbmgr logs!
 WARNING    cellapp-1 999 8003  [2019-09-26 17:38:45 751] - EntityApp::checkTickPeriod: tick took 1145% (1.14 seconds)!
 WARNING    cellapp-1 999 8003  [2019-09-26 17:38:46 805] - Components::findComponents: find dbmgr(18)...
delay time is too long, please check the dbmgr logs!
 WARNING    cellapp-1 999 8003  [2019-09-26 17:38:47 870] - EntityApp::checkTickPeriod: tick took 1165% (1.16 seconds)!
 WARNING    cellapp-1 999 8003  [2019-09-26 17:38:48 905] - Components::findComponents: find dbmgr(19)...
delay time is too long, please check the dbmgr logs!
 WARNING    cellapp-1 999 8003  [2019-09-26 17:38:49 999] - EntityApp::checkTickPeriod: tick took 1193% (1.19 seconds)!
 WARNING    cellapp-1 999 8003  [2019-09-26 17:38:51 004] - Components::findComponents: find dbmgr(20)...
delay time is too long, please check the dbmgr logs!
 WARNING    cellapp-1 999 8003  [2019-09-26 17:38:52 022] - EntityApp::checkTickPeriod: tick took 1117% (1.12 seconds)!
 WARNING    cellapp-1 999 8003  [2019-09-26 17:38:53 105] - Components::findComponents: find dbmgr(21)...
delay time is too long, please check the dbmgr logs!
 WARNING    cellapp-1 999 8003  [2019-09-26 17:38:54 148] - EntityApp::checkTickPeriod: tick took 1142% (1.14 seconds)!
 WARNING    cellapp-1 999 8003  [2019-09-26 17:38:55 205] - Components::findComponents: find dbmgr(22)...
delay time is too long, please check the dbmgr logs!
 WARNING    cellapp-1 999 8003  [2019-09-26 17:38:56 269] - EntityApp::checkTickPeriod: tick took 1164% (1.16 seconds)!
 WARNING    cellapp-1 999 8003  [2019-09-26 17:38:57 305] - Components::findComponents: find dbmgr(23)...
delay time is too long, please check the dbmgr logs!
 WARNING    cellapp-1 999 8003  [2019-09-26 17:38:58 393] - EntityApp::checkTickPeriod: tick took 1188% (1.19 seconds)!
 WARNING    cellapp-1 999 8003  [2019-09-26 17:38:59 405] - Components::findComponents: find dbmgr(24)...
delay time is too long, please check the dbmgr logs!
 WARNING    cellapp-1 999 8003  [2019-09-26 17:39:00 421] - EntityApp::checkTickPeriod: tick took 1116% (1.12 seconds)!
 WARNING    cellapp-1 999 8003  [2019-09-26 17:39:01 505] - Components::findComponents: find dbmgr(25)...
delay time is too long, please check the dbmgr logs!
 WARNING    cellapp-1 999 8003  [2019-09-26 17:39:02 542] - EntityApp::checkTickPeriod: tick took 1137% (1.14 seconds)!
 WARNING    cellapp-1 999 8003  [2019-09-26 17:39:03 605] - Components::findComponents: find dbmgr(26)...
delay time is too long, please check the dbmgr logs!
 WARNING    cellapp-1 999 8003  [2019-09-26 17:39:04 672] - EntityApp::checkTickPeriod: tick took 1167% (1.17 seconds)!
 WARNING    cellapp-1 999 8003  [2019-09-26 17:39:05 705] - Components::findComponents: find dbmgr(27)...
delay time is too long, please check the dbmgr logs!
 WARNING    cellapp-1 999 8003  [2019-09-26 17:39:06 796] - EntityApp::checkTickPeriod: tick took 1191% (1.19 seconds)!
 WARNING    cellapp-1 999 8003  [2019-09-26 17:39:07 805] - Components::findComponents: find dbmgr(28)...
delay time is too long, please check the dbmgr logs!
 WARNING    cellapp-1 999 8003  [2019-09-26 17:39:08 817] - EntityApp::checkTickPeriod: tick took 1112% (1.11 seconds)!
 WARNING    cellapp-1 999 8003  [2019-09-26 17:39:09 905] - Components::findComponents: find dbmgr(29)...
delay time is too long, please check the dbmgr logs!
 WARNING    cellapp-1 999 8003  [2019-09-26 17:39:10 940] - EntityApp::checkTickPeriod: tick took 1134% (1.13 seconds)!
 WARNING    cellapp-1 999 8003  [2019-09-26 17:39:12 005] - Components::findComponents: find dbmgr(30)...
delay time is too long, please check the dbmgr logs!
 WARNING    cellapp-1 999 8003  [2019-09-26 17:39:13 069] - EntityApp::checkTickPeriod: tick took 1163% (1.16 seconds)!
 WARNING    cellapp-1 999 8003  [2019-09-26 17:39:14 105] - Components::findComponents: find dbmgr(31)...
delay time is too long, please check the dbmgr logs!
 WARNING    cellapp-1 999 8003  [2019-09-26 17:39:15 188] - EntityApp::checkTickPeriod: tick took 1183% (1.18 seconds)!
 WARNING    cellapp-1 999 8003  [2019-09-26 17:39:16 204] - Components::findComponents: find dbmgr(32)...
delay time is too long, please check the dbmgr logs!
 WARNING    cellapp-1 999 8003  [2019-09-26 17:39:17 308] - EntityApp::checkTickPeriod: tick took 1203% (1.20 seconds)!
 WARNING    cellapp-1 999 8003  [2019-09-26 17:39:18 311] - Components::findComponents: find dbmgr(33)...
delay time is too long, please check the dbmgr logs!
 WARNING    cellapp-1 999 8003  [2019-09-26 17:39:19 327] - EntityApp::checkTickPeriod: tick took 1022% (1.02 seconds)!
 WARNING    cellapp-1 999 8003  [2019-09-26 17:39:20 405] - Components::findComponents: find dbmgr(34)...
delay time is too long, please check the dbmgr logs!
 WARNING    cellapp-1 999 8003  [2019-09-26 17:39:21 455] - EntityApp::checkTickPeriod: tick took 1150% (1.15 seconds)!
 WARNING    cellapp-1 999 8003  [2019-09-26 17:39:22 505] - Components::findComponents: find dbmgr(35)...
delay time is too long, please check the dbmgr logs!
 WARNING    cellapp-1 999 8003  [2019-09-26 17:39:23 576] - EntityApp::checkTickPeriod: tick took 1170% (1.17 seconds)!
 WARNING    cellapp-1 999 8003  [2019-09-26 17:39:24 605] - Components::findComponents: find dbmgr(36)...
delay time is too long, please check the dbmgr logs!
 WARNING    cellapp-1 999 8003  [2019-09-26 17:39:25 696] - EntityApp::checkTickPeriod: tick took 1190% (1.19 seconds)!
 WARNING    cellapp-1 999 8003  [2019-09-26 17:39:26 705] - Components::findComponents: find dbmgr(37)...
delay time is too long, please check the dbmgr logs!
 WARNING    cellapp-1 999 8003  [2019-09-26 17:39:27 715] - EntityApp::checkTickPeriod: tick took 1110% (1.11 seconds)!
 WARNING    cellapp-1 999 8003  [2019-09-26 17:39:28 805] - Components::findComponents: find dbmgr(38)...
delay time is too long, please check the dbmgr logs!
 WARNING    cellapp-1 999 8003  [2019-09-26 17:39:29 837] - EntityApp::checkTickPeriod: tick took 1132% (1.13 seconds)!
 WARNING    cellapp-1 999 8003  [2019-09-26 17:39:30 905] - Components::findComponents: find dbmgr(39)...
delay time is too long, please check the dbmgr logs!
 WARNING    cellapp-1 999 8003  [2019-09-26 17:39:31 964] - EntityApp::checkTickPeriod: tick took 1158% (1.16 seconds)!
 WARNING    cellapp-1 999 8003  [2019-09-26 17:39:33 005] - Components::findComponents: find dbmgr(40)...
delay time is too long, please check the dbmgr logs!
 WARNING    cellapp-1 999 8003  [2019-09-26 17:39:34 090] - EntityApp::checkTickPeriod: tick took 1184% (1.18 seconds)!
 WARNING    cellapp-1 999 8003  [2019-09-26 17:39:35 106] - Components::findComponents: find dbmgr(41)...
delay time is too long, please check the dbmgr logs!
 WARNING    cellapp-1 999 8003  [2019-09-26 17:39:36 127] - EntityApp::checkTickPeriod: tick took 1121% (1.12 seconds)!
 WARNING    cellapp-1 999 8003  [2019-09-26 17:39:37 205] - Components::findComponents: find dbmgr(42)...
delay time is too long, please check the dbmgr logs!
 WARNING    cellapp-1 999 8003  [2019-09-26 17:39:38 253] - EntityApp::checkTickPeriod: tick took 1147% (1.15 seconds)!
 WARNING    cellapp-1 999 8003  [2019-09-26 17:39:39 306] - Components::findComponents: find dbmgr(43)...
delay time is too long, please check the dbmgr logs!
 WARNING    cellapp-1 999 8003  [2019-09-26 17:39:40 374] - EntityApp::checkTickPeriod: tick took 1169% (1.17 seconds)!
 WARNING    cellapp-1 999 8003  [2019-09-26 17:39:41 404] - Components::findComponents: find dbmgr(44)...
delay time is too long, please check the dbmgr logs!
 WARNING    cellapp-1 999 8003  [2019-09-26 17:39:42 493] - EntityApp::checkTickPeriod: tick took 1188% (1.19 seconds)!
 WARNING    cellapp-1 999 8003  [2019-09-26 17:39:43 505] - Components::findComponents: find dbmgr(45)...
delay time is too long, please check the dbmgr logs!
 WARNING    cellapp-1 999 8003  [2019-09-26 17:39:44 517] - EntityApp::checkTickPeriod: tick took 1112% (1.11 seconds)!
 WARNING    cellapp-1 999 8003  [2019-09-26 17:39:45 605] - Components::findComponents: find dbmgr(46)...
delay time is too long, please check the dbmgr logs!
 WARNING    cellapp-1 999 8003  [2019-09-26 17:39:46 638] - EntityApp::checkTickPeriod: tick took 1132% (1.13 seconds)!
 WARNING    cellapp-1 999 8003  [2019-09-26 17:39:47 705] - Components::findComponents: find dbmgr(47)...
delay time is too long, please check the dbmgr logs!
 WARNING    cellapp-1 999 8003  [2019-09-26 17:39:48 759] - EntityApp::checkTickPeriod: tick took 1154% (1.15 seconds)!
 WARNING    cellapp-1 999 8003  [2019-09-26 17:39:49 805] - Components::findComponents: find dbmgr(48)...
delay time is too long, please check the dbmgr logs!
 WARNING    cellapp-1 999 8003  [2019-09-26 17:39:50 880] - EntityApp::checkTickPeriod: tick took 1175% (1.17 seconds)!
 WARNING    cellapp-1 999 8003  [2019-09-26 17:39:51 905] - Components::findComponents: find dbmgr(49)...
delay time is too long, please check the dbmgr logs!
 WARNING    cellapp-1 999 8003  [2019-09-26 17:39:53 005] - EntityApp::checkTickPeriod: tick took 1199% (1.20 seconds)!
 WARNING    cellapp-1 999 8003  [2019-09-26 17:39:54 005] - Components::findComponents: find dbmgr(50)...
delay time is too long, please check the dbmgr logs!
 WARNING    cellapp-1 999 8003  [2019-09-26 17:39:55 028] - EntityApp::checkTickPeriod: tick took 1122% (1.12 seconds)!
 WARNING    cellapp-1 999 8003  [2019-09-26 17:39:56 105] - Components::findComponents: find dbmgr(51)...
delay time is too long, please check the dbmgr logs!
 WARNING    cellapp-1 999 8003  [2019-09-26 17:39:57 153] - EntityApp::checkTickPeriod: tick took 1148% (1.15 seconds)!
 WARNING    cellapp-1 999 8003  [2019-09-26 17:39:58 205] - Components::findComponents: find dbmgr(52)...
delay time is too long, please check the dbmgr logs!
 WARNING    cellapp-1 999 8003  [2019-09-26 17:39:59 274] - EntityApp::checkTickPeriod: tick took 1168% (1.17 seconds)!
    INFO    cellapp-1 999 8003  [2019-09-26 17:41:03 942] - -----------------------------------------------------------------------------------------


    INFO    cellapp-1 999 8003  [2019-09-26 17:41:03 943] - Resmgr::initialize: KBE_ROOT=D:/Work/Svr/KBEngine_Bate/
    INFO    cellapp-1 999 8003  [2019-09-26 17:41:03 943] - Resmgr::initialize: KBE_RES_PATH=D:/Work/Svr/KBEngine_Bate/kbe/res/;D:/Work/Svr/KBEngine_Bate/server_assets/;D:/Work/Svr/KBEngine_Bate/server_assets/scripts/;D:/Work/Svr/KBEngine_Bate/server_assets/res/
    INFO    cellapp-1 999 8003  [2019-09-26 17:41:03 944] - Resmgr::initialize: KBE_BIN_PATH=D:/Work/Svr/KBEngine_Bate/kbe/bin/server/
    INFO    cellapp-1 999 8003  [2019-09-26 17:41:03 959] - NetworkInterface::initialize(INTERNAL-TCP): bound to all interfaces with default route interface on 192.168.0.175 ( 192.168.0.175:62051 )
    INFO    cellapp-1 999 8003  [2019-09-26 17:41:03 959] - NetworkInterface::initialize(INTERNAL-TCP): address 192.168.0.175:62051, SOMAXCONN=511.
    INFO    cellapp-1 999 8003  [2019-09-26 17:41:03 959] - server-configs:
    INFO    cellapp-1 999 8003  [2019-09-26 17:41:03 959] - 	gameUpdateHertz : 10
    INFO    cellapp-1 999 8003  [2019-09-26 17:41:03 959] - 	defaultViewRadius : 80
    INFO    cellapp-1 999 8003  [2019-09-26 17:41:03 959] - 	defaultViewHysteresisArea : 5
    INFO    cellapp-1 999 8003  [2019-09-26 17:41:03 959] - 	entryScriptFile : kbemain
    INFO    cellapp-1 999 8003  [2019-09-26 17:41:03 959] - 	internalTcpAddr : 192.168.0.175:62051
    INFO    cellapp-1 999 8003  [2019-09-26 17:41:03 959] - 	componentID : 8003
 WARNING    cellapp-1 999 8003  [2019-09-26 17:41:04 299] - BundleBroadcast::BundleBroadcast: Cannot bind to port 20103, errorno=10048
    INFO    cellapp-1 999 8003  [2019-09-26 17:41:04 303] - ---- cellapp Version: 2.5.7. ScriptVersion: 0.1.0. Pythoncore: 3.7.3. Protocol: C9FCABE153AC3D64A8F240810ADA666D. Config: Debug X86. Built: 14:22:22 Sep 18 2019. AppID: 8003. UID: 999. PID: 3880 ----
    INFO    cellapp-1 999 8003  [2019-09-26 17:41:04 304] - Server ly_server_programer: Intel(R) Core(TM) i7-8700K CPU @ 3.70GHz with 2097151kB RAM
    INFO    cellapp-1 999 8003  [2019-09-26 17:41:04 304] - ThreadPool::createThreadPool: creating  threadpool...
    INFO    cellapp-1 999 8003  [2019-09-26 17:41:04 305] - ThreadPool::createThreadPool: successfully(2), newThreadCount=1, normalMaxThreadCount=2, maxThreadCount=8
    INFO    cellapp-1 999 8003  [2019-09-26 17:41:04 498] - Script::install(): is successfully, Python=(3.7.3 (default, Sep 18 2019, 14:20:04) [MSC v.1916 32 bit (Intel)])!
    INFO    cellapp-1 999 8003  [2019-09-26 17:41:04 498] - Script::install(): KBExtra is successfully!
    INFO    cellapp-1 999 8003  [2019-09-26 17:41:04 554] - TelnetServer server is running on port 50000
    INFO    cellapp-1 999 8003  [2019-09-26 17:41:04 886] - ---- cellapp is running ----
   DEBUG    cellapp-1 999 8003  [2019-09-26 17:41:04 887] - Components::process(): Request for the process of identity...
 WARNING    cellapp-1 999 8003  [2019-09-26 17:41:11 092] - EntityApp::checkTickPeriod: tick took 6205% (6.20 seconds)!
    INFO    cellapp-1 999 8003  [2019-09-26 17:41:12 145] - Components::findComponents: find logger(1)...
 WARNING    cellapp-1 999 8003  [2019-09-26 17:41:12 485] - BundleBroadcast::BundleBroadcast: Cannot bind to port 20071, errorno=10048
 WARNING    cellapp-1 999 8003  [2019-09-26 17:41:12 485] - EntityApp::checkTickPeriod: tick took 398% (0.40 seconds)!
    INFO    cellapp-1 999 8003  [2019-09-26 17:41:13 487] - Components::findComponents: find logger(2)...
    INFO    cellapp-1 999 8003  [2019-09-26 17:41:13 546] - Components::findComponents: found logger, addr:192.168.0.175:62055
    INFO    cellapp-1 999 8003  [2019-09-26 17:41:13 546] - Components::addComponent: reset orderLog, uid=999!
    INFO    cellapp-1 999 8003  [2019-09-26 17:41:13 546] - Components::addComponent[logger], uid=999, componentID=2001, globalorderid=1, grouporderid=1, totalcount=1
    INFO    cellapp-1 999 8003  [2019-09-26 17:41:13 547] - Components::findComponents: find dbmgr(3)...
 WARNING    cellapp-1 999 8003  [2019-09-26 17:41:14 649] - EntityApp::checkTickPeriod: tick took 1262% (1.26 seconds)!
    INFO    cellapp-1 999 8003  [2019-09-26 17:41:15 687] - Components::findComponents: find dbmgr(4)...
 WARNING    cellapp-1 999 8003  [2019-09-26 17:41:16 778] - EntityApp::checkTickPeriod: tick took 1191% (1.19 seconds)!
    INFO    cellapp-1 999 8003  [2019-09-26 17:41:21 220] - -----------------------------------------------------------------------------------------


    INFO    cellapp-1 999 8003  [2019-09-26 17:41:21 221] - Resmgr::initialize: KBE_ROOT=D:/Work/Svr/KBEngine_Bate/
    INFO    cellapp-1 999 8003  [2019-09-26 17:41:21 221] - Resmgr::initialize: KBE_RES_PATH=D:/Work/Svr/KBEngine_Bate/kbe/res/;D:/Work/Svr/KBEngine_Bate/server_assets/;D:/Work/Svr/KBEngine_Bate/server_assets/scripts/;D:/Work/Svr/KBEngine_Bate/server_assets/res/
    INFO    cellapp-1 999 8003  [2019-09-26 17:41:21 221] - Resmgr::initialize: KBE_BIN_PATH=D:/Work/Svr/KBEngine_Bate/kbe/bin/server/
    INFO    cellapp-1 999 8003  [2019-09-26 17:41:21 232] - NetworkInterface::initialize(INTERNAL-TCP): bound to all interfaces with default route interface on 192.168.0.175 ( 192.168.0.175:62089 )
    INFO    cellapp-1 999 8003  [2019-09-26 17:41:21 232] - NetworkInterface::initialize(INTERNAL-TCP): address 192.168.0.175:62089, SOMAXCONN=511.
    INFO    cellapp-1 999 8003  [2019-09-26 17:41:21 232] - server-configs:
    INFO    cellapp-1 999 8003  [2019-09-26 17:41:21 232] - 	gameUpdateHertz : 10
    INFO    cellapp-1 999 8003  [2019-09-26 17:41:21 232] - 	defaultViewRadius : 80
    INFO    cellapp-1 999 8003  [2019-09-26 17:41:21 232] - 	defaultViewHysteresisArea : 5
    INFO    cellapp-1 999 8003  [2019-09-26 17:41:21 233] - 	entryScriptFile : kbemain
    INFO    cellapp-1 999 8003  [2019-09-26 17:41:21 233] - 	internalTcpAddr : 192.168.0.175:62089
    INFO    cellapp-1 999 8003  [2019-09-26 17:41:21 233] - 	componentID : 8003
    INFO    cellapp-1 999 8003  [2019-09-26 17:41:22 736] - ---- cellapp Version: 2.5.7. ScriptVersion: 0.1.0. Pythoncore: 3.7.3. Protocol: C9FCABE153AC3D64A8F240810ADA666D. Config: Debug X86. Built: 14:22:22 Sep 18 2019. AppID: 8003. UID: 999. PID: 29720 ----
    INFO    cellapp-1 999 8003  [2019-09-26 17:41:22 736] - Server ly_server_programer: Intel(R) Core(TM) i7-8700K CPU @ 3.70GHz with 2097151kB RAM
    INFO    cellapp-1 999 8003  [2019-09-26 17:41:22 737] - ThreadPool::createThreadPool: creating  threadpool...
    INFO    cellapp-1 999 8003  [2019-09-26 17:41:22 737] - ThreadPool::createThreadPool: successfully(2), newThreadCount=1, normalMaxThreadCount=2, maxThreadCount=8
    INFO    cellapp-1 999 8003  [2019-09-26 17:41:22 914] - Script::install(): is successfully, Python=(3.7.3 (default, Sep 18 2019, 14:20:04) [MSC v.1916 32 bit (Intel)])!
    INFO    cellapp-1 999 8003  [2019-09-26 17:41:22 914] - Script::install(): KBExtra is successfully!
    INFO    cellapp-1 999 8003  [2019-09-26 17:41:22 961] - TelnetServer server is running on port 50000
    INFO    cellapp-1 999 8003  [2019-09-26 17:41:23 244] - ---- cellapp is running ----
   DEBUG    cellapp-1 999 8003  [2019-09-26 17:41:23 244] - Components::process(): Request for the process of identity...
 WARNING    cellapp-1 999 8003  [2019-09-26 17:41:29 428] - EntityApp::checkTickPeriod: tick took 6184% (6.18 seconds)!
    INFO    cellapp-1 999 8003  [2019-09-26 17:41:30 444] - Components::findComponents: find logger(1)...
    INFO    cellapp-1 999 8003  [2019-09-26 17:41:30 482] - Components::findComponents: found logger, addr:192.168.0.175:62084
    INFO    cellapp-1 999 8003  [2019-09-26 17:41:30 482] - Components::addComponent: reset orderLog, uid=999!
    INFO    cellapp-1 999 8003  [2019-09-26 17:41:30 482] - Components::addComponent[logger], uid=999, componentID=2001, globalorderid=1, grouporderid=1, totalcount=1
    INFO    cellapp-1 999 8003  [2019-09-26 17:41:30 483] - Components::findComponents: find dbmgr(2)...
 WARNING    cellapp-1 999 8003  [2019-09-26 17:41:31 584] - EntityApp::checkTickPeriod: tick took 1239% (1.24 seconds)!
    INFO    cellapp-1 999 8003  [2019-09-26 17:41:32 622] - Components::findComponents: find dbmgr(3)...
 WARNING    cellapp-1 999 8003  [2019-09-26 17:41:33 703] - EntityApp::checkTickPeriod: tick took 1158% (1.16 seconds)!
    INFO    cellapp-1 999 8003  [2019-09-26 17:41:38 696] - -----------------------------------------------------------------------------------------


    INFO    cellapp-1 999 8003  [2019-09-26 17:41:38 697] - Resmgr::initialize: KBE_ROOT=D:/Work/Svr/KBEngine_Bate/
    INFO    cellapp-1 999 8003  [2019-09-26 17:41:38 697] - Resmgr::initialize: KBE_RES_PATH=D:/Work/Svr/KBEngine_Bate/kbe/res/;D:/Work/Svr/KBEngine_Bate/server_assets/;D:/Work/Svr/KBEngine_Bate/server_assets/scripts/;D:/Work/Svr/KBEngine_Bate/server_assets/res/
    INFO    cellapp-1 999 8003  [2019-09-26 17:41:38 697] - Resmgr::initialize: KBE_BIN_PATH=D:/Work/Svr/KBEngine_Bate/kbe/bin/server/
    INFO    cellapp-1 999 8003  [2019-09-26 17:41:38 710] - NetworkInterface::initialize(INTERNAL-TCP): bound to all interfaces with default route interface on 192.168.0.175 ( 192.168.0.175:62120 )
    INFO    cellapp-1 999 8003  [2019-09-26 17:41:38 710] - NetworkInterface::initialize(INTERNAL-TCP): address 192.168.0.175:62120, SOMAXCONN=511.
    INFO    cellapp-1 999 8003  [2019-09-26 17:41:38 710] - server-configs:
    INFO    cellapp-1 999 8003  [2019-09-26 17:41:38 710] - 	gameUpdateHertz : 10
    INFO    cellapp-1 999 8003  [2019-09-26 17:41:38 710] - 	defaultViewRadius : 80
    INFO    cellapp-1 999 8003  [2019-09-26 17:41:38 710] - 	defaultViewHysteresisArea : 5
    INFO    cellapp-1 999 8003  [2019-09-26 17:41:38 711] - 	entryScriptFile : kbemain
    INFO    cellapp-1 999 8003  [2019-09-26 17:41:38 711] - 	internalTcpAddr : 192.168.0.175:62120
    INFO    cellapp-1 999 8003  [2019-09-26 17:41:38 711] - 	componentID : 8003
 WARNING    cellapp-1 999 8003  [2019-09-26 17:41:39 050] - BundleBroadcast::BundleBroadcast: Cannot bind to port 20510, errorno=10048
    INFO    cellapp-1 999 8003  [2019-09-26 17:41:39 054] - ---- cellapp Version: 2.5.7. ScriptVersion: 0.1.0. Pythoncore: 3.7.3. Protocol: C9FCABE153AC3D64A8F240810ADA666D. Config: Debug X86. Built: 14:22:22 Sep 18 2019. AppID: 8003. UID: 999. PID: 33884 ----
    INFO    cellapp-1 999 8003  [2019-09-26 17:41:39 054] - Server ly_server_programer: Intel(R) Core(TM) i7-8700K CPU @ 3.70GHz with 2097151kB RAM
    INFO    cellapp-1 999 8003  [2019-09-26 17:41:39 055] - ThreadPool::createThreadPool: creating  threadpool...
    INFO    cellapp-1 999 8003  [2019-09-26 17:41:39 055] - ThreadPool::createThreadPool: successfully(2), newThreadCount=1, normalMaxThreadCount=2, maxThreadCount=8
    INFO    cellapp-1 999 8003  [2019-09-26 17:41:39 245] - Script::install(): is successfully, Python=(3.7.3 (default, Sep 18 2019, 14:20:04) [MSC v.1916 32 bit (Intel)])!
    INFO    cellapp-1 999 8003  [2019-09-26 17:41:39 245] - Script::install(): KBExtra is successfully!
    INFO    cellapp-1 999 8003  [2019-09-26 17:41:39 305] - TelnetServer server is running on port 50000
    INFO    cellapp-1 999 8003  [2019-09-26 17:41:39 638] - ---- cellapp is running ----
   DEBUG    cellapp-1 999 8003  [2019-09-26 17:41:39 638] - Components::process(): Request for the process of identity...
 WARNING    cellapp-1 999 8003  [2019-09-26 17:41:45 837] - EntityApp::checkTickPeriod: tick took 6198% (6.20 seconds)!
    INFO    cellapp-1 999 8003  [2019-09-26 17:41:46 898] - Components::findComponents: find logger(1)...
 WARNING    cellapp-1 999 8003  [2019-09-26 17:41:47 237] - BundleBroadcast::BundleBroadcast: Cannot bind to port 20245, errorno=10048
 WARNING    cellapp-1 999 8003  [2019-09-26 17:41:47 238] - EntityApp::checkTickPeriod: tick took 399% (0.40 seconds)!
    INFO    cellapp-1 999 8003  [2019-09-26 17:41:48 238] - Components::findComponents: find logger(2)...
    INFO    cellapp-1 999 8003  [2019-09-26 17:41:48 331] - Components::findComponents: found logger, addr:192.168.0.175:62123
    INFO    cellapp-1 999 8003  [2019-09-26 17:41:48 331] - Components::addComponent: reset orderLog, uid=999!
    INFO    cellapp-1 999 8003  [2019-09-26 17:41:48 331] - Components::addComponent[logger], uid=999, componentID=2001, globalorderid=1, grouporderid=1, totalcount=1
    INFO    cellapp-1 999 8003  [2019-09-26 17:41:48 332] - Components::findComponents: find dbmgr(3)...
 WARNING    cellapp-1 999 8003  [2019-09-26 17:41:49 434] - EntityApp::checkTickPeriod: tick took 1294% (1.29 seconds)!
    INFO    cellapp-1 999 8003  [2019-09-26 17:41:50 439] - Components::findComponents: find dbmgr(4)...
 WARNING    cellapp-1 999 8003  [2019-09-26 17:41:51 452] - EntityApp::checkTickPeriod: tick took 1114% (1.11 seconds)!
    INFO    cellapp-1 999 8003  [2019-09-26 17:41:52 498] - Components::findComponents: find dbmgr(5)...
 WARNING    cellapp-1 999 8003  [2019-09-26 17:41:53 572] - EntityApp::checkTickPeriod: tick took 1133% (1.13 seconds)!
    INFO    cellapp-1 999 8003  [2019-09-26 17:41:54 598] - Components::findComponents: find dbmgr(6)...
 WARNING    cellapp-1 999 8003  [2019-09-26 17:41:55 692] - EntityApp::checkTickPeriod: tick took 1154% (1.15 seconds)!
    INFO    cellapp-1 999 8003  [2019-09-26 17:41:56 698] - Components::findComponents: find dbmgr(7)...
 WARNING    cellapp-1 999 8003  [2019-09-26 17:41:57 711] - EntityApp::checkTickPeriod: tick took 1072% (1.07 seconds)!
    INFO    cellapp-1 999 8003  [2019-09-26 17:41:58 738] - Components::findComponents: find dbmgr(8)...
 WARNING    cellapp-1 999 8003  [2019-09-26 17:41:59 832] - EntityApp::checkTickPeriod: tick took 1193% (1.19 seconds)!
    INFO    cellapp-1 999 8003  [2019-09-26 17:42:00 838] - Components::findComponents: find dbmgr(9)...
 WARNING    cellapp-1 999 8003  [2019-09-26 17:42:01 851] - EntityApp::checkTickPeriod: tick took 1112% (1.11 seconds)!
    INFO    cellapp-1 999 8003  [2019-09-26 17:42:02 899] - Components::findComponents: find dbmgr(10)...
 WARNING    cellapp-1 999 8003  [2019-09-26 17:42:03 236] - BundleBroadcast::BundleBroadcast: Cannot bind to port 20959, errorno=10048
 WARNING    cellapp-1 999 8003  [2019-09-26 17:42:03 236] - EntityApp::checkTickPeriod: tick took 397% (0.40 seconds)!
    INFO    cellapp-1 999 8003  [2019-09-26 17:42:04 239] - Components::findComponents: find dbmgr(11)...
 WARNING    cellapp-1 999 8003  [2019-09-26 17:42:05 285] - EntityApp::checkTickPeriod: tick took 1147% (1.15 seconds)!
    INFO    cellapp-1 999 8003  [2019-09-26 17:42:06 299] - Components::findComponents: find dbmgr(12)...
 WARNING    cellapp-1 999 8003  [2019-09-26 17:42:07 303] - EntityApp::checkTickPeriod: tick took 1064% (1.06 seconds)!
    INFO    cellapp-1 999 8003  [2019-09-26 17:42:08 338] - Components::findComponents: find dbmgr(13)...
 WARNING    cellapp-1 999 8003  [2019-09-26 17:42:09 429] - EntityApp::checkTickPeriod: tick took 1190% (1.19 seconds)!
    INFO    cellapp-1 999 8003  [2019-09-26 17:42:10 438] - Components::findComponents: find dbmgr(14)...
 WARNING    cellapp-1 999 8003  [2019-09-26 17:42:11 447] - EntityApp::checkTickPeriod: tick took 1108% (1.11 seconds)!
    INFO    cellapp-1 999 8003  [2019-09-26 17:42:12 498] - Components::findComponents: find dbmgr(15)...
 WARNING    cellapp-1 999 8003  [2019-09-26 17:42:13 566] - EntityApp::checkTickPeriod: tick took 1127% (1.13 seconds)!
    INFO    cellapp-1 999 8003  [2019-09-26 17:42:14 599] - Components::findComponents: find dbmgr(16)...
 WARNING    cellapp-1 999 8003  [2019-09-26 17:42:15 686] - EntityApp::checkTickPeriod: tick took 1148% (1.15 seconds)!
 WARNING    cellapp-1 999 8003  [2019-09-26 17:42:16 699] - Components::findComponents: find dbmgr(17)...
delay time is too long, please check the dbmgr logs!
 WARNING    cellapp-1 999 8003  [2019-09-26 17:42:17 715] - EntityApp::checkTickPeriod: tick took 1077% (1.08 seconds)!
 WARNING    cellapp-1 999 8003  [2019-09-26 17:42:18 739] - Components::findComponents: find dbmgr(18)...
delay time is too long, please check the dbmgr logs!
 WARNING    cellapp-1 999 8003  [2019-09-26 17:42:19 835] - EntityApp::checkTickPeriod: tick took 1196% (1.20 seconds)!
 WARNING    cellapp-1 999 8003  [2019-09-26 17:42:20 838] - Components::findComponents: find dbmgr(19)...
delay time is too long, please check the dbmgr logs!
 WARNING    cellapp-1 999 8003  [2019-09-26 17:42:21 855] - EntityApp::checkTickPeriod: tick took 1117% (1.12 seconds)!
 WARNING    cellapp-1 999 8003  [2019-09-26 17:42:22 898] - Components::findComponents: find dbmgr(20)...
delay time is too long, please check the dbmgr logs!
 WARNING    cellapp-1 999 8003  [2019-09-26 17:42:23 979] - EntityApp::checkTickPeriod: tick took 1140% (1.14 seconds)!
 WARNING    cellapp-1 999 8003  [2019-09-26 17:42:24 998] - Components::findComponents: find dbmgr(21)...
delay time is too long, please check the dbmgr logs!
 WARNING    cellapp-1 999 8003  [2019-09-26 17:42:26 100] - EntityApp::checkTickPeriod: tick took 1162% (1.16 seconds)!
 WARNING    cellapp-1 999 8003  [2019-09-26 17:42:27 139] - Components::findComponents: find dbmgr(22)...
delay time is too long, please check the dbmgr logs!
 WARNING    cellapp-1 999 8003  [2019-09-26 17:42:28 222] - EntityApp::checkTickPeriod: tick took 1183% (1.18 seconds)!
 WARNING    cellapp-1 999 8003  [2019-09-26 17:42:29 238] - Components::findComponents: find dbmgr(23)...
delay time is too long, please check the dbmgr logs!
 WARNING    cellapp-1 999 8003  [2019-09-26 17:42:30 341] - EntityApp::checkTickPeriod: tick took 1202% (1.20 seconds)!
 WARNING    cellapp-1 999 8003  [2019-09-26 17:42:31 398] - Components::findComponents: find dbmgr(24)...
delay time is too long, please check the dbmgr logs!
 WARNING    cellapp-1 999 8003  [2019-09-26 17:42:32 466] - EntityApp::checkTickPeriod: tick took 1127% (1.13 seconds)!
 WARNING    cellapp-1 999 8003  [2019-09-26 17:42:33 498] - Components::findComponents: find dbmgr(25)...
delay time is too long, please check the dbmgr logs!
 WARNING    cellapp-1 999 8003  [2019-09-26 17:42:34 587] - EntityApp::checkTickPeriod: tick took 1149% (1.15 seconds)!
 WARNING    cellapp-1 999 8003  [2019-09-26 17:42:35 598] - Components::findComponents: find dbmgr(26)...
delay time is too long, please check the dbmgr logs!
 WARNING    cellapp-1 999 8003  [2019-09-26 17:42:35 937] - BundleBroadcast::BundleBroadcast: Cannot bind to port 20449, errorno=10048
 WARNING    cellapp-1 999 8003  [2019-09-26 17:42:35 937] - EntityApp::checkTickPeriod: tick took 398% (0.40 seconds)!
 WARNING    cellapp-1 999 8003  [2019-09-26 17:42:36 938] - Components::findComponents: find dbmgr(27)...
delay time is too long, please check the dbmgr logs!
 WARNING    cellapp-1 999 8003  [2019-09-26 17:42:38 030] - EntityApp::checkTickPeriod: tick took 1191% (1.19 seconds)!
 WARNING    cellapp-1 999 8003  [2019-09-26 17:42:39 039] - Components::findComponents: find dbmgr(28)...
delay time is too long, please check the dbmgr logs!
 WARNING    cellapp-1 999 8003  [2019-09-26 17:42:40 052] - EntityApp::checkTickPeriod: tick took 1114% (1.11 seconds)!
 WARNING    cellapp-1 999 8003  [2019-09-26 17:42:41 098] - Components::findComponents: find dbmgr(29)...
delay time is too long, please check the dbmgr logs!
 WARNING    cellapp-1 999 8003  [2019-09-26 17:42:42 173] - EntityApp::checkTickPeriod: tick took 1134% (1.13 seconds)!
 WARNING    cellapp-1 999 8003  [2019-09-26 17:42:43 198] - Components::findComponents: find dbmgr(30)...
delay time is too long, please check the dbmgr logs!
 WARNING    cellapp-1 999 8003  [2019-09-26 17:42:44 296] - EntityApp::checkTickPeriod: tick took 1157% (1.16 seconds)!
 WARNING    cellapp-1 999 8003  [2019-09-26 17:42:45 298] - Components::findComponents: find dbmgr(31)...
delay time is too long, please check the dbmgr logs!
 WARNING    cellapp-1 999 8003  [2019-09-26 17:42:46 314] - EntityApp::checkTickPeriod: tick took 1075% (1.08 seconds)!
 WARNING    cellapp-1 999 8003  [2019-09-26 17:42:47 338] - Components::findComponents: find dbmgr(32)...
delay time is too long, please check the dbmgr logs!
 WARNING    cellapp-1 999 8003  [2019-09-26 17:42:48 436] - EntityApp::checkTickPeriod: tick took 1197% (1.20 seconds)!
 WARNING    cellapp-1 999 8003  [2019-09-26 17:42:49 438] - Components::findComponents: find dbmgr(33)...
delay time is too long, please check the dbmgr logs!
 WARNING    cellapp-1 999 8003  [2019-09-26 17:42:50 457] - EntityApp::checkTickPeriod: tick took 1119% (1.12 seconds)!
 WARNING    cellapp-1 999 8003  [2019-09-26 17:42:51 498] - Components::findComponents: find dbmgr(34)...
delay time is too long, please check the dbmgr logs!
 WARNING    cellapp-1 999 8003  [2019-09-26 17:42:52 581] - EntityApp::checkTickPeriod: tick took 1143% (1.14 seconds)!
 WARNING    cellapp-1 999 8003  [2019-09-26 17:42:53 598] - Components::findComponents: find dbmgr(35)...
delay time is too long, please check the dbmgr logs!
 WARNING    cellapp-1 999 8003  [2019-09-26 17:42:54 701] - EntityApp::checkTickPeriod: tick took 1162% (1.16 seconds)!
 WARNING    cellapp-1 999 8003  [2019-09-26 17:42:55 739] - Components::findComponents: find dbmgr(36)...
delay time is too long, please check the dbmgr logs!
 WARNING    cellapp-1 999 8003  [2019-09-26 17:42:56 822] - EntityApp::checkTickPeriod: tick took 1183% (1.18 seconds)!
 WARNING    cellapp-1 999 8003  [2019-09-26 17:42:57 839] - Components::findComponents: find dbmgr(37)...
delay time is too long, please check the dbmgr logs!
 WARNING    cellapp-1 999 8003  [2019-09-26 17:42:58 848] - EntityApp::checkTickPeriod: tick took 1109% (1.11 seconds)!
 WARNING    cellapp-1 999 8003  [2019-09-26 17:42:59 898] - Components::findComponents: find dbmgr(38)...
delay time is too long, please check the dbmgr logs!
 WARNING    cellapp-1 999 8003  [2019-09-26 17:43:00 969] - EntityApp::checkTickPeriod: tick took 1130% (1.13 seconds)!
 WARNING    cellapp-1 999 8003  [2019-09-26 17:43:01 998] - Components::findComponents: find dbmgr(39)...
delay time is too long, please check the dbmgr logs!
 WARNING    cellapp-1 999 8003  [2019-09-26 17:43:03 089] - EntityApp::checkTickPeriod: tick took 1150% (1.15 seconds)!
 WARNING    cellapp-1 999 8003  [2019-09-26 17:43:04 098] - Components::findComponents: find dbmgr(40)...
delay time is too long, please check the dbmgr logs!
 WARNING    cellapp-1 999 8003  [2019-09-26 17:43:04 438] - BundleBroadcast::BundleBroadcast: Cannot bind to port 20214, errorno=10048
 WARNING    cellapp-1 999 8003  [2019-09-26 17:43:04 438] - EntityApp::checkTickPeriod: tick took 399% (0.40 seconds)!
 WARNING    cellapp-1 999 8003  [2019-09-26 17:43:05 439] - Components::findComponents: find dbmgr(41)...
delay time is too long, please check the dbmgr logs!
 WARNING    cellapp-1 999 8003  [2019-09-26 17:43:06 532] - EntityApp::checkTickPeriod: tick took 1193% (1.19 seconds)!
 WARNING    cellapp-1 999 8003  [2019-09-26 17:43:07 539] - Components::findComponents: find dbmgr(42)...
delay time is too long, please check the dbmgr logs!
 WARNING    cellapp-1 999 8003  [2019-09-26 17:43:08 655] - EntityApp::checkTickPeriod: tick took 1217% (1.22 seconds)!
 WARNING    cellapp-1 999 8003  [2019-09-26 17:43:09 698] - Components::findComponents: find dbmgr(43)...
delay time is too long, please check the dbmgr logs!
 WARNING    cellapp-1 999 8003  [2019-09-26 17:43:10 775] - EntityApp::checkTickPeriod: tick took 1135% (1.13 seconds)!
 WARNING    cellapp-1 999 8003  [2019-09-26 17:43:11 798] - Components::findComponents: find dbmgr(44)...
delay time is too long, please check the dbmgr logs!
 WARNING    cellapp-1 999 8003  [2019-09-26 17:43:12 894] - EntityApp::checkTickPeriod: tick took 1155% (1.15 seconds)!
 WARNING    cellapp-1 999 8003  [2019-09-26 17:43:13 899] - Components::findComponents: find dbmgr(45)...
delay time is too long, please check the dbmgr logs!
 WARNING    cellapp-1 999 8003  [2019-09-26 17:43:15 015] - EntityApp::checkTickPeriod: tick took 1176% (1.18 seconds)!
 WARNING    cellapp-1 999 8003  [2019-09-26 17:43:16 039] - Components::findComponents: find dbmgr(46)...
delay time is too long, please check the dbmgr logs!
 WARNING    cellapp-1 999 8003  [2019-09-26 17:43:17 138] - EntityApp::checkTickPeriod: tick took 1200% (1.20 seconds)!
 WARNING    cellapp-1 999 8003  [2019-09-26 17:43:18 139] - Components::findComponents: find dbmgr(47)...
delay time is too long, please check the dbmgr logs!
 WARNING    cellapp-1 999 8003  [2019-09-26 17:43:19 167] - EntityApp::checkTickPeriod: tick took 1128% (1.13 seconds)!
 WARNING    cellapp-1 999 8003  [2019-09-26 17:43:20 198] - Components::findComponents: find dbmgr(48)...
delay time is too long, please check the dbmgr logs!
 WARNING    cellapp-1 999 8003  [2019-09-26 17:43:21 294] - EntityApp::checkTickPeriod: tick took 1155% (1.15 seconds)!
 WARNING    cellapp-1 999 8003  [2019-09-26 17:43:22 298] - Components::findComponents: find dbmgr(49)...
delay time is too long, please check the dbmgr logs!
 WARNING    cellapp-1 999 8003  [2019-09-26 17:43:23 314] - EntityApp::checkTickPeriod: tick took 1075% (1.08 seconds)!
 WARNING    cellapp-1 999 8003  [2019-09-26 17:43:24 339] - Components::findComponents: find dbmgr(50)...
delay time is too long, please check the dbmgr logs!
 WARNING    cellapp-1 999 8003  [2019-09-26 17:43:25 433] - EntityApp::checkTickPeriod: tick took 1194% (1.19 seconds)!
 WARNING    cellapp-1 999 8003  [2019-09-26 17:43:26 438] - Components::findComponents: find dbmgr(51)...
delay time is too long, please check the dbmgr logs!
 WARNING    cellapp-1 999 8003  [2019-09-26 17:43:27 452] - EntityApp::checkTickPeriod: tick took 1113% (1.11 seconds)!
 WARNING    cellapp-1 999 8003  [2019-09-26 17:43:28 499] - Components::findComponents: find dbmgr(52)...
delay time is too long, please check the dbmgr logs!
 WARNING    cellapp-1 999 8003  [2019-09-26 17:43:29 574] - EntityApp::checkTickPeriod: tick took 1135% (1.13 seconds)!
 WARNING    cellapp-1 999 8003  [2019-09-26 17:43:30 598] - Components::findComponents: find dbmgr(53)...
delay time is too long, please check the dbmgr logs!
 WARNING    cellapp-1 999 8003  [2019-09-26 17:43:31 695] - EntityApp::checkTickPeriod: tick took 1156% (1.16 seconds)!
 WARNING    cellapp-1 999 8003  [2019-09-26 17:43:32 698] - Components::findComponents: find dbmgr(54)...
delay time is too long, please check the dbmgr logs!
 WARNING    cellapp-1 999 8003  [2019-09-26 17:43:33 713] - EntityApp::checkTickPeriod: tick took 1074% (1.07 seconds)!
 WARNING    cellapp-1 999 8003  [2019-09-26 17:43:34 738] - Components::findComponents: find dbmgr(55)...
delay time is too long, please check the dbmgr logs!
 WARNING    cellapp-1 999 8003  [2019-09-26 17:43:35 838] - EntityApp::checkTickPeriod: tick took 1199% (1.20 seconds)!
    INFO    cellapp-1 999 8003  [2019-09-26 17:43:48 058] - -----------------------------------------------------------------------------------------


    INFO    cellapp-1 999 8003  [2019-09-26 17:43:48 059] - Resmgr::initialize: KBE_ROOT=D:/Work/Svr/KBEngine_Bate/
    INFO    cellapp-1 999 8003  [2019-09-26 17:43:48 060] - Resmgr::initialize: KBE_RES_PATH=D:/Work/Svr/KBEngine_Bate/kbe/res/;D:/Work/Svr/KBEngine_Bate/server_assets/;D:/Work/Svr/KBEngine_Bate/server_assets/scripts/;D:/Work/Svr/KBEngine_Bate/server_assets/res/
    INFO    cellapp-1 999 8003  [2019-09-26 17:43:48 060] - Resmgr::initialize: KBE_BIN_PATH=D:/Work/Svr/KBEngine_Bate/kbe/bin/server/
    INFO    cellapp-1 999 8003  [2019-09-26 17:43:48 076] - NetworkInterface::initialize(INTERNAL-TCP): bound to all interfaces with default route interface on 192.168.0.175 ( 192.168.0.175:62340 )
    INFO    cellapp-1 999 8003  [2019-09-26 17:43:48 076] - NetworkInterface::initialize(INTERNAL-TCP): address 192.168.0.175:62340, SOMAXCONN=511.
    INFO    cellapp-1 999 8003  [2019-09-26 17:43:48 076] - server-configs:
    INFO    cellapp-1 999 8003  [2019-09-26 17:43:48 076] - 	gameUpdateHertz : 10
    INFO    cellapp-1 999 8003  [2019-09-26 17:43:48 076] - 	defaultViewRadius : 80
    INFO    cellapp-1 999 8003  [2019-09-26 17:43:48 076] - 	defaultViewHysteresisArea : 5
    INFO    cellapp-1 999 8003  [2019-09-26 17:43:48 077] - 	entryScriptFile : kbemain
    INFO    cellapp-1 999 8003  [2019-09-26 17:43:48 077] - 	internalTcpAddr : 192.168.0.175:62340
    INFO    cellapp-1 999 8003  [2019-09-26 17:43:48 077] - 	componentID : 8003
    INFO    cellapp-1 999 8003  [2019-09-26 17:43:49 584] - ---- cellapp Version: 2.5.7. ScriptVersion: 0.1.0. Pythoncore: 3.7.3. Protocol: C9FCABE153AC3D64A8F240810ADA666D. Config: Debug X86. Built: 14:22:22 Sep 18 2019. AppID: 8003. UID: 999. PID: 12760 ----
    INFO    cellapp-1 999 8003  [2019-09-26 17:43:49 584] - Server ly_server_programer: Intel(R) Core(TM) i7-8700K CPU @ 3.70GHz with 2097151kB RAM
    INFO    cellapp-1 999 8003  [2019-09-26 17:43:49 585] - ThreadPool::createThreadPool: creating  threadpool...
    INFO    cellapp-1 999 8003  [2019-09-26 17:43:49 585] - ThreadPool::createThreadPool: successfully(2), newThreadCount=1, normalMaxThreadCount=2, maxThreadCount=8
    INFO    cellapp-1 999 8003  [2019-09-26 17:43:49 770] - Script::install(): is successfully, Python=(3.7.3 (default, Sep 18 2019, 14:20:04) [MSC v.1916 32 bit (Intel)])!
    INFO    cellapp-1 999 8003  [2019-09-26 17:43:49 770] - Script::install(): KBExtra is successfully!
    INFO    cellapp-1 999 8003  [2019-09-26 17:43:49 819] - TelnetServer server is running on port 50000
    INFO    cellapp-1 999 8003  [2019-09-26 17:43:50 134] - ---- cellapp is running ----
   DEBUG    cellapp-1 999 8003  [2019-09-26 17:43:50 134] - Components::process(): Request for the process of identity...
 WARNING    cellapp-1 999 8003  [2019-09-26 17:43:56 343] - EntityApp::checkTickPeriod: tick took 6209% (6.21 seconds)!
    INFO    cellapp-1 999 8003  [2019-09-26 17:43:57 362] - Components::findComponents: find logger(1)...
    INFO    cellapp-1 999 8003  [2019-09-26 17:43:57 429] - Components::findComponents: found logger, addr:192.168.0.175:62339
    INFO    cellapp-1 999 8003  [2019-09-26 17:43:57 429] - Components::addComponent: reset orderLog, uid=999!
    INFO    cellapp-1 999 8003  [2019-09-26 17:43:57 429] - Components::addComponent[logger], uid=999, componentID=2001, globalorderid=1, grouporderid=1, totalcount=1
    INFO    cellapp-1 999 8003  [2019-09-26 17:43:57 430] - Components::findComponents: find dbmgr(2)...
 WARNING    cellapp-1 999 8003  [2019-09-26 17:43:58 532] - EntityApp::checkTickPeriod: tick took 1198% (1.20 seconds)!
    INFO    cellapp-1 999 8003  [2019-09-26 17:43:59 534] - Components::findComponents: find dbmgr(3)...
 WARNING    cellapp-1 999 8003  [2019-09-26 17:44:00 558] - EntityApp::checkTickPeriod: tick took 1123% (1.12 seconds)!
    INFO    cellapp-1 999 8003  [2019-09-26 17:44:01 560] - Components::findComponents: find dbmgr(4)...
 WARNING    cellapp-1 999 8003  [2019-09-26 17:44:01 896] - BundleBroadcast::BundleBroadcast: Cannot bind to port 20275, errorno=10048
 WARNING    cellapp-1 999 8003  [2019-09-26 17:44:01 896] - EntityApp::checkTickPeriod: tick took 362% (0.36 seconds)!
