    INFO cellappmgr-1 999 6001  [2019-09-26 17:36:09 070] - -----------------------------------------------------------------------------------------


    INFO cellappmgr-1 999 6001  [2019-09-26 17:36:09 070] - Resmgr::initialize: KBE_ROOT=D:/Work/Svr/KBEngine_Bate/
    INFO cellappmgr-1 999 6001  [2019-09-26 17:36:09 071] - Resmgr::initialize: KBE_RES_PATH=D:/Work/Svr/KBEngine_Bate/kbe/res/;D:/Work/Svr/KBEngine_Bate/server_assets/;D:/Work/Svr/KBEngine_Bate/server_assets/scripts/;D:/Work/Svr/KBEngine_Bate/server_assets/res/
    INFO cellappmgr-1 999 6001  [2019-09-26 17:36:09 071] - Resmgr::initialize: KBE_BIN_PATH=D:/Work/Svr/KBEngine_Bate/kbe/bin/server/
    INFO cellappmgr-1 999 6001  [2019-09-26 17:36:09 080] - NetworkInterface::initialize(INTERNAL-TCP): bound to all interfaces with default route interface on 192.168.0.175 ( 192.168.0.175:61673 )
    INFO cellappmgr-1 999 6001  [2019-09-26 17:36:09 080] - NetworkInterface::initialize(INTERNAL-TCP): address 192.168.0.175:61673, SOMAXCONN=511.
    INFO cellappmgr-1 999 6001  [2019-09-26 17:36:09 080] - server-configs:
    INFO cellappmgr-1 999 6001  [2019-09-26 17:36:09 081] - 	internalTcpAddr : 192.168.0.175:61673
    INFO cellappmgr-1 999 6001  [2019-09-26 17:36:09 081] - 	componentID : 6001
    INFO cellappmgr-1 999 6001  [2019-09-26 17:36:09 129] - Components::findLogger: found logger, addr:192.168.0.175:61641
    INFO cellappmgr-1 999 6001  [2019-09-26 17:36:09 129] - Components::addComponent: reset orderLog, uid=999!
    INFO cellappmgr-1 999 6001  [2019-09-26 17:36:09 129] - Components::addComponent[logger], uid=999, componentID=2001, globalorderid=1, grouporderid=1, totalcount=1
    INFO cellappmgr-1 999 6001  [2019-09-26 17:36:09 132] - ---- cellappmgr Version: 2.5.7. ScriptVersion: 0.1.0. Pythoncore: 3.7.3. Protocol: AFC10615FCF531D416E7A56B687CCF1A. Config: Debug X86. Built: 14:20:35 Sep 18 2019. AppID: 6001. UID: 999. PID: 36552 ----
    INFO cellappmgr-1 999 6001  [2019-09-26 17:36:09 133] - Server ly_server_programer: Intel(R) Core(TM) i7-8700K CPU @ 3.70GHz with 2097151kB RAM
    INFO cellappmgr-1 999 6001  [2019-09-26 17:36:09 133] - ThreadPool::createThreadPool: creating  threadpool...
    INFO cellappmgr-1 999 6001  [2019-09-26 17:36:09 133] - ThreadPool::createThreadPool: successfully(2), newThreadCount=1, normalMaxThreadCount=2, maxThreadCount=8
    INFO cellappmgr-1 999 6001  [2019-09-26 17:36:09 427] - ---- cellappmgr is running ----
   DEBUG cellappmgr-1 999 6001  [2019-09-26 17:36:09 427] - Components::process(): Request for the process of identity...
    INFO cellappmgr-1 999 6001  [2019-09-26 17:36:16 635] - Components::findComponents: find dbmgr(1)...
    INFO cellappmgr-1 999 6001  [2019-09-26 17:36:18 815] - Components::findComponents: find dbmgr(2)...
    INFO cellappmgr-1 999 6001  [2019-09-26 17:36:20 934] - Components::findComponents: find dbmgr(3)...
    INFO cellappmgr-1 999 6001  [2019-09-26 17:36:23 055] - Components::findComponents: find dbmgr(4)...
    INFO cellappmgr-1 999 6001  [2019-09-26 17:36:25 214] - Components::findComponents: find dbmgr(5)...
    INFO cellappmgr-1 999 6001  [2019-09-26 17:36:27 235] - Components::findComponents: find dbmgr(6)...
    INFO cellappmgr-1 999 6001  [2019-09-26 17:36:29 254] - Components::findComponents: find dbmgr(7)...
    INFO cellappmgr-1 999 6001  [2019-09-26 17:36:31 314] - Components::findComponents: find dbmgr(8)...
    INFO cellappmgr-1 999 6001  [2019-09-26 17:36:37 905] - -----------------------------------------------------------------------------------------


    INFO cellappmgr-1 999 6001  [2019-09-26 17:36:37 905] - Resmgr::initialize: KBE_ROOT=D:/Work/Svr/KBEngine_Bate/
    INFO cellappmgr-1 999 6001  [2019-09-26 17:36:37 906] - Resmgr::initialize: KBE_RES_PATH=D:/Work/Svr/KBEngine_Bate/kbe/res/;D:/Work/Svr/KBEngine_Bate/server_assets/;D:/Work/Svr/KBEngine_Bate/server_assets/scripts/;D:/Work/Svr/KBEngine_Bate/server_assets/res/
    INFO cellappmgr-1 999 6001  [2019-09-26 17:36:37 906] - Resmgr::initialize: KBE_BIN_PATH=D:/Work/Svr/KBEngine_Bate/kbe/bin/server/
    INFO cellappmgr-1 999 6001  [2019-09-26 17:36:37 921] - NetworkInterface::initialize(INTERNAL-TCP): bound to all interfaces with default route interface on 192.168.0.175 ( 192.168.0.175:61712 )
    INFO cellappmgr-1 999 6001  [2019-09-26 17:36:37 921] - NetworkInterface::initialize(INTERNAL-TCP): address 192.168.0.175:61712, SOMAXCONN=511.
    INFO cellappmgr-1 999 6001  [2019-09-26 17:36:37 922] - server-configs:
    INFO cellappmgr-1 999 6001  [2019-09-26 17:36:37 922] - 	internalTcpAddr : 192.168.0.175:61712
    INFO cellappmgr-1 999 6001  [2019-09-26 17:36:37 922] - 	componentID : 6001
    INFO cellappmgr-1 999 6001  [2019-09-26 17:36:39 427] - ---- cellappmgr Version: 2.5.7. ScriptVersion: 0.1.0. Pythoncore: 3.7.3. Protocol: AFC10615FCF531D416E7A56B687CCF1A. Config: Debug X86. Built: 14:20:35 Sep 18 2019. AppID: 6001. UID: 999. PID: 25580 ----
    INFO cellappmgr-1 999 6001  [2019-09-26 17:36:39 427] - Server ly_server_programer: Intel(R) Core(TM) i7-8700K CPU @ 3.70GHz with 2097151kB RAM
    INFO cellappmgr-1 999 6001  [2019-09-26 17:36:39 427] - ThreadPool::createThreadPool: creating  threadpool...
    INFO cellappmgr-1 999 6001  [2019-09-26 17:36:39 427] - ThreadPool::createThreadPool: successfully(2), newThreadCount=1, normalMaxThreadCount=2, maxThreadCount=8
    INFO cellappmgr-1 999 6001  [2019-09-26 17:36:39 742] - ---- cellappmgr is running ----
   DEBUG cellappmgr-1 999 6001  [2019-09-26 17:36:39 742] - Components::process(): Request for the process of identity...
    INFO cellappmgr-1 999 6001  [2019-09-26 17:36:46 948] - Components::findComponents: find logger(1)...
    INFO cellappmgr-1 999 6001  [2019-09-26 17:36:46 993] - Components::findComponents: found logger, addr:192.168.0.175:61715
    INFO cellappmgr-1 999 6001  [2019-09-26 17:36:46 993] - Components::addComponent: reset orderLog, uid=999!
    INFO cellappmgr-1 999 6001  [2019-09-26 17:36:46 993] - Components::addComponent[logger], uid=999, componentID=2001, globalorderid=1, grouporderid=1, totalcount=1
    INFO cellappmgr-1 999 6001  [2019-09-26 17:36:46 994] - Components::findComponents: find dbmgr(2)...
    INFO cellappmgr-1 999 6001  [2019-09-26 17:36:49 107] - Components::findComponents: find dbmgr(3)...
    INFO cellappmgr-1 999 6001  [2019-09-26 17:36:51 128] - Components::findComponents: find dbmgr(4)...
    INFO cellappmgr-1 999 6001  [2019-09-26 17:36:53 148] - Components::findComponents: find dbmgr(5)...
    INFO cellappmgr-1 999 6001  [2019-09-26 17:36:55 188] - Components::findComponents: find dbmgr(6)...
    INFO cellappmgr-1 999 6001  [2019-09-26 17:36:57 206] - Components::findComponents: find dbmgr(7)...
    INFO cellappmgr-1 999 6001  [2019-09-26 17:36:59 228] - Components::findComponents: find dbmgr(8)...
    INFO cellappmgr-1 999 6001  [2019-09-26 17:37:01 248] - Components::findComponents: find dbmgr(9)...
    INFO cellappmgr-1 999 6001  [2019-09-26 17:37:03 268] - Components::findComponents: find dbmgr(10)...
    INFO cellappmgr-1 999 6001  [2019-09-26 17:38:05 805] - -----------------------------------------------------------------------------------------


    INFO cellappmgr-1 999 6001  [2019-09-26 17:38:05 805] - Resmgr::initialize: KBE_ROOT=D:/Work/Svr/KBEngine_Bate/
    INFO cellappmgr-1 999 6001  [2019-09-26 17:38:05 805] - Resmgr::initialize: KBE_RES_PATH=D:/Work/Svr/KBEngine_Bate/kbe/res/;D:/Work/Svr/KBEngine_Bate/server_assets/;D:/Work/Svr/KBEngine_Bate/server_assets/scripts/;D:/Work/Svr/KBEngine_Bate/server_assets/res/
    INFO cellappmgr-1 999 6001  [2019-09-26 17:38:05 805] - Resmgr::initialize: KBE_BIN_PATH=D:/Work/Svr/KBEngine_Bate/kbe/bin/server/
    INFO cellappmgr-1 999 6001  [2019-09-26 17:38:05 817] - NetworkInterface::initialize(INTERNAL-TCP): bound to all interfaces with default route interface on 192.168.0.175 ( 192.168.0.175:61826 )
    INFO cellappmgr-1 999 6001  [2019-09-26 17:38:05 817] - NetworkInterface::initialize(INTERNAL-TCP): address 192.168.0.175:61826, SOMAXCONN=511.
    INFO cellappmgr-1 999 6001  [2019-09-26 17:38:05 817] - server-configs:
    INFO cellappmgr-1 999 6001  [2019-09-26 17:38:05 817] - 	internalTcpAddr : 192.168.0.175:61826
    INFO cellappmgr-1 999 6001  [2019-09-26 17:38:05 817] - 	componentID : 6001
    INFO cellappmgr-1 999 6001  [2019-09-26 17:38:07 322] - ---- cellappmgr Version: 2.5.7. ScriptVersion: 0.1.0. Pythoncore: 3.7.3. Protocol: AFC10615FCF531D416E7A56B687CCF1A. Config: Debug X86. Built: 14:20:35 Sep 18 2019. AppID: 6001. UID: 999. PID: 6692 ----
    INFO cellappmgr-1 999 6001  [2019-09-26 17:38:07 322] - Server ly_server_programer: Intel(R) Core(TM) i7-8700K CPU @ 3.70GHz with 2097151kB RAM
    INFO cellappmgr-1 999 6001  [2019-09-26 17:38:07 322] - ThreadPool::createThreadPool: creating  threadpool...
    INFO cellappmgr-1 999 6001  [2019-09-26 17:38:07 322] - ThreadPool::createThreadPool: successfully(2), newThreadCount=1, normalMaxThreadCount=2, maxThreadCount=8
    INFO cellappmgr-1 999 6001  [2019-09-26 17:38:07 605] - ---- cellappmgr is running ----
   DEBUG cellappmgr-1 999 6001  [2019-09-26 17:38:07 606] - Components::process(): Request for the process of identity...
    INFO cellappmgr-1 999 6001  [2019-09-26 17:38:14 806] - Components::findComponents: find logger(1)...
    INFO cellappmgr-1 999 6001  [2019-09-26 17:38:14 827] - Components::findComponents: found logger, addr:192.168.0.175:61834
    INFO cellappmgr-1 999 6001  [2019-09-26 17:38:14 827] - Components::addComponent: reset orderLog, uid=999!
    INFO cellappmgr-1 999 6001  [2019-09-26 17:38:14 827] - Components::addComponent[logger], uid=999, componentID=2001, globalorderid=1, grouporderid=1, totalcount=1
    INFO cellappmgr-1 999 6001  [2019-09-26 17:38:14 828] - Components::findComponents: find dbmgr(2)...
    INFO cellappmgr-1 999 6001  [2019-09-26 17:38:16 944] - Components::findComponents: find dbmgr(3)...
    INFO cellappmgr-1 999 6001  [2019-09-26 17:38:18 964] - Components::findComponents: find dbmgr(4)...
    INFO cellappmgr-1 999 6001  [2019-09-26 17:38:20 985] - Components::findComponents: find dbmgr(5)...
    INFO cellappmgr-1 999 6001  [2019-09-26 17:38:23 004] - Components::findComponents: find dbmgr(6)...
    INFO cellappmgr-1 999 6001  [2019-09-26 17:38:25 024] - Components::findComponents: find dbmgr(7)...
    INFO cellappmgr-1 999 6001  [2019-09-26 17:38:27 044] - Components::findComponents: find dbmgr(8)...
    INFO cellappmgr-1 999 6001  [2019-09-26 17:38:29 064] - Components::findComponents: find dbmgr(9)...
    INFO cellappmgr-1 999 6001  [2019-09-26 17:38:31 084] - Components::findComponents: find dbmgr(10)...
    INFO cellappmgr-1 999 6001  [2019-09-26 17:38:33 104] - Components::findComponents: find dbmgr(11)...
    INFO cellappmgr-1 999 6001  [2019-09-26 17:38:35 144] - Components::findComponents: find dbmgr(12)...
    INFO cellappmgr-1 999 6001  [2019-09-26 17:38:37 165] - Components::findComponents: find dbmgr(13)...
    INFO cellappmgr-1 999 6001  [2019-09-26 17:38:39 184] - Components::findComponents: find dbmgr(14)...
    INFO cellappmgr-1 999 6001  [2019-09-26 17:38:41 204] - Components::findComponents: find dbmgr(15)...
    INFO cellappmgr-1 999 6001  [2019-09-26 17:38:43 224] - Components::findComponents: find dbmgr(16)...
 WARNING cellappmgr-1 999 6001  [2019-09-26 17:38:43 560] - BundleBroadcast::BundleBroadcast: Cannot bind to port 20274, errorno=10048
 WARNING cellappmgr-1 999 6001  [2019-09-26 17:38:44 564] - Components::findComponents: find dbmgr(17)...
delay time is too long, please check the dbmgr logs!
 WARNING cellappmgr-1 999 6001  [2019-09-26 17:38:46 665] - Components::findComponents: find dbmgr(18)...
delay time is too long, please check the dbmgr logs!
 WARNING cellappmgr-1 999 6001  [2019-09-26 17:38:48 784] - Components::findComponents: find dbmgr(19)...
delay time is too long, please check the dbmgr logs!
 WARNING cellappmgr-1 999 6001  [2019-09-26 17:38:50 804] - Components::findComponents: find dbmgr(20)...
delay time is too long, please check the dbmgr logs!
 WARNING cellappmgr-1 999 6001  [2019-09-26 17:38:52 824] - Components::findComponents: find dbmgr(21)...
delay time is too long, please check the dbmgr logs!
 WARNING cellappmgr-1 999 6001  [2019-09-26 17:38:54 864] - Components::findComponents: find dbmgr(22)...
delay time is too long, please check the dbmgr logs!
 WARNING cellappmgr-1 999 6001  [2019-09-26 17:38:56 984] - Components::findComponents: find dbmgr(23)...
delay time is too long, please check the dbmgr logs!
 WARNING cellappmgr-1 999 6001  [2019-09-26 17:38:59 005] - Components::findComponents: find dbmgr(24)...
delay time is too long, please check the dbmgr logs!
 WARNING cellappmgr-1 999 6001  [2019-09-26 17:39:01 124] - Components::findComponents: find dbmgr(25)...
delay time is too long, please check the dbmgr logs!
 WARNING cellappmgr-1 999 6001  [2019-09-26 17:39:03 144] - Components::findComponents: find dbmgr(26)...
delay time is too long, please check the dbmgr logs!
 WARNING cellappmgr-1 999 6001  [2019-09-26 17:39:05 164] - Components::findComponents: find dbmgr(27)...
delay time is too long, please check the dbmgr logs!
 WARNING cellappmgr-1 999 6001  [2019-09-26 17:39:07 204] - Components::findComponents: find dbmgr(28)...
delay time is too long, please check the dbmgr logs!
 WARNING cellappmgr-1 999 6001  [2019-09-26 17:39:09 224] - Components::findComponents: find dbmgr(29)...
delay time is too long, please check the dbmgr logs!
 WARNING cellappmgr-1 999 6001  [2019-09-26 17:39:11 244] - Components::findComponents: find dbmgr(30)...
delay time is too long, please check the dbmgr logs!
 WARNING cellappmgr-1 999 6001  [2019-09-26 17:39:13 264] - Components::findComponents: find dbmgr(31)...
delay time is too long, please check the dbmgr logs!
 WARNING cellappmgr-1 999 6001  [2019-09-26 17:39:15 285] - Components::findComponents: find dbmgr(32)...
delay time is too long, please check the dbmgr logs!
 WARNING cellappmgr-1 999 6001  [2019-09-26 17:39:17 304] - Components::findComponents: find dbmgr(33)...
delay time is too long, please check the dbmgr logs!
 WARNING cellappmgr-1 999 6001  [2019-09-26 17:39:19 324] - Components::findComponents: find dbmgr(34)...
delay time is too long, please check the dbmgr logs!
 WARNING cellappmgr-1 999 6001  [2019-09-26 17:39:21 345] - Components::findComponents: find dbmgr(35)...
delay time is too long, please check the dbmgr logs!
 WARNING cellappmgr-1 999 6001  [2019-09-26 17:39:23 384] - Components::findComponents: find dbmgr(36)...
delay time is too long, please check the dbmgr logs!
 WARNING cellappmgr-1 999 6001  [2019-09-26 17:39:25 505] - Components::findComponents: find dbmgr(37)...
delay time is too long, please check the dbmgr logs!
 WARNING cellappmgr-1 999 6001  [2019-09-26 17:39:27 607] - Components::findComponents: find dbmgr(38)...
delay time is too long, please check the dbmgr logs!
 WARNING cellappmgr-1 999 6001  [2019-09-26 17:39:29 644] - Components::findComponents: find dbmgr(39)...
delay time is too long, please check the dbmgr logs!
 WARNING cellappmgr-1 999 6001  [2019-09-26 17:39:31 664] - Components::findComponents: find dbmgr(40)...
delay time is too long, please check the dbmgr logs!
 WARNING cellappmgr-1 999 6001  [2019-09-26 17:39:33 684] - Components::findComponents: find dbmgr(41)...
delay time is too long, please check the dbmgr logs!
 WARNING cellappmgr-1 999 6001  [2019-09-26 17:39:35 704] - Components::findComponents: find dbmgr(42)...
delay time is too long, please check the dbmgr logs!
 WARNING cellappmgr-1 999 6001  [2019-09-26 17:39:37 744] - Components::findComponents: find dbmgr(43)...
delay time is too long, please check the dbmgr logs!
 WARNING cellappmgr-1 999 6001  [2019-09-26 17:39:39 764] - Components::findComponents: find dbmgr(44)...
delay time is too long, please check the dbmgr logs!
 WARNING cellappmgr-1 999 6001  [2019-09-26 17:39:41 784] - Components::findComponents: find dbmgr(45)...
delay time is too long, please check the dbmgr logs!
 WARNING cellappmgr-1 999 6001  [2019-09-26 17:39:43 804] - Components::findComponents: find dbmgr(46)...
delay time is too long, please check the dbmgr logs!
 WARNING cellappmgr-1 999 6001  [2019-09-26 17:39:45 824] - Components::findComponents: find dbmgr(47)...
delay time is too long, please check the dbmgr logs!
 WARNING cellappmgr-1 999 6001  [2019-09-26 17:39:47 844] - Components::findComponents: find dbmgr(48)...
delay time is too long, please check the dbmgr logs!
 WARNING cellappmgr-1 999 6001  [2019-09-26 17:39:49 864] - Components::findComponents: find dbmgr(49)...
delay time is too long, please check the dbmgr logs!
 WARNING cellappmgr-1 999 6001  [2019-09-26 17:39:50 205] - BundleBroadcast::BundleBroadcast: Cannot bind to port 20519, errorno=10048
 WARNING cellappmgr-1 999 6001  [2019-09-26 17:39:51 207] - Components::findComponents: find dbmgr(50)...
delay time is too long, please check the dbmgr logs!
 WARNING cellappmgr-1 999 6001  [2019-09-26 17:39:53 304] - Components::findComponents: find dbmgr(51)...
delay time is too long, please check the dbmgr logs!
 WARNING cellappmgr-1 999 6001  [2019-09-26 17:39:55 324] - Components::findComponents: find dbmgr(52)...
delay time is too long, please check the dbmgr logs!
 WARNING cellappmgr-1 999 6001  [2019-09-26 17:39:57 364] - Components::findComponents: find dbmgr(53)...
delay time is too long, please check the dbmgr logs!
    INFO cellappmgr-1 999 6001  [2019-09-26 17:41:03 929] - -----------------------------------------------------------------------------------------


    INFO cellappmgr-1 999 6001  [2019-09-26 17:41:03 929] - Resmgr::initialize: KBE_ROOT=D:/Work/Svr/KBEngine_Bate/
    INFO cellappmgr-1 999 6001  [2019-09-26 17:41:03 930] - Resmgr::initialize: KBE_RES_PATH=D:/Work/Svr/KBEngine_Bate/kbe/res/;D:/Work/Svr/KBEngine_Bate/server_assets/;D:/Work/Svr/KBEngine_Bate/server_assets/scripts/;D:/Work/Svr/KBEngine_Bate/server_assets/res/
    INFO cellappmgr-1 999 6001  [2019-09-26 17:41:03 930] - Resmgr::initialize: KBE_BIN_PATH=D:/Work/Svr/KBEngine_Bate/kbe/bin/server/
    INFO cellappmgr-1 999 6001  [2019-09-26 17:41:03 945] - NetworkInterface::initialize(INTERNAL-TCP): bound to all interfaces with default route interface on 192.168.0.175 ( 192.168.0.175:62048 )
    INFO cellappmgr-1 999 6001  [2019-09-26 17:41:03 945] - NetworkInterface::initialize(INTERNAL-TCP): address 192.168.0.175:62048, SOMAXCONN=511.
    INFO cellappmgr-1 999 6001  [2019-09-26 17:41:03 945] - server-configs:
    INFO cellappmgr-1 999 6001  [2019-09-26 17:41:03 946] - 	internalTcpAddr : 192.168.0.175:62048
    INFO cellappmgr-1 999 6001  [2019-09-26 17:41:03 946] - 	componentID : 6001
    INFO cellappmgr-1 999 6001  [2019-09-26 17:41:05 451] - ---- cellappmgr Version: 2.5.7. ScriptVersion: 0.1.0. Pythoncore: 3.7.3. Protocol: AFC10615FCF531D416E7A56B687CCF1A. Config: Debug X86. Built: 14:20:35 Sep 18 2019. AppID: 6001. UID: 999. PID: 16644 ----
    INFO cellappmgr-1 999 6001  [2019-09-26 17:41:05 451] - Server ly_server_programer: Intel(R) Core(TM) i7-8700K CPU @ 3.70GHz with 2097151kB RAM
    INFO cellappmgr-1 999 6001  [2019-09-26 17:41:05 452] - ThreadPool::createThreadPool: creating  threadpool...
    INFO cellappmgr-1 999 6001  [2019-09-26 17:41:05 452] - ThreadPool::createThreadPool: successfully(2), newThreadCount=1, normalMaxThreadCount=2, maxThreadCount=8
    INFO cellappmgr-1 999 6001  [2019-09-26 17:41:05 735] - ---- cellappmgr is running ----
   DEBUG cellappmgr-1 999 6001  [2019-09-26 17:41:05 735] - Components::process(): Request for the process of identity...
    INFO cellappmgr-1 999 6001  [2019-09-26 17:41:12 954] - Components::findComponents: find logger(1)...
    INFO cellappmgr-1 999 6001  [2019-09-26 17:41:13 039] - Components::findComponents: found logger, addr:192.168.0.175:62055
    INFO cellappmgr-1 999 6001  [2019-09-26 17:41:13 040] - Components::addComponent: reset orderLog, uid=999!
    INFO cellappmgr-1 999 6001  [2019-09-26 17:41:13 040] - Components::addComponent[logger], uid=999, componentID=2001, globalorderid=1, grouporderid=1, totalcount=1
    INFO cellappmgr-1 999 6001  [2019-09-26 17:41:13 041] - Components::findComponents: find dbmgr(2)...
    INFO cellappmgr-1 999 6001  [2019-09-26 17:41:15 154] - Components::findComponents: find dbmgr(3)...
    INFO cellappmgr-1 999 6001  [2019-09-26 17:41:38 682] - -----------------------------------------------------------------------------------------


    INFO cellappmgr-1 999 6001  [2019-09-26 17:41:38 683] - Resmgr::initialize: KBE_ROOT=D:/Work/Svr/KBEngine_Bate/
    INFO cellappmgr-1 999 6001  [2019-09-26 17:41:38 683] - Resmgr::initialize: KBE_RES_PATH=D:/Work/Svr/KBEngine_Bate/kbe/res/;D:/Work/Svr/KBEngine_Bate/server_assets/;D:/Work/Svr/KBEngine_Bate/server_assets/scripts/;D:/Work/Svr/KBEngine_Bate/server_assets/res/
    INFO cellappmgr-1 999 6001  [2019-09-26 17:41:38 683] - Resmgr::initialize: KBE_BIN_PATH=D:/Work/Svr/KBEngine_Bate/kbe/bin/server/
    INFO cellappmgr-1 999 6001  [2019-09-26 17:41:38 698] - NetworkInterface::initialize(INTERNAL-TCP): bound to all interfaces with default route interface on 192.168.0.175 ( 192.168.0.175:62117 )
    INFO cellappmgr-1 999 6001  [2019-09-26 17:41:38 699] - NetworkInterface::initialize(INTERNAL-TCP): address 192.168.0.175:62117, SOMAXCONN=511.
    INFO cellappmgr-1 999 6001  [2019-09-26 17:41:38 699] - server-configs:
    INFO cellappmgr-1 999 6001  [2019-09-26 17:41:38 699] - 	internalTcpAddr : 192.168.0.175:62117
    INFO cellappmgr-1 999 6001  [2019-09-26 17:41:38 699] - 	componentID : 6001
 WARNING cellappmgr-1 999 6001  [2019-09-26 17:41:39 038] - BundleBroadcast::BundleBroadcast: Cannot bind to port 20510, errorno=10048
    INFO cellappmgr-1 999 6001  [2019-09-26 17:41:39 042] - ---- cellappmgr Version: 2.5.7. ScriptVersion: 0.1.0. Pythoncore: 3.7.3. Protocol: AFC10615FCF531D416E7A56B687CCF1A. Config: Debug X86. Built: 14:20:35 Sep 18 2019. AppID: 6001. UID: 999. PID: 15296 ----
    INFO cellappmgr-1 999 6001  [2019-09-26 17:41:39 042] - Server ly_server_programer: Intel(R) Core(TM) i7-8700K CPU @ 3.70GHz with 2097151kB RAM
    INFO cellappmgr-1 999 6001  [2019-09-26 17:41:39 043] - ThreadPool::createThreadPool: creating  threadpool...
    INFO cellappmgr-1 999 6001  [2019-09-26 17:41:39 043] - ThreadPool::createThreadPool: successfully(2), newThreadCount=1, normalMaxThreadCount=2, maxThreadCount=8
    INFO cellappmgr-1 999 6001  [2019-09-26 17:41:39 371] - ---- cellappmgr is running ----
   DEBUG cellappmgr-1 999 6001  [2019-09-26 17:41:39 371] - Components::process(): Request for the process of identity...
    INFO cellappmgr-1 999 6001  [2019-09-26 17:41:46 585] - Components::findComponents: find logger(1)...
    INFO cellappmgr-1 999 6001  [2019-09-26 17:41:46 604] - Components::findComponents: found logger, addr:192.168.0.175:62123
    INFO cellappmgr-1 999 6001  [2019-09-26 17:41:46 604] - Components::addComponent: reset orderLog, uid=999!
    INFO cellappmgr-1 999 6001  [2019-09-26 17:41:46 604] - Components::addComponent[logger], uid=999, componentID=2001, globalorderid=1, grouporderid=1, totalcount=1
    INFO cellappmgr-1 999 6001  [2019-09-26 17:41:46 605] - Components::findComponents: find dbmgr(2)...
    INFO cellappmgr-1 999 6001  [2019-09-26 17:41:48 724] - Components::findComponents: find dbmgr(3)...
    INFO cellappmgr-1 999 6001  [2019-09-26 17:41:50 744] - Components::findComponents: find dbmgr(4)...
    INFO cellappmgr-1 999 6001  [2019-09-26 17:41:52 764] - Components::findComponents: find dbmgr(5)...
    INFO cellappmgr-1 999 6001  [2019-09-26 17:41:54 785] - Components::findComponents: find dbmgr(6)...
    INFO cellappmgr-1 999 6001  [2019-09-26 17:41:56 805] - Components::findComponents: find dbmgr(7)...
    INFO cellappmgr-1 999 6001  [2019-09-26 17:41:58 824] - Components::findComponents: find dbmgr(8)...
    INFO cellappmgr-1 999 6001  [2019-09-26 17:42:00 844] - Components::findComponents: find dbmgr(9)...
 WARNING cellappmgr-1 999 6001  [2019-09-26 17:42:01 184] - BundleBroadcast::BundleBroadcast: Cannot bind to port 20274, errorno=10048
    INFO cellappmgr-1 999 6001  [2019-09-26 17:42:02 185] - Components::findComponents: find dbmgr(10)...
    INFO cellappmgr-1 999 6001  [2019-09-26 17:42:04 264] - Components::findComponents: find dbmgr(11)...
    INFO cellappmgr-1 999 6001  [2019-09-26 17:42:06 305] - Components::findComponents: find dbmgr(12)...
 WARNING cellappmgr-1 999 6001  [2019-09-26 17:42:06 642] - BundleBroadcast::BundleBroadcast: Cannot bind to port 20081, errorno=10048
    INFO cellappmgr-1 999 6001  [2019-09-26 17:42:07 644] - Components::findComponents: find dbmgr(13)...
    INFO cellappmgr-1 999 6001  [2019-09-26 17:42:09 724] - Components::findComponents: find dbmgr(14)...
    INFO cellappmgr-1 999 6001  [2019-09-26 17:42:11 744] - Components::findComponents: find dbmgr(15)...
    INFO cellappmgr-1 999 6001  [2019-09-26 17:42:13 764] - Components::findComponents: find dbmgr(16)...
 WARNING cellappmgr-1 999 6001  [2019-09-26 17:42:15 785] - Components::findComponents: find dbmgr(17)...
delay time is too long, please check the dbmgr logs!
 WARNING cellappmgr-1 999 6001  [2019-09-26 17:42:17 805] - Components::findComponents: find dbmgr(18)...
delay time is too long, please check the dbmgr logs!
 WARNING cellappmgr-1 999 6001  [2019-09-26 17:42:19 825] - Components::findComponents: find dbmgr(19)...
delay time is too long, please check the dbmgr logs!
 WARNING cellappmgr-1 999 6001  [2019-09-26 17:42:21 865] - Components::findComponents: find dbmgr(20)...
delay time is too long, please check the dbmgr logs!
 WARNING cellappmgr-1 999 6001  [2019-09-26 17:42:23 885] - Components::findComponents: find dbmgr(21)...
delay time is too long, please check the dbmgr logs!
 WARNING cellappmgr-1 999 6001  [2019-09-26 17:42:26 005] - Components::findComponents: find dbmgr(22)...
delay time is too long, please check the dbmgr logs!
 WARNING cellappmgr-1 999 6001  [2019-09-26 17:42:28 024] - Components::findComponents: find dbmgr(23)...
delay time is too long, please check the dbmgr logs!
 WARNING cellappmgr-1 999 6001  [2019-09-26 17:42:30 044] - Components::findComponents: find dbmgr(24)...
delay time is too long, please check the dbmgr logs!
 WARNING cellappmgr-1 999 6001  [2019-09-26 17:42:32 064] - Components::findComponents: find dbmgr(25)...
delay time is too long, please check the dbmgr logs!
 WARNING cellappmgr-1 999 6001  [2019-09-26 17:42:34 085] - Components::findComponents: find dbmgr(26)...
delay time is too long, please check the dbmgr logs!
 WARNING cellappmgr-1 999 6001  [2019-09-26 17:42:36 105] - Components::findComponents: find dbmgr(27)...
delay time is too long, please check the dbmgr logs!
 WARNING cellappmgr-1 999 6001  [2019-09-26 17:42:38 224] - Components::findComponents: find dbmgr(28)...
delay time is too long, please check the dbmgr logs!
 WARNING cellappmgr-1 999 6001  [2019-09-26 17:42:40 264] - Components::findComponents: find dbmgr(29)...
delay time is too long, please check the dbmgr logs!
 WARNING cellappmgr-1 999 6001  [2019-09-26 17:42:42 384] - Components::findComponents: find dbmgr(30)...
delay time is too long, please check the dbmgr logs!
 WARNING cellappmgr-1 999 6001  [2019-09-26 17:42:44 505] - Components::findComponents: find dbmgr(31)...
delay time is too long, please check the dbmgr logs!
 WARNING cellappmgr-1 999 6001  [2019-09-26 17:42:46 625] - Components::findComponents: find dbmgr(32)...
delay time is too long, please check the dbmgr logs!
 WARNING cellappmgr-1 999 6001  [2019-09-26 17:42:48 745] - Components::findComponents: find dbmgr(33)...
delay time is too long, please check the dbmgr logs!
 WARNING cellappmgr-1 999 6001  [2019-09-26 17:42:50 765] - Components::findComponents: find dbmgr(34)...
delay time is too long, please check the dbmgr logs!
 WARNING cellappmgr-1 999 6001  [2019-09-26 17:42:51 104] - BundleBroadcast::BundleBroadcast: Cannot bind to port 20458, errorno=10048
 WARNING cellappmgr-1 999 6001  [2019-09-26 17:42:52 104] - Components::findComponents: find dbmgr(35)...
delay time is too long, please check the dbmgr logs!
 WARNING cellappmgr-1 999 6001  [2019-09-26 17:42:54 205] - Components::findComponents: find dbmgr(36)...
delay time is too long, please check the dbmgr logs!
 WARNING cellappmgr-1 999 6001  [2019-09-26 17:42:56 324] - Components::findComponents: find dbmgr(37)...
delay time is too long, please check the dbmgr logs!
 WARNING cellappmgr-1 999 6001  [2019-09-26 17:42:58 345] - Components::findComponents: find dbmgr(38)...
delay time is too long, please check the dbmgr logs!
 WARNING cellappmgr-1 999 6001  [2019-09-26 17:43:00 365] - Components::findComponents: find dbmgr(39)...
delay time is too long, please check the dbmgr logs!
 WARNING cellappmgr-1 999 6001  [2019-09-26 17:43:02 385] - Components::findComponents: find dbmgr(40)...
delay time is too long, please check the dbmgr logs!
 WARNING cellappmgr-1 999 6001  [2019-09-26 17:43:04 505] - Components::findComponents: find dbmgr(41)...
delay time is too long, please check the dbmgr logs!
 WARNING cellappmgr-1 999 6001  [2019-09-26 17:43:06 525] - Components::findComponents: find dbmgr(42)...
delay time is too long, please check the dbmgr logs!
 WARNING cellappmgr-1 999 6001  [2019-09-26 17:43:08 544] - Components::findComponents: find dbmgr(43)...
delay time is too long, please check the dbmgr logs!
 WARNING cellappmgr-1 999 6001  [2019-09-26 17:43:10 564] - Components::findComponents: find dbmgr(44)...
delay time is too long, please check the dbmgr logs!
 WARNING cellappmgr-1 999 6001  [2019-09-26 17:43:12 584] - Components::findComponents: find dbmgr(45)...
delay time is too long, please check the dbmgr logs!
 WARNING cellappmgr-1 999 6001  [2019-09-26 17:43:14 604] - Components::findComponents: find dbmgr(46)...
delay time is too long, please check the dbmgr logs!
 WARNING cellappmgr-1 999 6001  [2019-09-26 17:43:16 624] - Components::findComponents: find dbmgr(47)...
delay time is too long, please check the dbmgr logs!
 WARNING cellappmgr-1 999 6001  [2019-09-26 17:43:18 665] - Components::findComponents: find dbmgr(48)...
delay time is too long, please check the dbmgr logs!
 WARNING cellappmgr-1 999 6001  [2019-09-26 17:43:20 685] - Components::findComponents: find dbmgr(49)...
delay time is too long, please check the dbmgr logs!
 WARNING cellappmgr-1 999 6001  [2019-09-26 17:43:22 704] - Components::findComponents: find dbmgr(50)...
delay time is too long, please check the dbmgr logs!
 WARNING cellappmgr-1 999 6001  [2019-09-26 17:43:24 724] - Components::findComponents: find dbmgr(51)...
delay time is too long, please check the dbmgr logs!
 WARNING cellappmgr-1 999 6001  [2019-09-26 17:43:26 745] - Components::findComponents: find dbmgr(52)...
delay time is too long, please check the dbmgr logs!
 WARNING cellappmgr-1 999 6001  [2019-09-26 17:43:28 864] - Components::findComponents: find dbmgr(53)...
delay time is too long, please check the dbmgr logs!
 WARNING cellappmgr-1 999 6001  [2019-09-26 17:43:30 885] - Components::findComponents: find dbmgr(54)...
delay time is too long, please check the dbmgr logs!
 WARNING cellappmgr-1 999 6001  [2019-09-26 17:43:32 904] - Components::findComponents: find dbmgr(55)...
delay time is too long, please check the dbmgr logs!
 WARNING cellappmgr-1 999 6001  [2019-09-26 17:43:34 924] - Components::findComponents: find dbmgr(56)...
delay time is too long, please check the dbmgr logs!
    INFO cellappmgr-1 999 6001  [2019-09-26 17:43:47 894] - -----------------------------------------------------------------------------------------


    INFO cellappmgr-1 999 6001  [2019-09-26 17:43:47 894] - Resmgr::initialize: KBE_ROOT=D:/Work/Svr/KBEngine_Bate/
    INFO cellappmgr-1 999 6001  [2019-09-26 17:43:47 894] - Resmgr::initialize: KBE_RES_PATH=D:/Work/Svr/KBEngine_Bate/kbe/res/;D:/Work/Svr/KBEngine_Bate/server_assets/;D:/Work/Svr/KBEngine_Bate/server_assets/scripts/;D:/Work/Svr/KBEngine_Bate/server_assets/res/
    INFO cellappmgr-1 999 6001  [2019-09-26 17:43:47 895] - Resmgr::initialize: KBE_BIN_PATH=D:/Work/Svr/KBEngine_Bate/kbe/bin/server/
    INFO cellappmgr-1 999 6001  [2019-09-26 17:43:47 904] - NetworkInterface::initialize(INTERNAL-TCP): bound to all interfaces with default route interface on 192.168.0.175 ( 192.168.0.175:62336 )
    INFO cellappmgr-1 999 6001  [2019-09-26 17:43:47 904] - NetworkInterface::initialize(INTERNAL-TCP): address 192.168.0.175:62336, SOMAXCONN=511.
    INFO cellappmgr-1 999 6001  [2019-09-26 17:43:47 904] - server-configs:
    INFO cellappmgr-1 999 6001  [2019-09-26 17:43:47 904] - 	internalTcpAddr : 192.168.0.175:62336
    INFO cellappmgr-1 999 6001  [2019-09-26 17:43:47 904] - 	componentID : 6001
 WARNING cellappmgr-1 999 6001  [2019-09-26 17:43:48 244] - BundleBroadcast::BundleBroadcast: Cannot bind to port 20449, errorno=10048
    INFO cellappmgr-1 999 6001  [2019-09-26 17:43:48 247] - ---- cellappmgr Version: 2.5.7. ScriptVersion: 0.1.0. Pythoncore: 3.7.3. Protocol: AFC10615FCF531D416E7A56B687CCF1A. Config: Debug X86. Built: 14:20:35 Sep 18 2019. AppID: 6001. UID: 999. PID: 24144 ----
    INFO cellappmgr-1 999 6001  [2019-09-26 17:43:48 247] - Server ly_server_programer: Intel(R) Core(TM) i7-8700K CPU @ 3.70GHz with 2097151kB RAM
    INFO cellappmgr-1 999 6001  [2019-09-26 17:43:48 248] - ThreadPool::createThreadPool: creating  threadpool...
    INFO cellappmgr-1 999 6001  [2019-09-26 17:43:48 248] - ThreadPool::createThreadPool: successfully(2), newThreadCount=1, normalMaxThreadCount=2, maxThreadCount=8
    INFO cellappmgr-1 999 6001  [2019-09-26 17:43:48 539] - ---- cellappmgr is running ----
   DEBUG cellappmgr-1 999 6001  [2019-09-26 17:43:48 540] - Components::process(): Request for the process of identity...
    INFO cellappmgr-1 999 6001  [2019-09-26 17:43:55 769] - Components::findComponents: find logger(1)...
    INFO cellappmgr-1 999 6001  [2019-09-26 17:43:55 806] - Components::findComponents: found logger, addr:192.168.0.175:62339
    INFO cellappmgr-1 999 6001  [2019-09-26 17:43:55 806] - Components::addComponent: reset orderLog, uid=999!
    INFO cellappmgr-1 999 6001  [2019-09-26 17:43:55 806] - Components::addComponent[logger], uid=999, componentID=2001, globalorderid=1, grouporderid=1, totalcount=1
    INFO cellappmgr-1 999 6001  [2019-09-26 17:43:55 807] - Components::findComponents: find dbmgr(2)...
    INFO cellappmgr-1 999 6001  [2019-09-26 17:43:57 909] - Components::findComponents: find dbmgr(3)...
    INFO cellappmgr-1 999 6001  [2019-09-26 17:43:59 949] - Components::findComponents: find dbmgr(4)...
